Scenario - _RPSL_wordrec
Logfile written - 09/26/2019 12:54:38

Subject	Trial	Event Type	Code	Time	TTime	Uncertainty	Duration	Uncertainty	ReqTime	ReqDur	Stim Type	Pair Index

b2308	1	Picture	instruct	166	0	1	292685	1	0	next	other	0
b2308	1	Response	1	292759	292593	0
b2308	2	Sound	zabetu.wav	304838	11987	1			12000		other	0
b2308	3	Picture	ISI	312518	0	1	5167	1	0	next	other	0
b2308	4	Sound	dizabe.wav	319341	1655	1			0		other	0
b2308	5	Picture	Wait for response	327019	0	1	39336	1	0	next	other	0
b2308	5	Response	3	366198	39179	0
b2308	6	Sound	nugadi.wav	378345	11990	1			12000		other	0
b2308	7	Picture	ISI	386023	0	2	5167	2	0	next	other	0
b2308	8	Sound	lanuga.wav	392342	1153	1			0		other	0
b2308	9	Picture	Wait for response	400024	0	2	7167	3	0	next	other	0
b2308	9	Response	3	406998	6974	0
b2308	10	Sound	dizabe.wav	419182	11991	1			12000		other	0
b2308	11	Picture	ISI	426859	0	1	5166	2	0	next	other	0
b2308	12	Sound	rokise.wav	433343	1318	1			0		other	0
b2308	13	Picture	Wait for response	441026	0	1	4167	1	0	next	other	0
b2308	13	Response	2	444998	3972	0
b2308	14	Sound	mipola.wav	457185	11992	1			12000		other	0
b2308	15	Picture	ISI	464861	0	1	5167	1	0	next	other	0
b2308	16	Sound	dizabe.wav	471344	1316	1			0		other	0
b2308	17	Picture	Wait for response	479029	0	1	3322	13	0	next	other	0
b2308	17	Response	3	482278	3250	0
b2308	18	Sound	zabetu.wav	494342	11992	1			12000		other	0
b2308	19	Picture	ISI	502030	0	1	5167	1	0	next	other	0
b2308	20	Sound	turoki.wav	508346	1149	1			0		other	0
b2308	21	Picture	Wait for response	516031	0	1	5500	1	0	next	other	0
b2308	21	Response	3	521478	5447	0
b2308	22	Sound	rokise.wav	533523	11992	1			12000		other	0
b2308	23	Picture	ISI	541199	0	1	5167	2	0	next	other	0
b2308	24	Sound	turoki.wav	548345	1979	1			0		other	0
b2308	25	Picture	Wait for response	556033	0	1	3990	14	0	next	other	0
b2308	25	Response	3	559958	3925	0
b2308	26	Sound	turoki.wav	572017	11993	1			12000		other	0
b2308	27	Picture	ISI	579701	0	1	5167	1	0	next	other	0
b2308	28	Sound	nugadi.wav	586348	1479	1			0		other	0
b2308	29	Picture	Wait for response	594035	0	1	3834	1	0	next	other	0
b2308	29	Response	2	597798	3763	0
b2308	30	Sound	turoki.wav	609862	11993	1			12000		other	0
b2308	31	Picture	ISI	617537	0	1	5167	1	0	next	other	0
b2308	32	Sound	mipola.wav	624349	1645	1			0		other	0
b2308	33	Picture	Wait for response	632038	0	1	2500	1	0	next	other	0
b2308	33	Response	2	634438	2400	0
b2308	34	Sound	nugadi.wav	646532	11994	1			12000		other	0
b2308	35	Picture	ISI	654206	0	1	5167	1	0	next	other	0
b2308	36	Sound	semipo.wav	661349	1976	1			0		other	0
b2308	37	Picture	Wait for response	668873	0	1	28835	1	0	next	other	0
b2308	37	Response	2	697638	28765	0
b2308	38	Sound	lanuga.wav	709702	11994	1			12000		other	0
b2308	39	Picture	ISI	717376	0	1	5166	3	0	next	other	0
b2308	40	Sound	zabetu.wav	724350	1808	1			0		other	0
b2308	41	Picture	Wait for response	731877	0	1	3500	2	0	next	other	0
b2308	41	Response	2	735238	3360	0
b2308	42	Sound	rokise.wav	747372	11994	1			12000		other	0
b2308	43	Picture	ISI	755045	0	1	5167	1	0	next	other	0
b2308	44	Sound	semipo.wav	761352	1139	1			0		other	0
b2308	45	Picture	Wait for response	768880	0	1	31669	1	0	next	other	0
b2308	45	Response	2	800358	31478	0
b2308	46	Sound	semipo.wav	812544	11996	1			12000		other	0
b2308	47	Picture	ISI	820216	0	1	5167	1	0	next	other	0
b2308	48	Sound	mipola.wav	826353	970	1			0		other	0
b2308	49	Picture	Wait for response	833884	0	1	14668	1	0	next	other	0
b2308	49	Response	2	848358	14474	0
b2308	50	Sound	semipo.wav	860547	11996	1			12000		other	0
b2308	51	Picture	ISI	868219	0	1	5167	1	0	next	other	0
b2308	52	Sound	zabetu.wav	874355	969	1			0		other	0
b2308	53	Picture	Wait for response	881886	0	1	27168	1	0	next	other	0
b2308	53	Response	3	908998	27111	0
b2308	54	Sound	mipola.wav	921050	11995	1			12000		other	0
b2308	55	Picture	ISI	928722	0	1	5167	1	0	next	other	0
b2308	56	Sound	lanuga.wav	935355	1466	1			0		other	0
b2308	57	Picture	Wait for response	942890	0	1	6000	1	0	next	other	0
b2308	57	Response	3	948758	5868	0
b2308	58	Sound	lanuga.wav	960886	11996	1			12000		other	0
b2308	59	Picture	ISI	968558	0	1	5167	1	0	next	other	0
b2308	60	Sound	rokise.wav	975357	1631	1			0		other	0
b2308	61	Picture	Wait for response	982893	0	1	5833	2	0	next	other	0
b2308	61	Response	2	988598	5705	0
b2308	62	Sound	dizabe.wav	1000721	11995	1			12000		other	0
b2308	63	Picture	ISI	1008394	0	1	5167	1	0	next	other	0
b2308	64	Sound	nugadi.wav	1015357	1796	1			0		other	0
b2308	65	Picture	Wait for response	1022895	0	1	14334	1	0	next	other	0
b2308	65	Response	2	1037158	14263	0
b2308	66	Picture	exp_end	1037229	0	1	33310	1	0	next	other	0


{
   "app": "Presentation Version 20.0 Build 07.26.17",
   "device": "FUJITSU CELSIUS M740B",
   "experiment": "{16CD3F60-04EC-4047-A39C-DBD7F4656802}",
   "os": "Windows 10 64 bit",
   "package": "",
   "parameters": {
      "configuration": "Default configuration"
   },
   "scenario": "RPSL_wordrec.sce",
   "subject": "b2308",
   "timestamp": "2019/09/26 10:52:22 GMT"
}
