Scenario - _RPSL_wordrec
Logfile written - 10/04/2019 09:58:24
      

Subject	Trial	Event Type	Code	Time	TTime	Uncertainty	Duration	Uncertainty	ReqTime	ReqDur	Stim Type	Pair Index

k2112	1	Picture	instruct	333	0	1	279683	2	0	next	other	0
k2112	1	Response	1	279636	279303	0
k2112	2	Sound	mipola.wav	292015	11999	1			12000		other	0
k2112	3	Picture	ISI	299684	0	2	5167	2	0	next	other	0
k2112	4	Sound	lanuga.wav	304956	105	1			0		other	0
k2112	5	Picture	Wait for response	312518	0	1	14834	1	0	next	other	0
k2112	5	Response	3	327156	14638	0
k2112	6	Sound	nugadi.wav	339352	12000	1			12000		other	0
k2112	7	Picture	ISI	347020	0	1	5167	2	0	next	other	0
k2112	8	Sound	semipo.wav	352358	171	1			0		other	0
k2112	9	Picture	Wait for response	360021	0	1	19001	1	0	next	other	0
k2112	9	Response	2	378676	18655	0
k2112	10	Sound	zabetu.wav	391023	12000	1			12000		other	0
k2112	11	Picture	ISI	398690	0	1	5167	1	0	next	other	0
k2112	12	Sound	dizabe.wav	403960	103	1			0		other	0
k2112	13	Picture	Wait for response	411524	0	1	10334	1	0	next	other	0
k2112	13	Response	2	421796	10272	0
k2112	14	Sound	mipola.wav	433858	12000	1			12000		other	0
k2112	15	Picture	ISI	441526	0	1	5167	2	0	next	other	0
k2112	16	Sound	dizabe.wav	446860	167	1			0		other	0
k2112	17	Picture	Wait for response	454527	0	1	8167	1	0	next	other	0
k2112	17	Response	2	462436	7909	0
k2112	18	Sound	turoki.wav	474693	11999	1			12000		other	0
k2112	19	Picture	ISI	482362	0	1	5167	1	0	next	other	0
k2112	20	Sound	nugadi.wav	487661	132	1			0		other	0
k2112	21	Picture	Wait for response	495196	0	1	14168	1	0	next	other	0
k2112	21	Response	3	509156	13960	0
k2112	22	Sound	rokise.wav	521363	11999	1			12000		other	0
k2112	23	Picture	ISI	529031	0	1	5167	1	0	next	other	0
k2112	24	Sound	semipo.wav	534363	165	1			0		other	0
k2112	25	Picture	Wait for response	542032	0	1	10501	1	0	next	other	0
k2112	25	Response	3	552356	10324	0
k2112	26	Sound	dizabe.wav	564532	11999	1			12000		other	0
k2112	27	Picture	ISI	572201	0	1	5167	1	0	next	other	0
k2112	28	Sound	nugadi.wav	577564	196	1			0		other	0
k2112	29	Picture	Wait for response	585201	0	1	6334	1	0	next	other	0
k2112	29	Response	2	591476	6274	0
k2112	30	Sound	dizabe.wav	603535	12000	1			12000		other	0
k2112	31	Picture	ISI	611203	0	1	5167	1	0	next	other	0
k2112	32	Sound	rokise.wav	616565	195	1			0		other	0
k2112	33	Picture	Wait for response	624204	0	1	12834	1	0	next	other	0
k2112	33	Response	2	636996	12793	0
k2112	34	Sound	nugadi.wav	649038	12000	1			12000		other	0
k2112	35	Picture	ISI	656706	0	1	5167	2	0	next	other	0
k2112	36	Sound	lanuga.wav	661966	93	1			0		other	0
k2112	37	Picture	Wait for response	669540	0	1	45170	1	0	next	other	0
k2112	37	Response	3	714516	44977	0
k2112	38	Sound	lanuga.wav	726708	11999	1			12000		other	0
k2112	39	Picture	ISI	734377	0	2	5167	2	0	next	other	0
k2112	40	Sound	rokise.wav	739669	124	1			0		other	0
k2112	41	Picture	Wait for response	747211	0	1	40669	1	0	next	other	0
k2112	41	Response	3	787797	40586	0
k2112	42	Sound	semipo.wav	799880	11999	1			12000		other	0
k2112	43	Picture	ISI	807548	0	1	5167	2	0	next	other	0
k2112	44	Sound	mipola.wav	812871	156	1			0		other	0
k2112	45	Picture	Wait for response	820549	0	1	15001	2	0	next	other	0
k2112	45	Response	2	835397	14848	0
k2112	46	Sound	rokise.wav	847549	11999	1			12000		other	0
k2112	47	Picture	ISI	855218	0	1	5167	1	0	next	other	0
k2112	48	Sound	turoki.wav	860572	187	1			0		other	0
k2112	49	Picture	Wait for response	868218	0	1	13834	2	0	next	other	0
k2112	49	Response	3	881876	13658	0
k2112	50	Sound	semipo.wav	894052	12000	1			12000		other	0
k2112	51	Picture	ISI	901720	0	1	5166	2	0	next	other	0
k2112	52	Sound	zabetu.wav	907073	187	1			0		other	0
k2112	53	Picture	Wait for response	914721	0	1	13167	2	0	next	other	0
k2112	53	Response	2	927796	13075	0
k2112	54	Sound	lanuga.wav	939888	12000	1			12000		other	0
k2112	55	Picture	ISI	947556	0	2	5167	2	0	next	other	0
k2112	56	Sound	zabetu.wav	952874	151	1			0		other	0
k2112	57	Picture	Wait for response	960557	0	1	14334	2	0	next	other	0
k2112	57	Response	2	974757	14200	0
k2112	58	Sound	turoki.wav	986890	11999	1			12000		other	0
k2112	59	Picture	ISI	994559	0	1	5167	1	0	next	other	0
k2112	60	Sound	mipola.wav	999876	150	1			0		other	0
k2112	61	Picture	Wait for response	1007560	0	1	24501	1	0	next	other	0
k2112	61	Response	2	1031956	24396	0
k2112	62	Sound	zabetu.wav	1044061	11999	1			12000		other	0
k2112	63	Picture	ISI	1051730	0	1	5167	1	0	next	other	0
k2112	64	Sound	turoki.wav	1057078	181	1			0		other	0
k2112	65	Picture	Wait for response	1064730	0	1	9001	2	0	next	other	0
k2112	65	Response	3	1073636	8906	0
k2112	66	Picture	exp_end	1073731	0	1	32107	1	0	next	other	0


{
   "app": "Presentation Version 20.0 Build 07.26.17",
   "device": "FUJITSU CELSIUS M740B",
   "experiment": "{16CD3F60-04EC-4047-A39C-DBD7F4656802}",
   "os": "Windows 10 64 bit",
   "package": "",
   "parameters": {
      "configuration": "Default configuration"
   },
   "scenario": "RPSL_wordrec.sce",
   "subject": "k2112",
   "timestamp": "2019/10/04 07:56:25 GMT"
}
