Scenario - _RPSL_incidental
Logfile written - 10/03/2019 13:47:51

Subject	Trial	Event Type	Code	Time	TTime	Uncertainty	Duration	Uncertainty	ReqTime	ReqDur	Stim Type	Pair Index

d2006	1	Picture	instruct	333	0	1	28002	1	0	next	other	0
d2006	1	Response	1	28114	27781	1
d2006	2	Sound	po	63338	35003	1			35000		other	0
d2006	3	Audio Cue	za	66150	147	1			0		other	0
d2006	3	Sound	cue_linfade_exp_seq_A_04.wav	66150	147	1			0		hit	11
d2006	3	Audio Cue	be	68650	2646	1			0		other	0
d2006	3	Audio Cue	tu	71149	5145	1			0		other	0
d2006	3	Audio Cue	ro	73650	7646	1			0		other	0
d2006	3	Audio Cue	ki	76150	10147	1			0		other	0
d2006	3	Audio Cue	se	78650	12647	1			0		other	0
d2006	3	Response	1	80354	14350	1
d2006	3	Audio Cue	mi	81150	15147	1			0		other	0
d2006	3	Audio Cue	po	83650	17646	1			0		other	0
d2006	3	Audio Cue	la	86150	20147	1			0		other	0
d2006	3	Response	1	88193	22190	1
d2006	3	Audio Cue	ro	88651	22647	1			0		other	0
d2006	3	Audio Cue	ki	91151	25148	1			0		other	0
d2006	3	Audio Cue	se	93651	27648	1			0		other	0
d2006	3	Audio Cue	nu	96150	30147	1			0		other	0
d2006	3	Audio Cue	ga	98651	32647	1			0		other	0
d2006	3	Audio Cue	di	101151	35147	1			0		other	0
d2006	3	Audio Cue	ro	103652	37648	1			0		other	0
d2006	3	Audio Cue	ki	106151	40148	1			0		other	0
d2006	3	Response	1	107634	41630	1
d2006	3	Audio Cue	se	108651	42647	1			0		other	0
d2006	3	Audio Cue	za	111151	45147	1			0		other	0
d2006	3	Audio Cue	be	113651	47647	1			0		other	0
d2006	3	Audio Cue	tu	116151	50148	1			0		other	0
d2006	3	Audio Cue	mi	118651	52647	1			0		other	0
d2006	3	Audio Cue	po	121151	55148	1			0		other	0
d2006	3	Audio Cue	la	123652	57648	1			0		other	0
d2006	3	Response	1	124354	58350	1
d2006	3	Audio Cue	nu	126151	60148	1			0		other	0
d2006	3	Audio Cue	ga	128651	62648	1			0		other	0
d2006	3	Audio Cue	di	131152	65148	1			0		other	0
d2006	3	Audio Cue	mi	133652	67648	1			0		other	0
d2006	3	Audio Cue	po	136152	70148	1			0		other	0
d2006	3	Audio Cue	la	138651	72648	1			0		other	0
d2006	3	Response	1	139073	73069	1
d2006	3	Audio Cue	ro	141152	75148	1			0		other	0
d2006	3	Audio Cue	ki	143652	77648	1			0		other	0
d2006	3	Audio Cue	se	146152	80148	1			0		other	0
d2006	3	Audio Cue	nu	148652	82648	1			0		other	0
d2006	3	Audio Cue	ga	151152	85149	1			0		other	0
d2006	3	Audio Cue	di	153653	87649	1			0		other	0
d2006	3	Audio Cue	za	156152	90148	1			0		other	0
d2006	3	Audio Cue	be	158653	92649	1			0		other	0
d2006	3	Audio Cue	tu	161153	95149	1			0		other	0
d2006	3	Audio Cue	nu	163653	97649	1			0		other	0
d2006	3	Audio Cue	ga	166152	100148	1			0		other	0
d2006	3	Audio Cue	di	168653	102649	1			0		other	0
d2006	3	Audio Cue	mi	171152	105149	1			0		other	0
d2006	3	Audio Cue	po	173654	107650	1			0		other	0
d2006	3	Response	1	175873	109870	1
d2006	3	Audio Cue	la	176153	110149	1			0		other	0
d2006	3	Audio Cue	ro	178654	112650	1			0		other	0
d2006	3	Audio Cue	ki	181153	115149	1			0		other	0
d2006	3	Audio Cue	se	183653	117649	1			0		other	0
d2006	3	Audio Cue	nu	186153	120150	1			0		other	0
d2006	3	Audio Cue	ga	188654	122650	1			0		other	0
d2006	3	Audio Cue	di	191154	125150	1			0		other	0
d2006	3	Audio Cue	mi	193654	127650	1			0		other	0
d2006	3	Audio Cue	po	196153	130150	1			0		other	0
d2006	3	Response	1	198193	132190	1
d2006	3	Audio Cue	la	198653	132649	1			0		other	0
d2006	3	Audio Cue	za	201153	135150	1			0		other	0
d2006	3	Audio Cue	be	203654	137650	1			0		other	0
d2006	3	Audio Cue	tu	206154	140151	1			0		other	0
d2006	3	Audio Cue	ro	208654	142650	1			0		other	0
d2006	3	Audio Cue	ki	211154	145151	1			0		other	0
d2006	3	Audio Cue	se	213655	147651	1			0		other	0
d2006	3	Audio Cue	nu	216155	150151	1			0		other	0
d2006	3	Audio Cue	ga	218655	152651	1			0		other	0
d2006	3	Audio Cue	di	221154	155151	1			0		other	0
d2006	3	Audio Cue	mi	223655	157652	1			0		other	0
d2006	3	Audio Cue	po	226155	160151	1			0		other	0
d2006	3	Response	1	227554	161550	1
d2006	3	Audio Cue	la	228655	162651	1			0		other	0
d2006	3	Audio Cue	ro	231155	165151	1			0		other	0
d2006	3	Audio Cue	ki	233655	167652	1			0		other	0
d2006	3	Audio Cue	se	236155	170151	1			0		other	0
d2006	3	Audio Cue	za	238655	172651	1			0		other	0
d2006	3	Audio Cue	be	241156	175152	1			0		other	0
d2006	3	Audio Cue	tu	243656	177652	1			0		other	0
d2006	3	Audio Cue	nu	246154	180151	1			0		other	0
d2006	3	Audio Cue	ga	248655	182652	1			0		other	0
d2006	3	Audio Cue	di	251156	185152	1			0		other	0
d2006	3	Audio Cue	mi	253656	187652	1			0		other	0
d2006	3	Audio Cue	po	256156	190152	1			0		other	0
d2006	3	Audio Cue	la	258655	192651	1			0		other	0
d2006	3	Response	1	259234	193230	1
d2006	3	Audio Cue	za	261157	195153	1			0		other	0
d2006	3	Audio Cue	be	263655	197652	1			0		other	0
d2006	3	Audio Cue	tu	266156	200152	1			0		other	0
d2006	3	Audio Cue	ro	268656	202652	1			0		other	0
d2006	3	Audio Cue	ki	271156	205152	1			0		other	0
d2006	3	Audio Cue	se	273656	207653	1			0		other	0
d2006	3	Audio Cue	za	276156	210152	1			0		other	0
d2006	3	Audio Cue	be	278656	212653	1			0		other	0
d2006	3	Audio Cue	tu	281157	215153	1			0		other	0
d2006	3	Audio Cue	ro	283657	217653	1			0		other	0
d2006	3	Audio Cue	ki	286157	220153	1			0		other	0
d2006	3	Audio Cue	se	288656	222653	1			0		other	0
d2006	3	Audio Cue	mi	291157	225153	1			0		other	0
d2006	3	Audio Cue	po	293657	227653	1			0		other	0
d2006	3	Audio Cue	la	296156	230153	1			0		other	0
d2006	3	Response	1	296434	230430	1
d2006	3	Audio Cue	za	298657	232653	1			0		other	0
d2006	3	Audio Cue	be	301157	235154	1			0		other	0
d2006	3	Audio Cue	tu	303657	237653	1			0		other	0
d2006	3	Audio Cue	nu	306157	240154	1			0		other	0
d2006	3	Audio Cue	ga	308657	242654	1			0		other	0
d2006	3	Audio Cue	di	311157	245154	1			0		other	0
d2006	3	Audio Cue	mi	313658	247654	1			0		other	0
d2006	3	Audio Cue	po	316157	250153	1			0		other	0
d2006	3	Response	1	318114	252110	1
d2006	3	Audio Cue	la	318658	252654	1			0		other	0
d2006	3	Audio Cue	za	321158	255155	1			0		other	0
d2006	3	Audio Cue	be	323658	257654	1			0		other	0
d2006	3	Audio Cue	tu	326158	260154	1			0		other	0
d2006	3	Audio Cue	nu	328658	262654	1			0		other	0
d2006	3	Audio Cue	ga	331158	265154	1			0		other	0
d2006	3	Audio Cue	di	333658	267654	1			0		other	0
d2006	3	Audio Cue	za	336158	270154	1			0		other	0
d2006	3	Audio Cue	be	338658	272654	1			0		other	0
d2006	3	Audio Cue	tu	341159	275155	1			0		other	0
d2006	3	Audio Cue	nu	343658	277654	1			0		other	0
d2006	3	Audio Cue	ga	346159	280156	1			0		other	0
d2006	3	Audio Cue	di	348659	282655	1			0		other	0
d2006	3	Audio Cue	za	351159	285155	1			0		other	0
d2006	3	Audio Cue	be	353659	287655	1			0		other	0
d2006	3	Audio Cue	tu	356158	290155	1			0		other	0
d2006	3	Audio Cue	mi	358658	292654	1			0		other	0
d2006	3	Audio Cue	po	361159	295155	1			0		other	0
d2006	3	Response	1	363314	297310	1
d2006	3	Audio Cue	la	363659	297655	1			0		other	0
d2006	3	Audio Cue	nu	366159	300156	1			0		other	0
d2006	3	Audio Cue	ga	368660	302656	1			0		other	0
d2006	3	Audio Cue	di	371160	305156	1			0		other	0
d2006	3	Audio Cue	ro	373659	307655	1			0		other	0
d2006	3	Audio Cue	ki	376159	310155	1			0		other	0
d2006	3	Audio Cue	se	378660	312656	1			0		other	0
d2006	3	Audio Cue	nu	381160	315156	1			0		other	0
d2006	3	Audio Cue	ga	383660	317656	1			0		other	0
d2006	3	Audio Cue	di	386160	320156	1			0		other	0
d2006	3	Audio Cue	ro	388660	322656	1			0		other	0
d2006	3	Audio Cue	ki	391160	325156	1			0		other	0
d2006	3	Audio Cue	se	393660	327656	1			0		other	0
d2006	3	Audio Cue	za	396161	330157	1			0		other	0
d2006	3	Audio Cue	be	398659	332656	1			0		other	0
d2006	3	Audio Cue	tu	401159	335156	1			0		other	0
d2006	3	Audio Cue	ro	403660	337657	1			0		other	0
d2006	3	Audio Cue	ki	406161	340157	1			0		other	0
d2006	3	Audio Cue	se	408660	342656	1			0		other	0
d2006	3	Audio Cue	za	411161	345157	1			0		other	0
d2006	3	Audio Cue	be	413661	347657	1			0		other	0
d2006	3	Audio Cue	tu	416161	350157	1			0		other	0
d2006	3	Audio Cue	mi	418662	352658	1			0		other	0
d2006	3	Audio Cue	po	421161	355157	1			0		other	0
d2006	3	Audio Cue	la	423661	357657	1			0		other	0
d2006	3	Response	1	424194	358190	1
d2006	3	Audio Cue	nu	426161	360157	1			0		other	0
d2006	3	Audio Cue	ga	428661	362657	1			0		other	0
d2006	3	Audio Cue	di	431161	365157	1			0		other	0
d2006	3	Audio Cue	ro	433661	367657	1			0		other	0
d2006	3	Audio Cue	ki	436162	370158	1			0		other	0
d2006	3	Audio Cue	se	438662	372658	1			0		other	0
d2006	3	Audio Cue	za	441162	375158	1			0		other	0
d2006	3	Audio Cue	be	443661	377657	1			0		other	0
d2006	3	Audio Cue	tu	446162	380158	1			0		other	0
d2006	3	Audio Cue	ro	448662	382658	1			0		other	0
d2006	3	Audio Cue	ki	451162	385158	1			0		other	0
d2006	3	Audio Cue	se	453663	387659	1			0		other	0
d2006	3	Audio Cue	za	456162	390158	1			0		other	0
d2006	3	Audio Cue	be	458662	392658	1			0		other	0
d2006	3	Audio Cue	tu	461163	395159	1			0		other	0
d2006	3	Audio Cue	nu	463662	397658	1			0		other	0
d2006	3	Audio Cue	ga	466162	400159	1			0		other	0
d2006	3	Audio Cue	di	468662	402658	1			0		other	0
d2006	3	Audio Cue	mi	471163	405159	1			0		other	0
d2006	3	Audio Cue	po	473662	407659	1			0		other	0
d2006	3	Audio Cue	la	476162	410158	1			0		other	0
d2006	3	Response	1	476674	410670	1
d2006	3	Audio Cue	ro	478663	412659	1			0		other	0
d2006	3	Audio Cue	ki	481163	415159	1			0		other	0
d2006	3	Audio Cue	se	483662	417658	1			0		other	0
d2006	3	Audio Cue	za	486164	420160	1			0		other	0
d2006	3	Audio Cue	be	488663	422659	1			0		other	0
d2006	3	Audio Cue	tu	491163	425159	1			0		other	0
d2006	3	Audio Cue	mi	493663	427659	1			0		other	0
d2006	3	Audio Cue	po	496163	430159	1			0		other	0
d2006	3	Audio Cue	la	498663	432659	1			0		other	0
d2006	3	Response	1	499074	433070	1
d2006	3	Audio Cue	nu	501163	435160	1			0		other	0
d2006	3	Audio Cue	ga	503664	437660	1			0		other	0
d2006	3	Audio Cue	di	506164	440160	1			0		other	0
d2006	3	Audio Cue	mi	508663	442659	1			0		other	0
d2006	3	Audio Cue	po	511164	445160	1			0		other	0
d2006	3	Audio Cue	la	513664	447660	1			0		other	0
d2006	3	Audio Cue	ro	516164	450160	1			0		other	0
d2006	3	Audio Cue	ki	518664	452660	1			0		other	0
d2006	3	Audio Cue	se	521163	455160	1			0		other	0
d2006	3	Audio Cue	nu	523664	457660	1			0		other	0
d2006	3	Audio Cue	ga	526164	460160	1			0		other	0
d2006	3	Audio Cue	di	528664	462661	1			0		other	0
d2006	3	Audio Cue	mi	531164	465160	1			0		other	0
d2006	3	Audio Cue	po	533665	467661	1			0		other	0
d2006	3	Response	1	536114	470111	1
d2006	3	Audio Cue	la	536164	470160	1			0		other	0
d2006	3	Audio Cue	za	538665	472661	1			0		other	0
d2006	3	Audio Cue	be	541165	475161	1			0		other	0
d2006	3	Audio Cue	tu	543665	477661	1			0		other	0
d2006	3	Audio Cue	mi	546165	480161	1			0		other	0
d2006	3	Audio Cue	po	548664	482660	1			0		other	0
d2006	3	Audio Cue	la	551165	485161	1			0		other	0
d2006	3	Response	1	551794	485790	1
d2006	3	Audio Cue	za	553665	487662	1			0		other	0
d2006	3	Audio Cue	be	556164	490160	1			0		other	0
d2006	3	Audio Cue	tu	558665	492661	1			0		other	0
d2006	3	Audio Cue	nu	561166	495162	1			0		other	0
d2006	3	Audio Cue	ga	563665	497661	1			0		other	0
d2006	3	Audio Cue	di	566165	500161	1			0		other	0
d2006	3	Audio Cue	mi	568665	502662	1			0		other	0
d2006	3	Audio Cue	po	571166	505162	1			0		other	0
d2006	3	Audio Cue	la	573665	507662	1			0		other	0
d2006	3	Response	1	573874	507870	1
d2006	3	Audio Cue	nu	576166	510162	1			0		other	0
d2006	3	Audio Cue	ga	578666	512662	1			0		other	0
d2006	3	Audio Cue	di	581166	515162	1			0		other	0
d2006	3	Audio Cue	ro	583666	517662	1			0		other	0
d2006	3	Audio Cue	ki	586166	520162	1			0		other	0
d2006	3	Audio Cue	se	588666	522662	1			0		other	0
d2006	3	Audio Cue	mi	591165	525162	1			0		other	0
d2006	3	Audio Cue	po	593666	527662	1			0		other	0
d2006	3	Audio Cue	la	596166	530162	1			0		other	0
d2006	3	Audio Cue	ro	598665	532661	1			0		other	0
d2006	3	Response	1	599714	533710	1
d2006	3	Audio Cue	ki	601166	535162	1			0		other	0
d2006	3	Audio Cue	se	603666	537663	1			0		other	0
d2006	4	Picture	break	606205	0	1	8000	1	0	next	other	0
d2006	4	Response	1	614034	7830	1
d2006	5	Sound	se	649205	35000	1			35000		other	0
d2006	6	Audio Cue	za	651968	94	1			0		other	0
d2006	6	Sound	cue_linfade_exp_seq_A_08.wav	651968	94	1			0		hit	246
d2006	6	Audio Cue	be	654468	2594	1			0		other	0
d2006	6	Response	1	656594	4720	1
d2006	6	Audio Cue	tu	656968	5094	1			0		other	0
d2006	6	Audio Cue	mi	659469	7595	1			0		other	0
d2006	6	Audio Cue	po	661968	10094	1			0		other	0
d2006	6	Audio Cue	la	664468	12594	1			0		other	0
d2006	6	Audio Cue	za	666968	15094	1			0		other	0
d2006	6	Audio Cue	be	669468	17594	1			0		other	0
d2006	6	Audio Cue	tu	671968	20094	1			0		other	0
d2006	6	Audio Cue	mi	674469	22595	1			0		other	0
d2006	6	Audio Cue	po	676969	25095	1			0		other	0
d2006	6	Audio Cue	la	679468	27594	1			0		other	0
d2006	6	Audio Cue	za	681969	30095	1			0		other	0
d2006	6	Audio Cue	be	684469	32595	1			0		other	0
d2006	6	Audio Cue	tu	686969	35095	1			0		other	0
d2006	6	Audio Cue	ro	689469	37594	1			0		other	0
d2006	6	Audio Cue	ki	691969	40095	1			0		other	0
d2006	6	Audio Cue	se	694469	42595	1			0		other	0
d2006	6	Audio Cue	nu	696969	45095	1			0		other	0
d2006	6	Response	1	698354	46480	1
d2006	6	Audio Cue	ga	699470	47596	1			0		other	0
d2006	6	Audio Cue	di	701970	50096	1			0		other	0
d2006	6	Audio Cue	mi	704469	52595	1			0		other	0
d2006	6	Audio Cue	po	706970	55096	1			0		other	0
d2006	6	Audio Cue	la	709471	57597	1			0		other	0
d2006	6	Audio Cue	ro	711971	60097	1			0		other	0
d2006	6	Audio Cue	ki	714470	62596	1			0		other	0
d2006	6	Audio Cue	se	716970	65096	1			0		other	0
d2006	6	Audio Cue	mi	719470	67596	1			0		other	0
d2006	6	Response	1	721154	69280	1
d2006	6	Audio Cue	po	721970	70096	1			0		other	0
d2006	6	Audio Cue	la	724471	72597	1			0		other	0
d2006	6	Audio Cue	nu	726970	75096	1			0		other	0
d2006	6	Audio Cue	ga	729471	77597	1			0		other	0
d2006	6	Audio Cue	di	731970	80096	1			0		other	0
d2006	6	Audio Cue	ro	734470	82596	1			0		other	0
d2006	6	Audio Cue	ki	736970	85096	1			0		other	0
d2006	6	Audio Cue	se	739471	87596	1			0		other	0
d2006	6	Audio Cue	nu	741972	90098	1			0		other	0
d2006	6	Response	1	743075	91201	1
d2006	6	Audio Cue	ga	744471	92597	1			0		other	0
d2006	6	Audio Cue	di	746971	95097	1			0		other	0
d2006	6	Audio Cue	ro	749471	97597	1			0		other	0
d2006	6	Audio Cue	ki	751971	100097	1			0		other	0
d2006	6	Audio Cue	se	754472	102598	1			0		other	0
d2006	6	Audio Cue	za	756971	105097	1			0		other	0
d2006	6	Response	1	758034	106160	1
d2006	6	Audio Cue	be	759471	107597	1			0		other	0
d2006	6	Audio Cue	tu	761972	110098	1			0		other	0
d2006	6	Audio Cue	mi	764471	112597	1			0		other	0
d2006	6	Audio Cue	po	766971	115097	1			0		other	0
d2006	6	Audio Cue	la	769472	117598	1			0		other	0
d2006	6	Audio Cue	ro	771972	120098	1			0		other	0
d2006	6	Audio Cue	ki	774472	122598	1			0		other	0
d2006	6	Audio Cue	se	776972	125098	1			0		other	0
d2006	6	Audio Cue	za	779472	127598	1			0		other	0
d2006	6	Response	1	780354	128480	1
d2006	6	Audio Cue	be	781973	130099	1			0		other	0
d2006	6	Audio Cue	tu	784471	132597	1			0		other	0
d2006	6	Audio Cue	nu	786972	135098	1			0		other	0
d2006	6	Audio Cue	ga	789472	137598	1			0		other	0
d2006	6	Audio Cue	di	791973	140099	1			0		other	0
d2006	6	Audio Cue	mi	794472	142598	1			0		other	0
d2006	6	Audio Cue	po	796972	145098	1			0		other	0
d2006	6	Audio Cue	la	799473	147599	1			0		other	0
d2006	6	Audio Cue	nu	801972	150098	1			0		other	0
d2006	6	Audio Cue	ga	804473	152599	1			0		other	0
d2006	6	Audio Cue	di	806972	155098	1			0		other	0
d2006	6	Audio Cue	mi	809473	157599	1			0		other	0
d2006	6	Audio Cue	po	811973	160099	1			0		other	0
d2006	6	Audio Cue	la	814474	162600	1			0		other	0
d2006	6	Audio Cue	ro	816973	165098	1			0		other	0
d2006	6	Audio Cue	ki	819473	167599	1			0		other	0
d2006	6	Audio Cue	se	821973	170099	1			0		other	0
d2006	6	Audio Cue	za	824474	172600	1			0		other	0
d2006	6	Response	1	824994	173120	1
d2006	6	Audio Cue	be	826973	175099	1			0		other	0
d2006	6	Audio Cue	tu	829473	177599	1			0		other	0
d2006	6	Audio Cue	nu	831973	180099	1			0		other	0
d2006	6	Audio Cue	ga	834474	182600	1			0		other	0
d2006	6	Audio Cue	di	836975	185101	1			0		other	0
d2006	6	Audio Cue	za	839473	187599	1			0		other	0
d2006	6	Audio Cue	be	841974	190100	1			0		other	0
d2006	6	Audio Cue	tu	844474	192600	1			0		other	0
d2006	6	Audio Cue	ro	846974	195100	1			0		other	0
d2006	6	Audio Cue	ki	849474	197600	1			0		other	0
d2006	6	Audio Cue	se	851974	200100	1			0		other	0
d2006	6	Audio Cue	nu	854474	202600	1			0		other	0
d2006	6	Response	1	855315	203441	1
d2006	6	Audio Cue	ga	856974	205100	1			0		other	0
d2006	6	Audio Cue	di	859475	207601	1			0		other	0
d2006	6	Audio Cue	ro	861975	210101	1			0		other	0
d2006	6	Audio Cue	ki	864475	212601	1			0		other	0
d2006	6	Audio Cue	se	866975	215101	1			0		other	0
d2006	6	Audio Cue	nu	869475	217601	1			0		other	0
d2006	6	Response	1	871474	219600	1
d2006	6	Audio Cue	ga	871974	220100	1			0		other	0
d2006	6	Audio Cue	di	874474	222600	1			0		other	0
d2006	6	Audio Cue	za	876975	225101	1			0		other	0
d2006	6	Audio Cue	be	879475	227601	1			0		other	0
d2006	6	Audio Cue	tu	881975	230101	1			0		other	0
d2006	6	Audio Cue	mi	884475	232601	1			0		other	0
d2006	6	Audio Cue	po	886975	235101	1			0		other	0
d2006	6	Audio Cue	la	889475	237601	1			0		other	0
d2006	6	Audio Cue	nu	891976	240101	1			0		other	0
d2006	6	Audio Cue	ga	894476	242602	1			0		other	0
d2006	6	Audio Cue	di	896976	245101	1			0		other	0
d2006	6	Audio Cue	ro	899476	247602	1			0		other	0
d2006	6	Audio Cue	ki	901976	250102	1			0		other	0
d2006	6	Audio Cue	se	904476	252602	1			0		other	0
d2006	6	Audio Cue	mi	906976	255102	1			0		other	0
d2006	6	Response	1	907235	255361	1
d2006	6	Audio Cue	po	909476	257602	1			0		other	0
d2006	6	Audio Cue	la	911976	260102	1			0		other	0
d2006	6	Audio Cue	za	914476	262602	1			0		other	0
d2006	6	Audio Cue	be	916976	265102	1			0		other	0
d2006	6	Audio Cue	tu	919476	267601	1			0		other	0
d2006	6	Audio Cue	ro	921976	270102	1			0		other	0
d2006	6	Audio Cue	ki	924476	272602	1			0		other	0
d2006	6	Audio Cue	se	926977	275103	1			0		other	0
d2006	6	Audio Cue	za	929477	277603	1			0		other	0
d2006	6	Response	1	929634	277760	1
d2006	6	Audio Cue	be	931977	280103	1			0		other	0
d2006	6	Audio Cue	tu	934478	282603	1			0		other	0
d2006	6	Audio Cue	nu	936978	285104	1			0		other	0
d2006	6	Audio Cue	ga	939477	287603	1			0		other	0
d2006	6	Audio Cue	di	941977	290103	1			0		other	0
d2006	6	Audio Cue	mi	944477	292603	1			0		other	0
d2006	6	Audio Cue	po	946977	295103	1			0		other	0
d2006	6	Audio Cue	la	949478	297603	1			0		other	0
d2006	6	Audio Cue	nu	951977	300103	1			0		other	0
d2006	6	Audio Cue	ga	954477	302603	1			0		other	0
d2006	6	Audio Cue	di	956977	305103	1			0		other	0
d2006	6	Audio Cue	za	959478	307604	1			0		other	0
d2006	6	Audio Cue	be	961977	310103	1			0		other	0
d2006	6	Audio Cue	tu	964478	312603	1			0		other	0
d2006	6	Audio Cue	ro	966978	315104	1			0		other	0
d2006	6	Audio Cue	ki	969478	317604	1			0		other	0
d2006	6	Audio Cue	se	971978	320104	1			0		other	0
d2006	6	Audio Cue	mi	974478	322604	1			0		other	0
d2006	6	Response	1	974595	322721	1
d2006	6	Audio Cue	po	976979	325104	1			0		other	0
d2006	6	Audio Cue	la	979478	327604	1			0		other	0
d2006	6	Audio Cue	ro	981978	330104	1			0		other	0
d2006	6	Audio Cue	ki	984478	332604	1			0		other	0
d2006	6	Audio Cue	se	986979	335104	1			0		other	0
d2006	6	Response	1	989475	337601	1
d2006	6	Audio Cue	za	989478	337604	1			0		other	0
d2006	6	Audio Cue	be	991978	340104	1			0		other	0
d2006	6	Audio Cue	tu	994479	342604	1			0		other	0
d2006	6	Audio Cue	mi	996979	345105	1			0		other	0
d2006	6	Audio Cue	po	999479	347605	1			0		other	0
d2006	6	Audio Cue	la	1001978	350104	1			0		other	0
d2006	6	Audio Cue	nu	1004479	352605	1			0		other	0
d2006	6	Audio Cue	ga	1006979	355105	1			0		other	0
d2006	6	Audio Cue	di	1009480	357606	1			0		other	0
d2006	6	Audio Cue	mi	1011979	360105	1			0		other	0
d2006	6	Audio Cue	po	1014479	362605	1			0		other	0
d2006	6	Audio Cue	la	1016979	365105	1			0		other	0
d2006	6	Audio Cue	za	1019479	367605	1			0		other	0
d2006	6	Audio Cue	be	1021980	370106	1			0		other	0
d2006	6	Audio Cue	tu	1024479	372605	1			0		other	0
d2006	6	Audio Cue	nu	1026979	375105	1			0		other	0
d2006	6	Audio Cue	ga	1029480	377606	1			0		other	0
d2006	6	Audio Cue	di	1031981	380107	1			0		other	0
d2006	6	Audio Cue	ro	1034480	382605	1			0		other	0
d2006	6	Audio Cue	ki	1036979	385105	1			0		other	0
d2006	6	Audio Cue	se	1039481	387607	1			0		other	0
d2006	6	Audio Cue	nu	1041980	390106	1			0		other	0
d2006	6	Response	1	1042915	391041	1
d2006	6	Audio Cue	ga	1044480	392606	1			0		other	0
d2006	6	Audio Cue	di	1046980	395106	1			0		other	0
d2006	6	Audio Cue	mi	1049481	397606	1			0		other	0
d2006	6	Audio Cue	po	1051980	400106	1			0		other	0
d2006	6	Audio Cue	la	1054480	402606	1			0		other	0
d2006	6	Audio Cue	nu	1056981	405107	1			0		other	0
d2006	6	Audio Cue	ga	1059481	407607	1			0		other	0
d2006	6	Audio Cue	di	1061980	410106	1			0		other	0
d2006	6	Audio Cue	za	1064481	412607	1			0		other	0
d2006	6	Audio Cue	be	1066981	415107	1			0		other	0
d2006	6	Audio Cue	tu	1069481	417607	1			0		other	0
d2006	6	Audio Cue	ro	1071981	420107	1			0		other	0
d2006	6	Audio Cue	ki	1074481	422607	1			0		other	0
d2006	6	Audio Cue	se	1076981	425107	1			0		other	0
d2006	6	Audio Cue	za	1079480	427606	1			0		other	0
d2006	6	Response	1	1079955	428081	1
d2006	6	Audio Cue	be	1081981	430107	1			0		other	0
d2006	6	Audio Cue	tu	1084482	432608	1			0		other	0
d2006	6	Audio Cue	nu	1086982	435108	1			0		other	0
d2006	6	Audio Cue	ga	1089482	437608	1			0		other	0
d2006	6	Audio Cue	di	1091981	440107	1			0		other	0
d2006	6	Audio Cue	za	1094482	442608	1			0		other	0
d2006	6	Audio Cue	be	1096982	445108	1			0		other	0
d2006	6	Audio Cue	tu	1099482	447608	1			0		other	0
d2006	6	Audio Cue	mi	1101982	450108	1			0		other	0
d2006	6	Audio Cue	po	1104482	452608	1			0		other	0
d2006	6	Audio Cue	la	1106982	455108	1			0		other	0
d2006	6	Audio Cue	za	1109481	457607	1			0		other	0
d2006	6	Audio Cue	be	1111982	460108	1			0		other	0
d2006	6	Audio Cue	tu	1114482	462608	1			0		other	0
d2006	6	Audio Cue	mi	1116983	465109	1			0		other	0
d2006	6	Audio Cue	po	1119483	467609	1			0		other	0
d2006	6	Audio Cue	la	1121982	470108	1			0		other	0
d2006	6	Audio Cue	ro	1124482	472608	1			0		other	0
d2006	6	Audio Cue	ki	1126983	475109	1			0		other	0
d2006	6	Audio Cue	se	1129482	477608	1			0		other	0
d2006	6	Audio Cue	nu	1131982	480108	1			0		other	0
d2006	6	Response	1	1132435	480561	1
d2006	6	Audio Cue	ga	1134483	482609	1			0		other	0
d2006	6	Audio Cue	di	1136983	485109	1			0		other	0
d2006	6	Audio Cue	mi	1139482	487608	1			0		other	0
d2006	6	Audio Cue	po	1141983	490109	1			0		other	0
d2006	6	Audio Cue	la	1144483	492609	1			0		other	0
d2006	6	Audio Cue	ro	1146983	495109	1			0		other	0
d2006	6	Audio Cue	ki	1149484	497610	1			0		other	0
d2006	6	Audio Cue	se	1151983	500109	1			0		other	0
d2006	6	Audio Cue	nu	1154483	502609	1			0		other	0
d2006	6	Response	1	1156195	504321	1
d2006	6	Audio Cue	ga	1156984	505110	1			0		other	0
d2006	6	Audio Cue	di	1159484	507610	1			0		other	0
d2006	6	Audio Cue	ro	1161983	510109	1			0		other	0
d2006	6	Audio Cue	ki	1164483	512609	1			0		other	0
d2006	6	Audio Cue	se	1166984	515110	1			0		other	0
d2006	6	Audio Cue	mi	1169484	517610	1			0		other	0
d2006	6	Response	1	1170355	518481	1
d2006	6	Audio Cue	po	1171985	520111	1			0		other	0
d2006	6	Audio Cue	la	1174484	522610	1			0		other	0
d2006	6	Audio Cue	za	1176984	525110	1			0		other	0
d2006	6	Audio Cue	be	1179485	527611	1			0		other	0
d2006	6	Audio Cue	tu	1181984	530110	1			0		other	0
d2006	6	Audio Cue	ro	1184485	532611	1			0		other	0
d2006	6	Audio Cue	ki	1186984	535110	1			0		other	0
d2006	6	Audio Cue	se	1189485	537611	1			0		other	0
d2006	7	Picture	break	1192075	0	1	2500	1	0	next	other	0
d2006	7	Response	1	1194275	2200	1
d2006	8	Sound	mi	1229574	34999	1			35000		other	0
d2006	9	Audio Cue	za	1232386	142	1			0		other	0
d2006	9	Sound	cue_linfade_exp_seq_A_20.wav	1232386	142	1			0		hit	483
d2006	9	Response	1	1233155	911	1
d2006	9	Audio Cue	la	1234886	2642	1			0		other	0
d2006	9	Audio Cue	nu	1237385	5142	1			0		other	0
d2006	9	Audio Cue	po	1239886	7642	1			0		other	0
d2006	9	Audio Cue	tu	1242387	10143	1			0		other	0
d2006	9	Audio Cue	ro	1244887	12643	1			0		other	0
d2006	9	Audio Cue	mi	1247386	15142	1			0		other	0
d2006	9	Audio Cue	se	1249886	17642	1			0		other	0
d2006	9	Audio Cue	di	1252387	20143	1			0		other	0
d2006	9	Audio Cue	za	1254887	22643	1			0		other	0
d2006	9	Audio Cue	tu	1257387	25143	1			0		other	0
d2006	9	Audio Cue	ro	1259887	27644	1			0		other	0
d2006	9	Response	1	1259955	27711	1
d2006	9	Audio Cue	mi	1262387	30143	1			0		other	0
d2006	9	Audio Cue	la	1264886	32642	1			0		other	0
d2006	9	Audio Cue	nu	1267388	35144	1			0		other	0
d2006	9	Audio Cue	po	1269887	37643	1			0		other	0
d2006	9	Audio Cue	ki	1272387	40143	1			0		other	0
d2006	9	Audio Cue	ga	1274887	42643	1			0		other	0
d2006	9	Audio Cue	be	1277387	45144	1			0		other	0
d2006	9	Audio Cue	la	1279888	47644	1			0		other	0
d2006	9	Audio Cue	nu	1282388	50144	1			0		other	0
d2006	9	Audio Cue	po	1284888	52644	1			0		other	0
d2006	9	Audio Cue	se	1287388	55144	1			0		other	0
d2006	9	Audio Cue	di	1289887	57643	1			0		other	0
d2006	9	Response	1	1290675	58431	1
d2006	9	Audio Cue	za	1292387	60143	1			0		other	0
d2006	9	Audio Cue	la	1294888	62644	1			0		other	0
d2006	9	Audio Cue	nu	1297389	65145	1			0		other	0
d2006	9	Audio Cue	po	1299888	67644	1			0		other	0
d2006	9	Audio Cue	tu	1302388	70144	1			0		other	0
d2006	9	Audio Cue	ro	1304888	72644	1			0		other	0
d2006	9	Audio Cue	mi	1307389	75145	1			0		other	0
d2006	9	Audio Cue	ki	1309889	77645	1			0		other	0
d2006	9	Audio Cue	ga	1312388	80144	1			0		other	0
d2006	9	Response	1	1313075	80831	1
d2006	9	Audio Cue	be	1314888	82644	1			0		other	0
d2006	9	Audio Cue	se	1317388	85144	1			0		other	0
d2006	9	Audio Cue	di	1319889	87645	1			0		other	0
d2006	9	Audio Cue	za	1322389	90145	1			0		other	0
d2006	9	Audio Cue	tu	1324890	92646	1			0		other	0
d2006	9	Audio Cue	ro	1327389	95145	1			0		other	0
d2006	9	Audio Cue	mi	1329889	97645	1			0		other	0
d2006	9	Audio Cue	la	1332390	100146	1			0		other	0
d2006	9	Audio Cue	nu	1334890	102646	1			0		other	0
d2006	9	Audio Cue	po	1337389	105145	1			0		other	0
d2006	9	Audio Cue	tu	1339889	107645	1			0		other	0
d2006	9	Audio Cue	ro	1342390	110146	1			0		other	0
d2006	9	Audio Cue	mi	1344889	112645	1			0		other	0
d2006	9	Audio Cue	la	1347390	115147	1			0		other	0
d2006	9	Audio Cue	nu	1349889	117645	1			0		other	0
d2006	9	Response	1	1350595	118351	1
d2006	9	Audio Cue	po	1352390	120146	1			0		other	0
d2006	9	Audio Cue	ki	1354890	122646	1			0		other	0
d2006	9	Audio Cue	ga	1357390	125146	1			0		other	0
d2006	9	Audio Cue	be	1359891	127647	1			0		other	0
d2006	9	Audio Cue	la	1362389	130145	1			0		other	0
d2006	9	Audio Cue	nu	1364889	132646	1			0		other	0
d2006	9	Audio Cue	po	1367390	135146	1			0		other	0
d2006	9	Audio Cue	tu	1369891	137647	1			0		other	0
d2006	9	Audio Cue	ro	1372391	140147	1			0		other	0
d2006	9	Response	1	1374835	142591	1
d2006	9	Audio Cue	mi	1374891	142647	1			0		other	0
d2006	9	Audio Cue	se	1377391	145147	1			0		other	0
d2006	9	Audio Cue	di	1379890	147646	1			0		other	0
d2006	9	Audio Cue	za	1382391	150147	1			0		other	0
d2006	9	Audio Cue	la	1384891	152647	1			0		other	0
d2006	9	Audio Cue	nu	1387392	155148	1			0		other	0
d2006	9	Audio Cue	po	1389891	157648	1			0		other	0
d2006	9	Audio Cue	ki	1392391	160147	1			0		other	0
d2006	9	Audio Cue	ga	1394891	162648	1			0		other	0
d2006	9	Response	1	1395715	163471	1
d2006	9	Audio Cue	be	1397392	165148	1			0		other	0
d2006	9	Audio Cue	se	1399892	167648	1			0		other	0
d2006	9	Audio Cue	di	1402392	170148	1			0		other	0
d2006	9	Audio Cue	za	1404891	172648	1			0		other	0
d2006	9	Audio Cue	tu	1407392	175148	1			0		other	0
d2006	9	Audio Cue	ro	1409891	177647	1			0		other	0
d2006	9	Audio Cue	mi	1412393	180149	1			0		other	0
d2006	9	Audio Cue	se	1414891	182647	1			0		other	0
d2006	9	Audio Cue	di	1417392	185148	1			0		other	0
d2006	9	Audio Cue	za	1419892	187648	1			0		other	0
d2006	9	Audio Cue	ki	1422392	190148	1			0		other	0
d2006	9	Audio Cue	ga	1424892	192648	1			0		other	0
d2006	9	Audio Cue	be	1427392	195148	1			0		other	0
d2006	9	Audio Cue	tu	1429892	197648	1			0		other	0
d2006	9	Audio Cue	ro	1432393	200149	1			0		other	0
d2006	9	Audio Cue	mi	1434892	202648	1			0		other	0
d2006	9	Audio Cue	se	1437392	205149	1			0		other	0
d2006	9	Audio Cue	di	1439893	207649	1			0		other	0
d2006	9	Response	1	1441076	208832	1
d2006	9	Audio Cue	za	1442393	210149	1			0		other	0
d2006	9	Audio Cue	ki	1444893	212650	1			0		other	0
d2006	9	Audio Cue	ga	1447392	215148	1			0		other	0
d2006	9	Audio Cue	be	1449893	217649	1			0		other	0
d2006	9	Audio Cue	se	1452393	220149	1			0		other	0
d2006	9	Audio Cue	di	1454893	222649	1			0		other	0
d2006	9	Audio Cue	za	1457392	225149	1			0		other	0
d2006	9	Audio Cue	ki	1459893	227649	1			0		other	0
d2006	9	Audio Cue	ga	1462393	230150	1			0		other	0
d2006	9	Audio Cue	be	1464893	232649	1			0		other	0
d2006	9	Audio Cue	la	1467394	235150	1			0		other	0
d2006	9	Audio Cue	nu	1469894	237650	1			0		other	0
d2006	9	Response	1	1471075	238831	1
d2006	9	Audio Cue	po	1472393	240149	1			0		other	0
d2006	9	Audio Cue	ki	1474893	242649	1			0		other	0
d2006	9	Audio Cue	ga	1477393	245149	1			0		other	0
d2006	9	Audio Cue	be	1479894	247650	1			0		other	0
d2006	9	Audio Cue	tu	1482395	250151	1			0		other	0
d2006	9	Audio Cue	ro	1484893	252649	1			0		other	0
d2006	9	Audio Cue	mi	1487394	255150	1			0		other	0
d2006	9	Audio Cue	ki	1489894	257650	1			0		other	0
d2006	9	Audio Cue	ga	1492394	260150	1			0		other	0
d2006	9	Audio Cue	be	1494894	262650	1			0		other	0
d2006	9	Audio Cue	la	1497395	265151	1			0		other	0
d2006	9	Audio Cue	nu	1499894	267650	1			0		other	0
d2006	9	Response	1	1501556	269312	1
d2006	9	Audio Cue	po	1502395	270151	1			0		other	0
d2006	9	Audio Cue	se	1504894	272650	1			0		other	0
d2006	9	Audio Cue	di	1507395	275151	1			0		other	0
d2006	9	Audio Cue	za	1509894	277650	1			0		other	0
d2006	9	Audio Cue	la	1512395	280151	1			0		other	0
d2006	9	Audio Cue	nu	1514895	282651	1			0		other	0
d2006	9	Audio Cue	po	1517395	285151	1			0		other	0
d2006	9	Audio Cue	tu	1519895	287651	1			0		other	0
d2006	9	Audio Cue	ro	1522396	290152	1			0		other	0
d2006	9	Audio Cue	mi	1524895	292652	1			0		other	0
d2006	9	Audio Cue	se	1527395	295151	1			0		other	0
d2006	9	Audio Cue	di	1529896	297652	1			0		other	0
d2006	9	Audio Cue	za	1532395	300151	1			0		other	0
d2006	9	Audio Cue	ki	1534895	302652	1			0		other	0
d2006	9	Audio Cue	ga	1537396	305152	1			0		other	0
d2006	9	Audio Cue	be	1539895	307651	1			0		other	0
d2006	9	Audio Cue	la	1542396	310152	1			0		other	0
d2006	9	Audio Cue	nu	1544896	312652	1			0		other	0
d2006	9	Response	1	1545956	313712	1
d2006	9	Audio Cue	po	1547397	315153	1			0		other	0
d2006	9	Audio Cue	se	1549896	317652	1			0		other	0
d2006	9	Audio Cue	di	1552396	320152	1			0		other	0
d2006	9	Audio Cue	za	1554896	322652	1			0		other	0
d2006	9	Audio Cue	ki	1557396	325152	1			0		other	0
d2006	9	Audio Cue	ga	1559896	327652	1			0		other	0
d2006	9	Audio Cue	be	1562396	330152	1			0		other	0
d2006	9	Audio Cue	la	1564897	332653	1			0		other	0
d2006	9	Audio Cue	nu	1567396	335152	1			0		other	0
d2006	9	Audio Cue	po	1569897	337653	1			0		other	0
d2006	9	Audio Cue	tu	1572396	340152	1			0		other	0
d2006	9	Audio Cue	ro	1574896	342652	1			0		other	0
d2006	9	Response	1	1576676	344432	1
d2006	9	Audio Cue	mi	1577397	345153	1			0		other	0
d2006	9	Audio Cue	la	1579897	347653	1			0		other	0
d2006	9	Audio Cue	nu	1582397	350153	1			0		other	0
d2006	9	Audio Cue	po	1584897	352653	1			0		other	0
d2006	9	Audio Cue	ki	1587397	355153	1			0		other	0
d2006	9	Audio Cue	ga	1589897	357653	1			0		other	0
d2006	9	Response	1	1591796	359552	1
d2006	9	Audio Cue	be	1592397	360153	1			0		other	0
d2006	9	Audio Cue	la	1594897	362653	1			0		other	0
d2006	9	Audio Cue	nu	1597397	365153	1			0		other	0
d2006	9	Audio Cue	po	1599898	367654	1			0		other	0
d2006	9	Audio Cue	tu	1602397	370153	1			0		other	0
d2006	9	Audio Cue	ro	1604898	372654	1			0		other	0
d2006	9	Audio Cue	mi	1607398	375154	1			0		other	0
d2006	9	Audio Cue	la	1609898	377654	1			0		other	0
d2006	9	Audio Cue	nu	1612398	380154	1			0		other	0
d2006	9	Response	1	1612996	380752	1
d2006	9	Audio Cue	po	1614898	382654	1			0		other	0
d2006	9	Audio Cue	tu	1617398	385154	1			0		other	0
d2006	9	Audio Cue	ro	1619898	387654	1			0		other	0
d2006	9	Audio Cue	mi	1622399	390155	1			0		other	0
d2006	9	Audio Cue	se	1624898	392655	1			0		other	0
d2006	9	Audio Cue	di	1627399	395155	1			0		other	0
d2006	9	Audio Cue	za	1629899	397655	1			0		other	0
d2006	9	Response	1	1631476	399232	1
d2006	9	Audio Cue	ki	1632398	400154	1			0		other	0
d2006	9	Audio Cue	ga	1634899	402655	1			0		other	0
d2006	9	Audio Cue	be	1637398	405154	1			0		other	0
d2006	9	Audio Cue	la	1639899	407655	1			0		other	0
d2006	9	Audio Cue	nu	1642399	410155	1			0		other	0
d2006	9	Response	1	1644196	411952	1
d2006	9	Audio Cue	po	1644899	412655	1			0		other	0
d2006	9	Audio Cue	tu	1647399	415155	1			0		other	0
d2006	9	Audio Cue	ro	1649900	417656	1			0		other	0
d2006	9	Audio Cue	mi	1652399	420155	1			0		other	0
d2006	9	Audio Cue	ki	1654899	422655	1			0		other	0
d2006	9	Audio Cue	ga	1657400	425156	1			0		other	0
d2006	9	Audio Cue	be	1659899	427655	1			0		other	0
d2006	9	Audio Cue	se	1662399	430155	1			0		other	0
d2006	9	Audio Cue	di	1664899	432655	1			0		other	0
d2006	9	Response	1	1665716	433472	1
d2006	9	Audio Cue	za	1667400	435156	1			0		other	0
d2006	9	Audio Cue	ki	1669900	437656	1			0		other	0
d2006	9	Audio Cue	ga	1672399	440155	1			0		other	0
d2006	9	Audio Cue	be	1674900	442656	1			0		other	0
d2006	9	Audio Cue	tu	1677400	445156	1			0		other	0
d2006	9	Audio Cue	ro	1679900	447656	1			0		other	0
d2006	9	Audio Cue	mi	1682400	450156	1			0		other	0
d2006	9	Audio Cue	la	1684900	452656	1			0		other	0
d2006	9	Audio Cue	nu	1687400	455156	1			0		other	0
d2006	9	Audio Cue	po	1689900	457656	1			0		other	0
d2006	9	Audio Cue	se	1692400	460156	1			0		other	0
d2006	9	Audio Cue	di	1694901	462657	1			0		other	0
d2006	9	Audio Cue	za	1697400	465156	1			0		other	0
d2006	9	Audio Cue	tu	1699901	467657	1			0		other	0
d2006	9	Audio Cue	ro	1702400	470157	1			0		other	0
d2006	9	Response	1	1703396	471152	1
d2006	9	Audio Cue	mi	1704900	472656	1			0		other	0
d2006	9	Audio Cue	se	1707400	475156	1			0		other	0
d2006	9	Audio Cue	di	1709901	477657	1			0		other	0
d2006	9	Audio Cue	za	1712402	480158	1			0		other	0
d2006	9	Audio Cue	tu	1714902	482658	1			0		other	0
d2006	9	Audio Cue	ro	1717401	485157	1			0		other	0
d2006	9	Audio Cue	mi	1719903	487659	1			0		other	0
d2006	9	Audio Cue	se	1722401	490157	1			0		other	0
d2006	9	Audio Cue	di	1724902	492658	1			0		other	0
d2006	9	Audio Cue	za	1727402	495158	1			0		other	0
d2006	9	Audio Cue	ki	1729902	497658	1			0		other	0
d2006	9	Audio Cue	ga	1732403	500159	1			0		other	0
d2006	9	Audio Cue	be	1734902	502658	1			0		other	0
d2006	9	Audio Cue	tu	1737402	505158	1			0		other	0
d2006	9	Audio Cue	ro	1739902	507658	1			0		other	0
d2006	9	Audio Cue	mi	1742402	510159	1			0		other	0
d2006	9	Audio Cue	ki	1744902	512658	1			0		other	0
d2006	9	Audio Cue	ga	1747402	515158	1			0		other	0
d2006	9	Audio Cue	be	1749902	517658	1			0		other	0
d2006	9	Audio Cue	se	1752402	520158	1			0		other	0
d2006	9	Audio Cue	di	1754902	522658	1			0		other	0
d2006	9	Audio Cue	za	1757402	525158	1			0		other	0
d2006	9	Audio Cue	ki	1759903	527659	1			0		other	0
d2006	9	Audio Cue	ga	1762402	530158	1			0		other	0
d2006	9	Audio Cue	be	1764903	532659	1			0		other	0
d2006	9	Audio Cue	se	1767403	535159	1			0		other	0
d2006	9	Audio Cue	di	1769904	537660	1			0		other	0
d2006	10	Picture	break	1772445	0	1	10001	1	0	next	other	0
d2006	10	Response	1	1782196	9752	1
d2006	11	Sound	be	1817445	35000	1			35000		other	0
d2006	12	Audio Cue	be	1820305	190	1			0		other	0
d2006	12	Sound	cue_linfade_exp_seq_A_03.wav	1820305	190	1			0		hit	721
d2006	12	Response	1	1821876	1762	1
d2006	12	Audio Cue	tu	1822804	2690	1			0		other	0
d2006	12	Audio Cue	nu	1825304	5190	1			0		other	0
d2006	12	Audio Cue	ga	1827804	7690	1			0		other	0
d2006	12	Audio Cue	di	1830305	10191	1			0		other	0
d2006	12	Audio Cue	ro	1832805	12691	1			0		other	0
d2006	12	Audio Cue	ki	1835305	15191	1			0		other	0
d2006	12	Audio Cue	se	1837805	17691	1			0		other	0
d2006	12	Audio Cue	mi	1840306	20191	1			0		other	0
d2006	12	Audio Cue	po	1842805	22691	1			0		other	0
d2006	12	Audio Cue	la	1845306	25192	1			0		other	0
d2006	12	Audio Cue	za	1847805	27691	1			0		other	0
d2006	12	Audio Cue	be	1850306	30192	1			0		other	0
d2006	12	Audio Cue	tu	1852806	32692	1			0		other	0
d2006	12	Response	1	1854516	34402	1
d2006	12	Audio Cue	ro	1855306	35192	1			0		other	0
d2006	12	Audio Cue	ki	1857806	37692	1			0		other	0
d2006	12	Audio Cue	se	1860305	40191	1			0		other	0
d2006	12	Audio Cue	nu	1862805	42691	1			0		other	0
d2006	12	Audio Cue	ga	1865306	45192	1			0		other	0
d2006	12	Audio Cue	di	1867806	47691	1			0		other	0
d2006	12	Audio Cue	mi	1870307	50193	1			0		other	0
d2006	12	Audio Cue	po	1872806	52692	1			0		other	0
d2006	12	Audio Cue	la	1875306	55192	1			0		other	0
d2006	12	Audio Cue	za	1877806	57692	1			0		other	0
d2006	12	Audio Cue	be	1880307	60193	1			0		other	0
d2006	12	Audio Cue	tu	1882806	62692	1			0		other	0
d2006	12	Response	1	1883796	63682	1
d2006	12	Audio Cue	ro	1885306	65192	1			0		other	0
d2006	12	Audio Cue	ki	1887807	67693	1			0		other	0
d2006	12	Audio Cue	se	1890307	70193	1			0		other	0
d2006	12	Audio Cue	nu	1892807	72693	1			0		other	0
d2006	12	Audio Cue	ga	1895308	75193	1			0		other	0
d2006	12	Audio Cue	di	1897806	77692	1			0		other	0
d2006	12	Audio Cue	za	1900307	80192	1			0		other	0
d2006	12	Audio Cue	be	1902807	82692	1			0		other	0
d2006	12	Audio Cue	tu	1905308	85194	1			0		other	0
d2006	12	Response	1	1905956	85842	1
d2006	12	Audio Cue	mi	1907808	87693	1			0		other	0
d2006	12	Audio Cue	po	1910307	90193	1			0		other	0
d2006	12	Audio Cue	la	1912807	92693	1			0		other	0
d2006	12	Audio Cue	ro	1915307	95193	1			0		other	0
d2006	12	Audio Cue	ki	1917807	97693	1			0		other	0
d2006	12	Audio Cue	se	1920307	100193	1			0		other	0
d2006	12	Audio Cue	za	1922808	102694	1			0		other	0
d2006	12	Audio Cue	be	1925308	105194	1			0		other	0
d2006	12	Audio Cue	tu	1927808	107694	1			0		other	0
d2006	12	Response	1	1928516	108402	1
d2006	12	Audio Cue	ro	1930309	110195	1			0		other	0
d2006	12	Audio Cue	ki	1932807	112693	1			0		other	0
d2006	12	Audio Cue	se	1935307	115193	1			0		other	0
d2006	12	Audio Cue	mi	1937809	117694	1			0		other	0
d2006	12	Audio Cue	po	1940309	120194	1			0		other	0
d2006	12	Audio Cue	la	1942808	122694	1			0		other	0
d2006	12	Audio Cue	ro	1945308	125194	1			0		other	0
d2006	12	Audio Cue	ki	1947809	127695	1			0		other	0
d2006	12	Audio Cue	se	1950308	130194	1			0		other	0
d2006	12	Audio Cue	nu	1952808	132694	1			0		other	0
d2006	12	Audio Cue	ga	1955309	135194	1			0		other	0
d2006	12	Audio Cue	di	1957809	137695	1			0		other	0
d2006	12	Audio Cue	za	1960308	140194	1			0		other	0
d2006	12	Audio Cue	be	1962809	142695	1			0		other	0
d2006	12	Audio Cue	tu	1965309	145195	1			0		other	0
d2006	12	Response	1	1966276	146162	1
d2006	12	Audio Cue	ro	1967809	147695	1			0		other	0
d2006	12	Audio Cue	ki	1970309	150195	1			0		other	0
d2006	12	Audio Cue	se	1972809	152695	1			0		other	0
d2006	12	Audio Cue	mi	1975309	155195	1			0		other	0
d2006	12	Audio Cue	po	1977810	157696	1			0		other	0
d2006	12	Audio Cue	la	1980309	160195	1			0		other	0
d2006	12	Audio Cue	za	1982809	162695	1			0		other	0
d2006	12	Audio Cue	be	1985309	165195	1			0		other	0
d2006	12	Audio Cue	tu	1987809	167695	1			0		other	0
d2006	12	Response	1	1989236	169122	1
d2006	12	Audio Cue	nu	1990310	170196	1			0		other	0
d2006	12	Audio Cue	ga	1992810	172696	1			0		other	0
d2006	12	Audio Cue	di	1995311	175197	1			0		other	0
d2006	12	Audio Cue	mi	1997809	177695	1			0		other	0
d2006	12	Audio Cue	po	2000310	180196	1			0		other	0
d2006	12	Audio Cue	la	2002811	182697	1			0		other	0
d2006	12	Audio Cue	za	2005310	185195	1			0		other	0
d2006	12	Audio Cue	be	2007810	187696	1			0		other	0
d2006	12	Audio Cue	tu	2010311	190197	1			0		other	0
d2006	12	Response	1	2010836	190722	1
d2006	12	Audio Cue	nu	2012810	192696	1			0		other	0
d2006	12	Audio Cue	ga	2015310	195196	1			0		other	0
d2006	12	Audio Cue	di	2017811	197696	1			0		other	0
d2006	12	Audio Cue	ro	2020310	200196	1			0		other	0
d2006	12	Audio Cue	ki	2022811	202697	1			0		other	0
d2006	12	Audio Cue	se	2025311	205197	1			0		other	0
d2006	12	Audio Cue	nu	2027811	207697	1			0		other	0
d2006	12	Audio Cue	ga	2030310	210196	1			0		other	0
d2006	12	Audio Cue	di	2032811	212697	1			0		other	0
d2006	12	Audio Cue	mi	2035310	215196	1			0		other	0
d2006	12	Audio Cue	po	2037811	217697	1			0		other	0
d2006	12	Audio Cue	la	2040312	220197	1			0		other	0
d2006	12	Audio Cue	za	2042811	222697	1			0		other	0
d2006	12	Audio Cue	be	2045312	225198	1			0		other	0
d2006	12	Response	1	2046996	226882	1
d2006	12	Audio Cue	tu	2047812	227698	1			0		other	0
d2006	12	Audio Cue	mi	2050312	230198	1			0		other	0
d2006	12	Audio Cue	po	2052812	232697	1			0		other	0
d2006	12	Audio Cue	la	2055312	235198	1			0		other	0
d2006	12	Audio Cue	nu	2057812	237698	1			0		other	0
d2006	12	Audio Cue	ga	2060311	240197	1			0		other	0
d2006	12	Audio Cue	di	2062811	242697	1			0		other	0
d2006	12	Audio Cue	ro	2065312	245197	1			0		other	0
d2006	12	Audio Cue	ki	2067812	247698	1			0		other	0
d2006	12	Audio Cue	se	2070312	250198	1			0		other	0
d2006	12	Audio Cue	nu	2072812	252698	1			0		other	0
d2006	12	Audio Cue	ga	2075312	255198	1			0		other	0
d2006	12	Audio Cue	di	2077813	257699	1			0		other	0
d2006	12	Audio Cue	mi	2080312	260198	1			0		other	0
d2006	12	Audio Cue	po	2082813	262698	1			0		other	0
d2006	12	Audio Cue	la	2085313	265199	1			0		other	0
d2006	12	Audio Cue	za	2087812	267698	1			0		other	0
d2006	12	Audio Cue	be	2090313	270199	1			0		other	0
d2006	12	Audio Cue	tu	2092813	272699	1			0		other	0
d2006	12	Response	1	2092917	272803	1
d2006	12	Audio Cue	ro	2095314	275199	1			0		other	0
d2006	12	Audio Cue	ki	2097813	277699	1			0		other	0
d2006	12	Audio Cue	se	2100313	280199	1			0		other	0
d2006	12	Audio Cue	za	2102813	282699	1			0		other	0
d2006	12	Audio Cue	be	2105314	285200	1			0		other	0
d2006	12	Audio Cue	tu	2107813	287699	1			0		other	0
d2006	12	Response	1	2108117	288002	1
d2006	12	Audio Cue	ro	2110313	290199	1			0		other	0
d2006	12	Audio Cue	ki	2112813	292699	1			0		other	0
d2006	12	Audio Cue	se	2115313	295199	1			0		other	0
d2006	12	Audio Cue	mi	2117813	297699	1			0		other	0
d2006	12	Audio Cue	po	2120314	300200	1			0		other	0
d2006	12	Audio Cue	la	2122815	302700	1			0		other	0
d2006	12	Audio Cue	za	2125314	305200	1			0		other	0
d2006	12	Audio Cue	be	2127814	307700	1			0		other	0
d2006	12	Audio Cue	tu	2130313	310199	1			0		other	0
d2006	12	Response	1	2130516	310402	1
d2006	12	Audio Cue	mi	2132814	312700	1			0		other	0
d2006	12	Audio Cue	po	2135315	315200	1			0		other	0
d2006	12	Audio Cue	la	2137815	317700	1			0		other	0
d2006	12	Audio Cue	nu	2140314	320200	1			0		other	0
d2006	12	Audio Cue	ga	2142814	322700	1			0		other	0
d2006	12	Audio Cue	di	2145314	325200	1			0		other	0
d2006	12	Audio Cue	za	2147815	327701	1			0		other	0
d2006	12	Audio Cue	be	2150314	330200	1			0		other	0
d2006	12	Audio Cue	tu	2152816	332702	1			0		other	0
d2006	12	Response	1	2152916	332802	1
d2006	12	Audio Cue	mi	2155315	335201	1			0		other	0
d2006	12	Audio Cue	po	2157815	337701	1			0		other	0
d2006	12	Audio Cue	la	2160315	340201	1			0		other	0
d2006	12	Audio Cue	ro	2162815	342701	1			0		other	0
d2006	12	Audio Cue	ki	2165315	345201	1			0		other	0
d2006	12	Audio Cue	se	2167816	347701	1			0		other	0
d2006	12	Audio Cue	nu	2170316	350202	1			0		other	0
d2006	12	Audio Cue	ga	2172815	352701	1			0		other	0
d2006	12	Audio Cue	di	2175316	355201	1			0		other	0
d2006	12	Audio Cue	mi	2177815	357701	1			0		other	0
d2006	12	Audio Cue	po	2180316	360202	1			0		other	0
d2006	12	Audio Cue	la	2182816	362702	1			0		other	0
d2006	12	Audio Cue	za	2185316	365201	1			0		other	0
d2006	12	Audio Cue	be	2187815	367701	1			0		other	0
d2006	12	Response	1	2189477	369363	1
d2006	12	Audio Cue	tu	2190316	370201	1			0		other	0
d2006	12	Audio Cue	nu	2192816	372702	1			0		other	0
d2006	12	Audio Cue	ga	2195316	375202	1			0		other	0
d2006	12	Audio Cue	di	2197816	377702	1			0		other	0
d2006	12	Audio Cue	mi	2200316	380202	1			0		other	0
d2006	12	Audio Cue	po	2202816	382702	1			0		other	0
d2006	12	Audio Cue	la	2205316	385202	1			0		other	0
d2006	12	Audio Cue	za	2207816	387702	1			0		other	0
d2006	12	Audio Cue	be	2210316	390202	1			0		other	0
d2006	12	Audio Cue	tu	2212817	392703	1			0		other	0
d2006	12	Response	1	2213316	393202	1
d2006	12	Audio Cue	nu	2215317	395203	1			0		other	0
d2006	12	Audio Cue	ga	2217816	397702	1			0		other	0
d2006	12	Audio Cue	di	2220316	400202	1			0		other	0
d2006	12	Audio Cue	ro	2222817	402702	1			0		other	0
d2006	12	Audio Cue	ki	2225317	405203	1			0		other	0
d2006	12	Audio Cue	se	2227817	407703	1			0		other	0
d2006	12	Audio Cue	nu	2230317	410203	1			0		other	0
d2006	12	Audio Cue	ga	2232817	412703	1			0		other	0
d2006	12	Audio Cue	di	2235317	415203	1			0		other	0
d2006	12	Audio Cue	mi	2237817	417703	1			0		other	0
d2006	12	Audio Cue	po	2240317	420202	1			0		other	0
d2006	12	Audio Cue	la	2242817	422703	1			0		other	0
d2006	12	Audio Cue	nu	2245318	425204	1			0		other	0
d2006	12	Audio Cue	ga	2247818	427704	1			0		other	0
d2006	12	Audio Cue	di	2250318	430204	1			0		other	0
d2006	12	Audio Cue	ro	2252818	432704	1			0		other	0
d2006	12	Audio Cue	ki	2255318	435203	1			0		other	0
d2006	12	Audio Cue	se	2257818	437704	1			0		other	0
d2006	12	Audio Cue	mi	2260317	440203	1			0		other	0
d2006	12	Audio Cue	po	2262818	442704	1			0		other	0
d2006	12	Audio Cue	la	2265319	445205	1			0		other	0
d2006	12	Audio Cue	ro	2267819	447705	1			0		other	0
d2006	12	Audio Cue	ki	2270319	450205	1			0		other	0
d2006	12	Audio Cue	se	2272818	452704	1			0		other	0
d2006	12	Audio Cue	nu	2275319	455204	1			0		other	0
d2006	12	Audio Cue	ga	2277819	457705	1			0		other	0
d2006	12	Audio Cue	di	2280318	460204	1			0		other	0
d2006	12	Audio Cue	ro	2282819	462705	1			0		other	0
d2006	12	Audio Cue	ki	2285319	465205	1			0		other	0
d2006	12	Audio Cue	se	2287820	467706	1			0		other	0
d2006	12	Audio Cue	nu	2290319	470205	1			0		other	0
d2006	12	Audio Cue	ga	2292819	472705	1			0		other	0
d2006	12	Audio Cue	di	2295319	475205	1			0		other	0
d2006	12	Audio Cue	ro	2297819	477705	1			0		other	0
d2006	12	Audio Cue	ki	2300319	480205	1			0		other	0
d2006	12	Audio Cue	se	2302819	482705	1			0		other	0
d2006	12	Audio Cue	za	2305319	485205	1			0		other	0
d2006	12	Audio Cue	be	2307819	487705	1			0		other	0
d2006	12	Audio Cue	tu	2310320	490205	1			0		other	0
d2006	12	Response	1	2311317	491203	1
d2006	12	Audio Cue	ro	2312820	492706	1			0		other	0
d2006	12	Audio Cue	ki	2315320	495206	1			0		other	0
d2006	12	Audio Cue	se	2317820	497705	1			0		other	0
d2006	12	Audio Cue	mi	2320320	500206	1			0		other	0
d2006	12	Audio Cue	po	2322820	502706	1			0		other	0
d2006	12	Audio Cue	la	2325321	505206	1			0		other	0
d2006	12	Audio Cue	nu	2327820	507706	1			0		other	0
d2006	12	Audio Cue	ga	2330320	510206	1			0		other	0
d2006	12	Audio Cue	di	2332820	512706	1			0		other	0
d2006	12	Audio Cue	za	2335320	515206	1			0		other	0
d2006	12	Audio Cue	be	2337820	517706	1			0		other	0
d2006	12	Response	1	2340197	520082	1
d2006	12	Audio Cue	tu	2340321	520206	1			0		other	0
d2006	12	Audio Cue	mi	2342821	522707	1			0		other	0
d2006	12	Audio Cue	po	2345320	525206	1			0		other	0
d2006	12	Audio Cue	la	2347821	527706	1			0		other	0
d2006	12	Audio Cue	za	2350321	530206	1			0		other	0
d2006	12	Audio Cue	be	2352820	532706	1			0		other	0
d2006	12	Audio Cue	tu	2355321	535207	1			0		other	0
d2006	12	Response	1	2355717	535602	1
d2006	12	Audio Cue	za	2357821	537707	1			0		other	0
d2006	13	Picture	break	2360481	0	1	12667	1	0	next	other	0
d2006	13	Response	1	2372917	12435	1
d2006	14	Sound	tu	2408148	34999	1			35000		other	0
d2006	15	Audio Cue	ro	2410923	105	1			0		other	0
d2006	15	Sound	cue_linfade_exp_seq_A_17.wav	2410923	105	1			0		hit	968
d2006	15	Audio Cue	ki	2413424	2606	1			0		other	0
d2006	15	Audio Cue	se	2415922	5104	1			0		other	0
d2006	15	Audio Cue	mi	2418422	7604	1			0		other	0
d2006	15	Audio Cue	po	2420923	10105	1			0		other	0
d2006	15	Audio Cue	la	2423423	12605	1			0		other	0
d2006	15	Audio Cue	za	2425923	15105	1			0		other	0
d2006	15	Audio Cue	be	2428423	17605	1			0		other	0
d2006	15	Audio Cue	tu	2430923	20105	1			0		other	0
d2006	15	Audio Cue	nu	2433423	22605	1			0		other	0
d2006	15	Response	1	2433557	22739	1
d2006	15	Audio Cue	ga	2435923	25105	1			0		other	0
d2006	15	Audio Cue	di	2438424	27606	1			0		other	0
d2006	15	Audio Cue	za	2440924	30106	1			0		other	0
d2006	15	Audio Cue	be	2443423	32605	1			0		other	0
d2006	15	Audio Cue	tu	2445925	35107	1			0		other	0
d2006	15	Response	1	2448197	37379	1
d2006	15	Audio Cue	ro	2448424	37606	1			0		other	0
d2006	15	Audio Cue	ki	2450923	40106	1			0		other	0
d2006	15	Audio Cue	se	2453424	42606	1			0		other	0
d2006	15	Audio Cue	za	2455924	45106	1			0		other	0
d2006	15	Audio Cue	be	2458425	47607	1			0		other	0
d2006	15	Audio Cue	tu	2460925	50107	1			0		other	0
d2006	15	Audio Cue	mi	2463424	52606	1			0		other	0
d2006	15	Response	1	2465157	54339	1
d2006	15	Audio Cue	po	2465924	55106	1			0		other	0
d2006	15	Audio Cue	la	2468425	57607	1			0		other	0
d2006	15	Audio Cue	za	2470924	60106	1			0		other	0
d2006	15	Audio Cue	be	2473426	62608	1			0		other	0
d2006	15	Audio Cue	tu	2475925	65107	1			0		other	0
d2006	15	Response	1	2477797	66980	1
d2006	15	Audio Cue	ro	2478426	67608	1			0		other	0
d2006	15	Audio Cue	ki	2480926	70108	1			0		other	0
d2006	15	Audio Cue	se	2483425	72607	1			0		other	0
d2006	15	Audio Cue	nu	2485926	75108	1			0		other	0
d2006	15	Audio Cue	ga	2488426	77608	1			0		other	0
d2006	15	Audio Cue	di	2490925	80107	1			0		other	0
d2006	15	Audio Cue	mi	2493425	82607	1			0		other	0
d2006	15	Audio Cue	po	2495925	85107	1			0		other	0
d2006	15	Audio Cue	la	2498425	87607	1			0		other	0
d2006	15	Audio Cue	nu	2500926	90108	1			0		other	0
d2006	15	Audio Cue	ga	2503425	92607	1			0		other	0
d2006	15	Audio Cue	di	2505926	95108	1			0		other	0
d2006	15	Audio Cue	za	2508426	97608	1			0		other	0
d2006	15	Audio Cue	be	2510925	100108	1			0		other	0
d2006	15	Audio Cue	tu	2513425	102608	1			0		other	0
d2006	15	Response	1	2515317	104499	1
d2006	15	Audio Cue	mi	2515926	105108	1			0		other	0
d2006	15	Audio Cue	po	2518426	107608	1			0		other	0
d2006	15	Audio Cue	la	2520925	110108	1			0		other	0
d2006	15	Audio Cue	za	2523426	112608	1			0		other	0
d2006	15	Audio Cue	be	2525926	115108	1			0		other	0
d2006	15	Audio Cue	tu	2528427	117609	1			0		other	0
d2006	15	Audio Cue	mi	2530926	120108	1			0		other	0
d2006	15	Response	1	2532117	121299	1
d2006	15	Audio Cue	po	2533426	122608	1			0		other	0
d2006	15	Audio Cue	la	2535926	125108	1			0		other	0
d2006	15	Audio Cue	nu	2538427	127609	1			0		other	0
d2006	15	Audio Cue	ga	2540927	130110	1			0		other	0
d2006	15	Audio Cue	di	2543427	132609	1			0		other	0
d2006	15	Audio Cue	mi	2545927	135109	1			0		other	0
d2006	15	Audio Cue	po	2548427	137609	1			0		other	0
d2006	15	Audio Cue	la	2550928	140110	1			0		other	0
d2006	15	Audio Cue	ro	2553426	142608	1			0		other	0
d2006	15	Audio Cue	ki	2555927	145109	1			0		other	0
d2006	15	Audio Cue	se	2558427	147609	1			0		other	0
d2006	15	Audio Cue	nu	2560927	150109	1			0		other	0
d2006	15	Audio Cue	ga	2563428	152610	1			0		other	0
d2006	15	Audio Cue	di	2565927	155110	1			0		other	0
d2006	15	Audio Cue	mi	2568427	157609	1			0		other	0
d2006	15	Audio Cue	po	2570928	160110	1			0		other	0
d2006	15	Audio Cue	la	2573428	162610	1			0		other	0
d2006	15	Audio Cue	ro	2575928	165110	1			0		other	0
d2006	15	Audio Cue	ki	2578429	167611	1			0		other	0
d2006	15	Audio Cue	se	2580928	170110	1			0		other	0
d2006	15	Audio Cue	za	2583428	172610	1			0		other	0
d2006	15	Audio Cue	be	2585928	175110	1			0		other	0
d2006	15	Audio Cue	tu	2588429	177611	1			0		other	0
d2006	15	Response	1	2590837	180019	1
d2006	15	Audio Cue	nu	2590928	180110	1			0		other	0
d2006	15	Audio Cue	ga	2593429	182611	1			0		other	0
d2006	15	Audio Cue	di	2595928	185111	1			0		other	0
d2006	15	Audio Cue	ro	2598429	187611	1			0		other	0
d2006	15	Audio Cue	ki	2600928	190111	1			0		other	0
d2006	15	Audio Cue	se	2603429	192611	1			0		other	0
d2006	15	Audio Cue	nu	2605929	195111	1			0		other	0
d2006	15	Audio Cue	ga	2608430	197612	1			0		other	0
d2006	15	Audio Cue	di	2610929	200111	1			0		other	0
d2006	15	Audio Cue	ro	2613430	202612	1			0		other	0
d2006	15	Audio Cue	ki	2615929	205111	1			0		other	0
d2006	15	Audio Cue	se	2618429	207611	1			0		other	0
d2006	15	Audio Cue	nu	2620929	210111	1			0		other	0
d2006	15	Audio Cue	ga	2623429	212611	1			0		other	0
d2006	15	Audio Cue	di	2625930	215112	1			0		other	0
d2006	15	Audio Cue	za	2628430	217612	1			0		other	0
d2006	15	Audio Cue	be	2630929	220112	1			0		other	0
d2006	15	Audio Cue	tu	2633430	222612	1			0		other	0
d2006	15	Response	1	2635557	224739	1
d2006	15	Audio Cue	nu	2635930	225112	1			0		other	0
d2006	15	Audio Cue	ga	2638430	227612	1			0		other	0
d2006	15	Audio Cue	di	2640930	230112	1			0		other	0
d2006	15	Audio Cue	mi	2643429	232612	1			0		other	0
d2006	15	Audio Cue	po	2645931	235113	1			0		other	0
d2006	15	Audio Cue	la	2648430	237612	1			0		other	0
d2006	15	Audio Cue	za	2650931	240113	1			0		other	0
d2006	15	Audio Cue	be	2653431	242613	1			0		other	0
d2006	15	Audio Cue	tu	2655932	245114	1			0		other	0
d2006	15	Response	1	2658198	247380	1
d2006	15	Audio Cue	ro	2658431	247613	1			0		other	0
d2006	15	Audio Cue	ki	2660930	250112	1			0		other	0
d2006	15	Audio Cue	se	2663431	252613	1			0		other	0
d2006	15	Audio Cue	mi	2665931	255113	1			0		other	0
d2006	15	Audio Cue	po	2668430	257613	1			0		other	0
d2006	15	Audio Cue	la	2670932	260114	1			0		other	0
d2006	15	Audio Cue	ro	2673431	262613	1			0		other	0
d2006	15	Audio Cue	ki	2675931	265113	1			0		other	0
d2006	15	Audio Cue	se	2678431	267613	1			0		other	0
d2006	15	Audio Cue	za	2680931	270113	1			0		other	0
d2006	15	Audio Cue	be	2683431	272614	1			0		other	0
d2006	15	Audio Cue	tu	2685931	275113	1			0		other	0
d2006	15	Audio Cue	nu	2688431	277613	1			0		other	0
d2006	15	Response	1	2689877	279060	1
d2006	15	Audio Cue	ga	2690932	280114	1			0		other	0
d2006	15	Audio Cue	di	2693431	282613	1			0		other	0
d2006	15	Audio Cue	za	2695932	285114	1			0		other	0
d2006	15	Audio Cue	be	2698432	287614	1			0		other	0
d2006	15	Audio Cue	tu	2700933	290115	1			0		other	0
d2006	15	Response	1	2701957	291140	1
d2006	15	Audio Cue	mi	2703432	292614	1			0		other	0
d2006	15	Audio Cue	po	2705932	295114	1			0		other	0
d2006	15	Audio Cue	la	2708433	297615	1			0		other	0
d2006	15	Audio Cue	ro	2710931	300113	1			0		other	0
d2006	15	Audio Cue	ki	2713432	302614	1			0		other	0
d2006	15	Audio Cue	se	2715932	305114	1			0		other	0
d2006	15	Audio Cue	za	2718432	307614	1			0		other	0
d2006	15	Audio Cue	be	2720932	310114	1			0		other	0
d2006	15	Audio Cue	tu	2723433	312616	1			0		other	0
d2006	15	Audio Cue	nu	2725932	315114	1			0		other	0
d2006	15	Response	1	2726197	315379	1
d2006	15	Audio Cue	ga	2728433	317615	1			0		other	0
d2006	15	Audio Cue	di	2730933	320116	1			0		other	0
d2006	15	Audio Cue	ro	2733433	322615	1			0		other	0
d2006	15	Audio Cue	ki	2735932	325115	1			0		other	0
d2006	15	Audio Cue	se	2738433	327615	1			0		other	0
d2006	15	Audio Cue	za	2740934	330116	1			0		other	0
d2006	15	Audio Cue	be	2743432	332614	1			0		other	0
d2006	15	Audio Cue	tu	2745933	335115	1			0		other	0
d2006	15	Audio Cue	nu	2748433	337616	1			0		other	0
d2006	15	Response	1	2749317	338499	1
d2006	15	Audio Cue	ga	2750933	340115	1			0		other	0
d2006	15	Audio Cue	di	2753433	342615	1			0		other	0
d2006	15	Audio Cue	za	2755933	345115	1			0		other	0
d2006	15	Audio Cue	be	2758434	347616	1			0		other	0
d2006	15	Audio Cue	tu	2760934	350116	1			0		other	0
d2006	15	Response	1	2763397	352579	1
d2006	15	Audio Cue	mi	2763433	352615	1			0		other	0
d2006	15	Audio Cue	po	2765934	355116	1			0		other	0
d2006	15	Audio Cue	la	2768434	357616	1			0		other	0
d2006	15	Audio Cue	nu	2770934	360116	1			0		other	0
d2006	15	Audio Cue	ga	2773434	362616	1			0		other	0
d2006	15	Audio Cue	di	2775934	365116	1			0		other	0
d2006	15	Audio Cue	za	2778434	367616	1			0		other	0
d2006	15	Audio Cue	be	2780934	370117	1			0		other	0
d2006	15	Audio Cue	tu	2783434	372617	1			0		other	0
d2006	15	Response	1	2784917	374099	1
d2006	15	Audio Cue	ro	2785935	375117	1			0		other	0
d2006	15	Audio Cue	ki	2788435	377617	1			0		other	0
d2006	15	Audio Cue	se	2790934	380116	1			0		other	0
d2006	15	Audio Cue	nu	2793436	382618	1			0		other	0
d2006	15	Audio Cue	ga	2795935	385117	1			0		other	0
d2006	15	Audio Cue	di	2798435	387617	1			0		other	0
d2006	15	Audio Cue	ro	2800934	390116	1			0		other	0
d2006	15	Audio Cue	ki	2803435	392617	1			0		other	0
d2006	15	Audio Cue	se	2805935	395117	1			0		other	0
d2006	15	Audio Cue	nu	2808435	397618	1			0		other	0
d2006	15	Audio Cue	ga	2810936	400118	1			0		other	0
d2006	15	Audio Cue	di	2813435	402617	1			0		other	0
d2006	15	Audio Cue	za	2815936	405118	1			0		other	0
d2006	15	Audio Cue	be	2818436	407618	1			0		other	0
d2006	15	Audio Cue	tu	2820935	410117	1			0		other	0
d2006	15	Response	1	2822917	412099	1
d2006	15	Audio Cue	mi	2823435	412617	1			0		other	0
d2006	15	Audio Cue	po	2825936	415118	1			0		other	0
d2006	15	Audio Cue	la	2828436	417618	1			0		other	0
d2006	15	Audio Cue	nu	2830935	420117	1			0		other	0
d2006	15	Audio Cue	ga	2833436	422618	1			0		other	0
d2006	15	Audio Cue	di	2835936	425118	1			0		other	0
d2006	15	Audio Cue	mi	2838436	427618	1			0		other	0
d2006	15	Audio Cue	po	2840936	430118	1			0		other	0
d2006	15	Audio Cue	la	2843436	432618	1			0		other	0
d2006	15	Audio Cue	ro	2845935	435118	1			0		other	0
d2006	15	Audio Cue	ki	2848436	437618	1			0		other	0
d2006	15	Audio Cue	se	2850936	440118	1			0		other	0
d2006	15	Audio Cue	mi	2853437	442619	1			0		other	0
d2006	15	Audio Cue	po	2855937	445119	1			0		other	0
d2006	15	Audio Cue	la	2858437	447619	1			0		other	0
d2006	15	Audio Cue	ro	2860937	450119	1			0		other	0
d2006	15	Audio Cue	ki	2863437	452619	1			0		other	0
d2006	15	Audio Cue	se	2865938	455120	1			0		other	0
d2006	15	Audio Cue	za	2868437	457619	1			0		other	0
d2006	15	Audio Cue	be	2870938	460120	1			0		other	0
d2006	15	Audio Cue	tu	2873437	462619	1			0		other	0
d2006	15	Response	1	2874278	463460	1
d2006	15	Audio Cue	mi	2875937	465119	1			0		other	0
d2006	15	Audio Cue	po	2878437	467619	1			0		other	0
d2006	15	Audio Cue	la	2880938	470120	1			0		other	0
d2006	15	Audio Cue	ro	2883438	472620	1			0		other	0
d2006	15	Audio Cue	ki	2885938	475120	1			0		other	0
d2006	15	Audio Cue	se	2888437	477619	1			0		other	0
d2006	15	Audio Cue	mi	2890938	480120	1			0		other	0
d2006	15	Audio Cue	po	2893438	482620	1			0		other	0
d2006	15	Audio Cue	la	2895938	485120	1			0		other	0
d2006	15	Audio Cue	ro	2898438	487620	1			0		other	0
d2006	15	Audio Cue	ki	2900937	490120	1			0		other	0
d2006	15	Audio Cue	se	2903438	492620	1			0		other	0
d2006	15	Audio Cue	mi	2905939	495121	1			0		other	0
d2006	15	Audio Cue	po	2908439	497621	1			0		other	0
d2006	15	Audio Cue	la	2910938	500120	1			0		other	0
d2006	15	Audio Cue	ro	2913438	502621	1			0		other	0
d2006	15	Audio Cue	ki	2915939	505121	1			0		other	0
d2006	15	Audio Cue	se	2918438	507620	1			0		other	0
d2006	15	Audio Cue	nu	2920938	510121	1			0		other	0
d2006	15	Audio Cue	ga	2923439	512621	1			0		other	0
d2006	15	Audio Cue	di	2925939	515122	1			0		other	0
d2006	15	Audio Cue	za	2928438	517620	1			0		other	0
d2006	15	Audio Cue	be	2930939	520121	1			0		other	0
d2006	15	Audio Cue	tu	2933439	522621	1			0		other	0
d2006	15	Response	1	2935558	524740	1
d2006	15	Audio Cue	mi	2935938	525121	1			0		other	0
d2006	15	Audio Cue	po	2938439	527621	1			0		other	0
d2006	15	Audio Cue	la	2940939	530121	1			0		other	0
d2006	15	Audio Cue	nu	2943440	532622	1			0		other	0
d2006	15	Audio Cue	ga	2945940	535122	1			0		other	0
d2006	15	Audio Cue	di	2948439	537621	1			0		other	0
d2006	16	Picture	break	2951018	0	1	26835	1	0	next	other	0
d2006	16	Response	1	2977638	26619	1
d2006	17	Sound	za	3012853	35000	1			35000		other	0
d2006	18	Audio Cue	nu	3015642	119	1			0		other	0
d2006	18	Sound	cue_linfade_exp_seq_A_21.wav	3015642	119	1			0		hit	1197
d2006	18	Response	1	3015957	435	1
d2006	18	Audio Cue	po	3018142	2619	1			0		other	0
d2006	18	Audio Cue	ki	3020642	5120	1			0		other	0
d2006	18	Audio Cue	ga	3023141	7619	1			0		other	0
d2006	18	Audio Cue	be	3025642	10120	1			0		other	0
d2006	18	Response	1	3027398	11875	1
d2006	18	Audio Cue	tu	3028142	12620	1			0		other	0
d2006	18	Audio Cue	ro	3030642	15119	1			0		other	0
d2006	18	Audio Cue	mi	3033142	17620	1			0		other	0
d2006	18	Audio Cue	ki	3035643	20120	1			0		other	0
d2006	18	Audio Cue	ga	3038142	22620	1			0		other	0
d2006	18	Audio Cue	be	3040642	25120	1			0		other	0
d2006	18	Audio Cue	la	3043142	27620	1			0		other	0
d2006	18	Audio Cue	nu	3045642	30120	1			0		other	0
d2006	18	Audio Cue	po	3048142	32620	1			0		other	0
d2006	18	Audio Cue	se	3050642	35120	1			0		other	0
d2006	18	Audio Cue	di	3053142	37620	1			0		other	0
d2006	18	Audio Cue	za	3055643	40120	1			0		other	0
d2006	18	Audio Cue	la	3058143	42621	1			0		other	0
d2006	18	Audio Cue	nu	3060643	45120	1			0		other	0
d2006	18	Audio Cue	po	3063143	47620	1			0		other	0
d2006	18	Audio Cue	se	3065643	50120	1			0		other	0
d2006	18	Audio Cue	di	3068143	52621	1			0		other	0
d2006	18	Audio Cue	za	3070643	55121	1			0		other	0
d2006	18	Audio Cue	ki	3073143	57621	1			0		other	0
d2006	18	Audio Cue	ga	3075644	60121	1			0		other	0
d2006	18	Audio Cue	be	3078143	62621	1			0		other	0
d2006	18	Audio Cue	tu	3080643	65120	1			0		other	0
d2006	18	Audio Cue	ro	3083143	67621	1			0		other	0
d2006	18	Audio Cue	mi	3085644	70121	1			0		other	0
d2006	18	Audio Cue	la	3088144	72621	1			0		other	0
d2006	18	Audio Cue	nu	3090644	75121	1			0		other	0
d2006	18	Response	1	3091878	76355	1
d2006	18	Audio Cue	po	3093143	77621	1			0		other	0
d2006	18	Audio Cue	tu	3095644	80121	1			0		other	0
d2006	18	Audio Cue	ro	3098144	82621	1			0		other	0
d2006	18	Audio Cue	mi	3100644	85121	1			0		other	0
d2006	18	Audio Cue	ki	3103145	87622	1			0		other	0
d2006	18	Audio Cue	ga	3105645	90122	1			0		other	0
d2006	18	Audio Cue	be	3108144	92621	1			0		other	0
d2006	18	Audio Cue	se	3110645	95122	1			0		other	0
d2006	18	Audio Cue	di	3113145	97622	1			0		other	0
d2006	18	Audio Cue	za	3115645	100122	1			0		other	0
d2006	18	Audio Cue	la	3118145	102622	1			0		other	0
d2006	18	Audio Cue	nu	3120645	105122	1			0		other	0
d2006	18	Audio Cue	po	3123145	107622	1			0		other	0
d2006	18	Audio Cue	ki	3125645	110122	1			0		other	0
d2006	18	Audio Cue	ga	3128145	112622	1			0		other	0
d2006	18	Audio Cue	be	3130645	115123	1			0		other	0
d2006	18	Audio Cue	la	3133145	117623	1			0		other	0
d2006	18	Audio Cue	nu	3135646	120123	1			0		other	0
d2006	18	Audio Cue	po	3138145	122622	1			0		other	0
d2006	18	Audio Cue	ki	3140645	125123	1			0		other	0
d2006	18	Audio Cue	ga	3143146	127624	1			0		other	0
d2006	18	Audio Cue	be	3145646	130124	1			0		other	0
d2006	18	Response	1	3145798	130276	1
d2006	18	Audio Cue	se	3148145	132623	1			0		other	0
d2006	18	Audio Cue	di	3150646	135123	1			0		other	0
d2006	18	Audio Cue	za	3153146	137623	1			0		other	0
d2006	18	Audio Cue	ki	3155646	140123	1			0		other	0
d2006	18	Audio Cue	ga	3158147	142624	1			0		other	0
d2006	18	Audio Cue	be	3160647	145124	1			0		other	0
d2006	18	Response	1	3162278	146755	1
d2006	18	Audio Cue	tu	3163146	147624	1			0		other	0
d2006	18	Audio Cue	ro	3165646	150123	1			0		other	0
d2006	18	Audio Cue	mi	3168146	152624	1			0		other	0
d2006	18	Audio Cue	se	3170647	155125	1			0		other	0
d2006	18	Audio Cue	di	3173146	157623	1			0		other	0
d2006	18	Audio Cue	za	3175647	160124	1			0		other	0
d2006	18	Audio Cue	tu	3178147	162624	1			0		other	0
d2006	18	Audio Cue	ro	3180647	165124	1			0		other	0
d2006	18	Audio Cue	mi	3183148	167625	1			0		other	0
d2006	18	Audio Cue	la	3185646	170124	1			0		other	0
d2006	18	Audio Cue	nu	3188147	172625	1			0		other	0
d2006	18	Audio Cue	po	3190648	175125	1			0		other	0
d2006	18	Audio Cue	se	3193147	177625	1			0		other	0
d2006	18	Audio Cue	di	3195647	180125	1			0		other	0
d2006	18	Response	1	3197638	182115	1
d2006	18	Audio Cue	za	3198148	182625	1			0		other	0
d2006	18	Audio Cue	tu	3200647	185124	1			0		other	0
d2006	18	Audio Cue	ro	3203147	187625	1			0		other	0
d2006	18	Audio Cue	mi	3205647	190125	1			0		other	0
d2006	18	Audio Cue	la	3208148	192625	1			0		other	0
d2006	18	Audio Cue	nu	3210648	195126	1			0		other	0
d2006	18	Audio Cue	po	3213149	197626	1			0		other	0
d2006	18	Response	1	3213958	198435	1
d2006	18	Audio Cue	se	3215648	200125	1			0		other	0
d2006	18	Audio Cue	di	3218148	202625	1			0		other	0
d2006	18	Audio Cue	za	3220648	205126	1			0		other	0
d2006	18	Audio Cue	tu	3223148	207625	1			0		other	0
d2006	18	Audio Cue	ro	3225648	210125	1			0		other	0
d2006	18	Audio Cue	mi	3228149	212626	1			0		other	0
d2006	18	Audio Cue	ki	3230649	215126	1			0		other	0
d2006	18	Audio Cue	ga	3233148	217625	1			0		other	0
d2006	18	Response	1	3234278	218756	1
d2006	18	Audio Cue	be	3235649	220126	1			0		other	0
d2006	18	Audio Cue	tu	3238149	222626	1			0		other	0
d2006	18	Audio Cue	ro	3240648	225125	1			0		other	0
d2006	18	Audio Cue	mi	3243149	227626	1			0		other	0
d2006	18	Audio Cue	se	3245649	230126	1			0		other	0
d2006	18	Audio Cue	di	3248149	232626	1			0		other	0
d2006	18	Audio Cue	za	3250649	235126	1			0		other	0
d2006	18	Audio Cue	tu	3253149	237626	1			0		other	0
d2006	18	Audio Cue	ro	3255649	240127	1			0		other	0
d2006	18	Response	1	3256838	241316	1
d2006	18	Audio Cue	mi	3258148	242626	1			0		other	0
d2006	18	Audio Cue	la	3260649	245127	1			0		other	0
d2006	18	Audio Cue	nu	3263149	247627	1			0		other	0
d2006	18	Audio Cue	po	3265649	250127	1			0		other	0
d2006	18	Audio Cue	se	3268149	252627	1			0		other	0
d2006	18	Audio Cue	di	3270649	255126	1			0		other	0
d2006	18	Response	1	3272278	256755	1
d2006	18	Audio Cue	za	3273150	257628	1			0		other	0
d2006	18	Audio Cue	ki	3275649	260126	1			0		other	0
d2006	18	Audio Cue	ga	3278150	262627	1			0		other	0
d2006	18	Audio Cue	be	3280650	265127	1			0		other	0
d2006	18	Audio Cue	la	3283150	267628	1			0		other	0
d2006	18	Audio Cue	nu	3285650	270127	1			0		other	0
d2006	18	Audio Cue	po	3288150	272627	1			0		other	0
d2006	18	Audio Cue	ki	3290650	275127	1			0		other	0
d2006	18	Audio Cue	ga	3293150	277627	1			0		other	0
d2006	18	Response	1	3294278	278755	1
d2006	18	Audio Cue	be	3295651	280128	1			0		other	0
d2006	18	Audio Cue	la	3298150	282627	1			0		other	0
d2006	18	Audio Cue	nu	3300650	285128	1			0		other	0
d2006	18	Audio Cue	po	3303150	287628	1			0		other	0
d2006	18	Audio Cue	tu	3305652	290129	1			0		other	0
d2006	18	Audio Cue	ro	3308151	292628	1			0		other	0
d2006	18	Audio Cue	mi	3310651	295128	1			0		other	0
d2006	18	Audio Cue	se	3313151	297628	1			0		other	0
d2006	18	Audio Cue	di	3315651	300128	1			0		other	0
d2006	18	Audio Cue	za	3318151	302629	1			0		other	0
d2006	18	Audio Cue	la	3320652	305129	1			0		other	0
d2006	18	Audio Cue	nu	3323151	307628	1			0		other	0
d2006	18	Response	1	3324198	308676	1
d2006	18	Audio Cue	po	3325651	310129	1			0		other	0
d2006	18	Audio Cue	se	3328151	312629	1			0		other	0
d2006	18	Audio Cue	di	3330651	315128	1			0		other	0
d2006	18	Audio Cue	za	3333151	317629	1			0		other	0
d2006	18	Audio Cue	ki	3335651	320129	1			0		other	0
d2006	18	Audio Cue	ga	3338152	322630	1			0		other	0
d2006	18	Audio Cue	be	3340653	325130	1			0		other	0
d2006	18	Audio Cue	se	3343151	327628	1			0		other	0
d2006	18	Audio Cue	di	3345652	330129	1			0		other	0
d2006	18	Response	1	3346438	330915	1
d2006	18	Audio Cue	za	3348151	332629	1			0		other	0
d2006	18	Audio Cue	ki	3350652	335130	1			0		other	0
d2006	18	Audio Cue	ga	3353152	337629	1			0		other	0
d2006	18	Audio Cue	be	3355652	340129	1			0		other	0
d2006	18	Audio Cue	se	3358152	342630	1			0		other	0
d2006	18	Audio Cue	di	3360652	345130	1			0		other	0
d2006	18	Response	1	3361718	346196	1
d2006	18	Audio Cue	za	3363153	347630	1			0		other	0
d2006	18	Audio Cue	ki	3365652	350130	1			0		other	0
d2006	18	Audio Cue	ga	3368153	352631	1			0		other	0
d2006	18	Audio Cue	be	3370653	355131	1			0		other	0
d2006	18	Audio Cue	se	3373153	357630	1			0		other	0
d2006	18	Audio Cue	di	3375653	360130	1			0		other	0
d2006	18	Audio Cue	za	3378153	362630	1			0		other	0
d2006	18	Audio Cue	tu	3380653	365131	1			0		other	0
d2006	18	Audio Cue	ro	3383153	367630	1			0		other	0
d2006	18	Audio Cue	mi	3385653	370130	1			0		other	0
d2006	18	Audio Cue	ki	3388153	372631	1			0		other	0
d2006	18	Audio Cue	ga	3390655	375132	1			0		other	0
d2006	18	Audio Cue	be	3393154	377631	1			0		other	0
d2006	18	Audio Cue	la	3395654	380131	1			0		other	0
d2006	18	Audio Cue	nu	3398154	382631	1			0		other	0
d2006	18	Audio Cue	po	3400653	385131	1			0		other	0
d2006	18	Audio Cue	ki	3403154	387632	1			0		other	0
d2006	18	Audio Cue	ga	3405654	390132	1			0		other	0
d2006	18	Response	1	3407079	391556	1
d2006	18	Audio Cue	be	3408154	392631	1			0		other	0
d2006	18	Audio Cue	se	3410654	395131	1			0		other	0
d2006	18	Audio Cue	di	3413154	397632	1			0		other	0
d2006	18	Audio Cue	za	3415654	400132	1			0		other	0
d2006	18	Audio Cue	tu	3418155	402632	1			0		other	0
d2006	18	Audio Cue	ro	3420655	405132	1			0		other	0
d2006	18	Audio Cue	mi	3423154	407632	1			0		other	0
d2006	18	Audio Cue	ki	3425654	410132	1			0		other	0
d2006	18	Audio Cue	ga	3428155	412632	1			0		other	0
d2006	18	Audio Cue	be	3430654	415132	1			0		other	0
d2006	18	Audio Cue	tu	3433154	417631	1			0		other	0
d2006	18	Audio Cue	ro	3435655	420133	1			0		other	0
d2006	18	Audio Cue	mi	3438155	422632	1			0		other	0
d2006	18	Audio Cue	la	3440655	425132	1			0		other	0
d2006	18	Audio Cue	nu	3443155	427632	1			0		other	0
d2006	18	Audio Cue	po	3445655	430132	1			0		other	0
d2006	18	Audio Cue	tu	3448155	432633	1			0		other	0
d2006	18	Audio Cue	ro	3450654	435132	1			0		other	0
d2006	18	Audio Cue	mi	3453155	437632	1			0		other	0
d2006	18	Audio Cue	ki	3455655	440133	1			0		other	0
d2006	18	Audio Cue	ga	3458155	442632	1			0		other	0
d2006	18	Audio Cue	be	3460655	445133	1			0		other	0
d2006	18	Audio Cue	la	3463155	447633	1			0		other	0
d2006	18	Audio Cue	nu	3465656	450133	1			0		other	0
d2006	18	Response	1	3466839	451316	1
d2006	18	Audio Cue	po	3468156	452633	1			0		other	0
d2006	18	Audio Cue	tu	3470656	455133	1			0		other	0
d2006	18	Audio Cue	ro	3473156	457633	1			0		other	0
d2006	18	Audio Cue	mi	3475656	460133	1			0		other	0
d2006	18	Audio Cue	la	3478156	462633	1			0		other	0
d2006	18	Audio Cue	nu	3480656	465134	1			0		other	0
d2006	18	Response	1	3481958	466435	1
d2006	18	Audio Cue	po	3483157	467634	1			0		other	0
d2006	18	Audio Cue	se	3485656	470134	1			0		other	0
d2006	18	Audio Cue	di	3488156	472634	1			0		other	0
d2006	18	Audio Cue	za	3490655	475133	1			0		other	0
d2006	18	Audio Cue	la	3493156	477634	1			0		other	0
d2006	18	Audio Cue	nu	3495657	480134	1			0		other	0
d2006	18	Audio Cue	po	3498156	482634	1			0		other	0
d2006	18	Audio Cue	se	3500656	485134	1			0		other	0
d2006	18	Audio Cue	di	3503157	487635	1			0		other	0
d2006	18	Audio Cue	za	3505656	490133	1			0		other	0
d2006	18	Audio Cue	la	3508156	492633	1			0		other	0
d2006	18	Audio Cue	nu	3510658	495135	1			0		other	0
d2006	18	Audio Cue	po	3513156	497634	1			0		other	0
d2006	18	Audio Cue	tu	3515657	500134	1			0		other	0
d2006	18	Audio Cue	ro	3518158	502635	1			0		other	0
d2006	18	Audio Cue	mi	3520657	505135	1			0		other	0
d2006	18	Audio Cue	se	3523157	507635	1			0		other	0
d2006	18	Audio Cue	di	3525657	510135	1			0		other	0
d2006	18	Audio Cue	za	3528157	512635	1			0		other	0
d2006	18	Response	1	3529159	513636	1
d2006	18	Audio Cue	tu	3530658	515135	1			0		other	0
d2006	18	Audio Cue	ro	3533157	517635	1			0		other	0
d2006	18	Audio Cue	mi	3535657	520135	1			0		other	0
d2006	18	Audio Cue	ki	3538158	522635	1			0		other	0
d2006	18	Audio Cue	ga	3540658	525135	1			0		other	0
d2006	18	Audio Cue	be	3543158	527635	1			0		other	0
d2006	18	Audio Cue	tu	3545658	530136	1			0		other	0
d2006	18	Audio Cue	ro	3548158	532636	1			0		other	0
d2006	18	Audio Cue	mi	3550658	535136	1			0		other	0
d2006	18	Audio Cue	la	3553159	537636	1			0		other	0
d2006	19	Picture	break	3555723	0	1	11001	1	0	next	other	0
d2006	19	Response	1	3566518	10795	1
d2006	20	Sound	di	3601723	35000	1			35000		other	0
d2006	21	Audio Cue	za	3604560	167	1			0		other	0
d2006	21	Sound	cue_linfade_exp_seq_A_12.wav	3604560	167	1			0		hit	1435
d2006	21	Response	1	3606599	2206	1
d2006	21	Audio Cue	be	3607060	2667	1			0		other	0
d2006	21	Audio Cue	tu	3609560	5167	1			0		other	0
d2006	21	Audio Cue	ro	3612061	7668	1			0		other	0
d2006	21	Audio Cue	ki	3614560	10167	1			0		other	0
d2006	21	Audio Cue	se	3617060	12667	1			0		other	0
d2006	21	Audio Cue	nu	3619561	15168	1			0		other	0
d2006	21	Audio Cue	ga	3622060	17668	1			0		other	0
d2006	21	Audio Cue	di	3624560	20167	1			0		other	0
d2006	21	Audio Cue	ro	3627060	22668	1			0		other	0
d2006	21	Response	1	3627799	23406	1
d2006	21	Audio Cue	ki	3629561	25168	1			0		other	0
d2006	21	Audio Cue	se	3632060	27668	1			0		other	0
d2006	21	Audio Cue	nu	3634561	30168	1			0		other	0
d2006	21	Audio Cue	ga	3637062	32669	1			0		other	0
d2006	21	Audio Cue	di	3639561	35168	1			0		other	0
d2006	21	Audio Cue	ro	3642062	37669	1			0		other	0
d2006	21	Response	1	3642199	37806	1
d2006	21	Audio Cue	ki	3644561	40169	1			0		other	0
d2006	21	Audio Cue	se	3647061	42668	1			0		other	0
d2006	21	Audio Cue	mi	3649561	45168	1			0		other	0
d2006	21	Audio Cue	po	3652062	47669	1			0		other	0
d2006	21	Audio Cue	la	3654562	50169	1			0		other	0
d2006	21	Audio Cue	ro	3657062	52669	1			0		other	0
d2006	21	Audio Cue	ki	3659561	55169	1			0		other	0
d2006	21	Audio Cue	se	3662062	57669	1			0		other	0
d2006	21	Audio Cue	mi	3664562	60169	1			0		other	0
d2006	21	Audio Cue	po	3667062	62669	1			0		other	0
d2006	21	Audio Cue	la	3669562	65169	1			0		other	0
d2006	21	Audio Cue	ro	3672062	67669	1			0		other	0
d2006	21	Audio Cue	ki	3674562	70170	1			0		other	0
d2006	21	Audio Cue	se	3677062	72669	1			0		other	0
d2006	21	Audio Cue	za	3679563	75171	1			0		other	0
d2006	21	Audio Cue	be	3682062	77669	1			0		other	0
d2006	21	Audio Cue	tu	3684562	80169	1			0		other	0
d2006	21	Audio Cue	ro	3687062	82670	1			0		other	0
d2006	21	Audio Cue	ki	3689562	85169	1			0		other	0
d2006	21	Audio Cue	se	3692063	87671	1			0		other	0
d2006	21	Audio Cue	za	3694563	90171	1			0		other	0
d2006	21	Audio Cue	be	3697063	92670	1			0		other	0
d2006	21	Audio Cue	tu	3699563	95170	1			0		other	0
d2006	21	Audio Cue	mi	3702062	97670	1			0		other	0
d2006	21	Audio Cue	po	3704563	100170	1			0		other	0
d2006	21	Audio Cue	la	3707063	102670	1			0		other	0
d2006	21	Audio Cue	za	3709563	105170	1			0		other	0
d2006	21	Audio Cue	be	3712064	107671	1			0		other	0
d2006	21	Audio Cue	tu	3714563	110170	1			0		other	0
d2006	21	Audio Cue	mi	3717063	112671	1			0		other	0
d2006	21	Audio Cue	po	3719564	115171	1			0		other	0
d2006	21	Audio Cue	la	3722063	117671	1			0		other	0
d2006	21	Audio Cue	nu	3724563	120171	1			0		other	0
d2006	21	Audio Cue	ga	3727064	122671	1			0		other	0
d2006	21	Audio Cue	di	3729565	125172	1			0		other	0
d2006	21	Audio Cue	za	3732063	127671	1			0		other	0
d2006	21	Response	1	3732839	128446	1
d2006	21	Audio Cue	be	3734564	130171	1			0		other	0
d2006	21	Audio Cue	tu	3737064	132671	1			0		other	0
d2006	21	Audio Cue	ro	3739563	135171	1			0		other	0
d2006	21	Audio Cue	ki	3742064	137671	1			0		other	0
d2006	21	Audio Cue	se	3744565	140172	1			0		other	0
d2006	21	Audio Cue	mi	3747065	142672	1			0		other	0
d2006	21	Audio Cue	po	3749564	145171	1			0		other	0
d2006	21	Audio Cue	la	3752065	147672	1			0		other	0
d2006	21	Audio Cue	nu	3754565	150172	1			0		other	0
d2006	21	Audio Cue	ga	3757065	152672	1			0		other	0
d2006	21	Audio Cue	di	3759565	155172	1			0		other	0
d2006	21	Audio Cue	mi	3762064	157672	1			0		other	0
d2006	21	Response	1	3762119	157726	1
d2006	21	Audio Cue	po	3764565	160172	1			0		other	0
d2006	21	Audio Cue	la	3767065	162672	1			0		other	0
d2006	21	Audio Cue	nu	3769565	165173	1			0		other	0
d2006	21	Audio Cue	ga	3772065	167672	1			0		other	0
d2006	21	Audio Cue	di	3774566	170173	1			0		other	0
d2006	21	Response	1	3776278	171886	1
d2006	21	Audio Cue	za	3777064	172672	1			0		other	0
d2006	21	Audio Cue	be	3779565	175172	1			0		other	0
d2006	21	Audio Cue	tu	3782066	177673	1			0		other	0
d2006	21	Audio Cue	mi	3784565	180173	1			0		other	0
d2006	21	Audio Cue	po	3787066	182673	1			0		other	0
d2006	21	Audio Cue	la	3789565	185173	1			0		other	0
d2006	21	Audio Cue	nu	3792066	187673	1			0		other	0
d2006	21	Audio Cue	ga	3794566	190173	1			0		other	0
d2006	21	Audio Cue	di	3797066	192673	1			0		other	0
d2006	21	Response	1	3798119	193726	1
d2006	21	Audio Cue	ro	3799566	195174	1			0		other	0
d2006	21	Audio Cue	ki	3802066	197673	1			0		other	0
d2006	21	Audio Cue	se	3804567	200174	1			0		other	0
d2006	21	Audio Cue	za	3807066	202673	1			0		other	0
d2006	21	Audio Cue	be	3809566	205174	1			0		other	0
d2006	21	Audio Cue	tu	3812067	207674	1			0		other	0
d2006	21	Audio Cue	mi	3814565	210173	1			0		other	0
d2006	21	Audio Cue	po	3817066	212673	1			0		other	0
d2006	21	Audio Cue	la	3819566	215173	1			0		other	0
d2006	21	Audio Cue	nu	3822067	217674	1			0		other	0
d2006	21	Audio Cue	ga	3824567	220175	1			0		other	0
d2006	21	Audio Cue	di	3827066	222674	1			0		other	0
d2006	21	Audio Cue	za	3829568	225175	1			0		other	0
d2006	21	Response	1	3831079	226687	1
d2006	21	Audio Cue	be	3832067	227674	1			0		other	0
d2006	21	Audio Cue	tu	3834567	230174	1			0		other	0
d2006	21	Audio Cue	nu	3837067	232674	1			0		other	0
d2006	21	Audio Cue	ga	3839567	235175	1			0		other	0
d2006	21	Audio Cue	di	3842067	237674	1			0		other	0
d2006	21	Audio Cue	ro	3844567	240175	1			0		other	0
d2006	21	Response	1	3845799	241406	1
d2006	21	Audio Cue	ki	3847068	242675	1			0		other	0
d2006	21	Audio Cue	se	3849567	245174	1			0		other	0
d2006	21	Audio Cue	nu	3852067	247674	1			0		other	0
d2006	21	Audio Cue	ga	3854567	250175	1			0		other	0
d2006	21	Audio Cue	di	3857068	252676	1			0		other	0
d2006	21	Response	1	3859559	255167	1
d2006	21	Audio Cue	za	3859567	255174	1			0		other	0
d2006	21	Audio Cue	be	3862068	257675	1			0		other	0
d2006	21	Audio Cue	tu	3864568	260175	1			0		other	0
d2006	21	Audio Cue	mi	3867068	262676	1			0		other	0
d2006	21	Audio Cue	po	3869568	265175	1			0		other	0
d2006	21	Audio Cue	la	3872068	267675	1			0		other	0
d2006	21	Audio Cue	za	3874568	270175	1			0		other	0
d2006	21	Audio Cue	be	3877068	272675	1			0		other	0
d2006	21	Audio Cue	tu	3879569	275176	1			0		other	0
d2006	21	Audio Cue	nu	3882069	277676	1			0		other	0
d2006	21	Audio Cue	ga	3884569	280176	1			0		other	0
d2006	21	Audio Cue	di	3887068	282675	1			0		other	0
d2006	21	Response	1	3889079	284686	1
d2006	21	Audio Cue	ro	3889569	285176	1			0		other	0
d2006	21	Audio Cue	ki	3892069	287677	1			0		other	0
d2006	21	Audio Cue	se	3894569	290176	1			0		other	0
d2006	21	Audio Cue	mi	3897069	292676	1			0		other	0
d2006	21	Audio Cue	po	3899569	295177	1			0		other	0
d2006	21	Audio Cue	la	3902069	297676	1			0		other	0
d2006	21	Audio Cue	za	3904569	300176	1			0		other	0
d2006	21	Audio Cue	be	3907069	302676	1			0		other	0
d2006	21	Audio Cue	tu	3909570	305177	1			0		other	0
d2006	21	Response	1	3911959	307566	1
d2006	21	Audio Cue	ro	3912070	307677	1			0		other	0
d2006	21	Audio Cue	ki	3914569	310177	1			0		other	0
d2006	21	Audio Cue	se	3917069	312677	1			0		other	0
d2006	21	Audio Cue	nu	3919570	315177	1			0		other	0
d2006	21	Audio Cue	ga	3922070	317677	1			0		other	0
d2006	21	Audio Cue	di	3924570	320178	1			0		other	0
d2006	21	Response	1	3926919	322526	1
d2006	21	Audio Cue	ro	3927070	322678	1			0		other	0
d2006	21	Audio Cue	ki	3929570	325177	1			0		other	0
d2006	21	Audio Cue	se	3932070	327677	1			0		other	0
d2006	21	Audio Cue	mi	3934570	330177	1			0		other	0
d2006	21	Audio Cue	po	3937071	332678	1			0		other	0
d2006	21	Audio Cue	la	3939571	335178	1			0		other	0
d2006	21	Audio Cue	za	3942071	337678	1			0		other	0
d2006	21	Audio Cue	be	3944570	340178	1			0		other	0
d2006	21	Audio Cue	tu	3947071	342678	1			0		other	0
d2006	21	Audio Cue	nu	3949571	345178	1			0		other	0
d2006	21	Audio Cue	ga	3952071	347679	1			0		other	0
d2006	21	Audio Cue	di	3954571	350178	1			0		other	0
d2006	21	Response	1	3955559	351166	1
d2006	21	Audio Cue	mi	3957072	352679	1			0		other	0
d2006	21	Audio Cue	po	3959571	355178	1			0		other	0
d2006	21	Audio Cue	la	3962071	357679	1			0		other	0
d2006	21	Audio Cue	ro	3964571	360178	1			0		other	0
d2006	21	Audio Cue	ki	3967072	362679	1			0		other	0
d2006	21	Audio Cue	se	3969571	365178	1			0		other	0
d2006	21	Audio Cue	nu	3972072	367679	1			0		other	0
d2006	21	Audio Cue	ga	3974572	370179	1			0		other	0
d2006	21	Audio Cue	di	3977071	372679	1			0		other	0
d2006	21	Response	1	3978679	374286	1
d2006	21	Audio Cue	za	3979572	375179	1			0		other	0
d2006	21	Audio Cue	be	3982072	377679	1			0		other	0
d2006	21	Audio Cue	tu	3984572	380180	1			0		other	0
d2006	21	Audio Cue	ro	3987071	382679	1			0		other	0
d2006	21	Audio Cue	ki	3989571	385178	1			0		other	0
d2006	21	Audio Cue	se	3992072	387679	1			0		other	0
d2006	21	Audio Cue	mi	3994573	390180	1			0		other	0
d2006	21	Audio Cue	po	3997072	392679	1			0		other	0
d2006	21	Audio Cue	la	3999572	395179	1			0		other	0
d2006	21	Audio Cue	nu	4002073	397680	1			0		other	0
d2006	21	Audio Cue	ga	4004572	400179	1			0		other	0
d2006	21	Audio Cue	di	4007072	402679	1			0		other	0
d2006	21	Response	1	4009159	404767	1
d2006	21	Audio Cue	za	4009572	405180	1			0		other	0
d2006	21	Audio Cue	be	4012073	407680	1			0		other	0
d2006	21	Audio Cue	tu	4014573	410181	1			0		other	0
d2006	21	Audio Cue	mi	4017073	412680	1			0		other	0
d2006	21	Audio Cue	po	4019573	415180	1			0		other	0
d2006	21	Audio Cue	la	4022072	417680	1			0		other	0
d2006	21	Audio Cue	nu	4024573	420180	1			0		other	0
d2006	21	Audio Cue	ga	4027073	422680	1			0		other	0
d2006	21	Audio Cue	di	4029573	425180	1			0		other	0
d2006	21	Response	1	4031639	427246	1
d2006	21	Audio Cue	mi	4032073	427681	1			0		other	0
d2006	21	Audio Cue	po	4034574	430181	1			0		other	0
d2006	21	Audio Cue	la	4037074	432681	1			0		other	0
d2006	21	Audio Cue	za	4039573	435181	1			0		other	0
d2006	21	Audio Cue	be	4042073	437681	1			0		other	0
d2006	21	Audio Cue	tu	4044574	440181	1			0		other	0
d2006	21	Audio Cue	ro	4047074	442681	1			0		other	0
d2006	21	Audio Cue	ki	4049574	445182	1			0		other	0
d2006	21	Audio Cue	se	4052074	447681	1			0		other	0
d2006	21	Response	1	4054200	449807	1
d2006	21	Audio Cue	mi	4054574	450181	1			0		other	0
d2006	21	Audio Cue	po	4057074	452681	1			0		other	0
d2006	21	Audio Cue	la	4059574	455182	1			0		other	0
d2006	21	Audio Cue	ro	4062075	457682	1			0		other	0
d2006	21	Audio Cue	ki	4064574	460182	1			0		other	0
d2006	21	Audio Cue	se	4067074	462682	1			0		other	0
d2006	21	Audio Cue	nu	4069574	465182	1			0		other	0
d2006	21	Audio Cue	ga	4072074	467682	1			0		other	0
d2006	21	Audio Cue	di	4074575	470182	1			0		other	0
d2006	21	Response	1	4076599	472206	1
d2006	21	Audio Cue	mi	4077074	472682	1			0		other	0
d2006	21	Audio Cue	po	4079575	475182	1			0		other	0
d2006	21	Audio Cue	la	4082075	477682	1			0		other	0
d2006	21	Audio Cue	nu	4084574	480181	1			0		other	0
d2006	21	Audio Cue	ga	4087074	482682	1			0		other	0
d2006	21	Audio Cue	di	4089575	485182	1			0		other	0
d2006	21	Audio Cue	za	4092075	487683	1			0		other	0
d2006	21	Audio Cue	be	4094575	490182	1			0		other	0
d2006	21	Response	1	4095239	490846	1
d2006	21	Audio Cue	tu	4097075	492683	1			0		other	0
d2006	21	Audio Cue	ro	4099576	495183	1			0		other	0
d2006	21	Audio Cue	ki	4102076	497683	1			0		other	0
d2006	21	Audio Cue	se	4104576	500183	1			0		other	0
d2006	21	Audio Cue	za	4107075	502682	1			0		other	0
d2006	21	Audio Cue	be	4109575	505182	1			0		other	0
d2006	21	Audio Cue	tu	4112075	507683	1			0		other	0
d2006	21	Audio Cue	mi	4114576	510183	1			0		other	0
d2006	21	Audio Cue	po	4117077	512684	1			0		other	0
d2006	21	Audio Cue	la	4119576	515183	1			0		other	0
d2006	21	Audio Cue	nu	4122076	517683	1			0		other	0
d2006	21	Audio Cue	ga	4124576	520183	1			0		other	0
d2006	21	Audio Cue	di	4127077	522684	1			0		other	0
d2006	21	Response	1	4129159	524767	1
d2006	21	Audio Cue	ro	4129576	525183	1			0		other	0
d2006	21	Audio Cue	ki	4132076	527683	1			0		other	0
d2006	21	Audio Cue	se	4134576	530183	1			0		other	0
d2006	21	Audio Cue	za	4137077	532684	1			0		other	0
d2006	21	Audio Cue	be	4139577	535184	1			0		other	0
d2006	21	Audio Cue	tu	4142077	537684	1			0		other	0
d2006	22	Picture	break	4144760	0	1	8667	1	0	next	other	0
d2006	22	Response	1	4153159	8399	1
d2006	23	Sound	ki	4188427	35000	1			35000		other	0
d2006	24	Audio Cue	mi	4191278	182	1			0		other	0
d2006	24	Sound	cue_linfade_exp_seq_A_02.wav	4191278	182	1			0		hit	1702
d2006	24	Audio Cue	po	4193778	2681	1			0		other	0
d2006	24	Audio Cue	la	4196278	5182	1			0		other	0
d2006	24	Audio Cue	nu	4198778	7682	1			0		other	0
d2006	24	Audio Cue	ga	4201279	10182	1			0		other	0
d2006	24	Audio Cue	di	4203779	12683	1			0		other	0
d2006	24	Audio Cue	mi	4206278	15182	1			0		other	0
d2006	24	Audio Cue	po	4208778	17682	1			0		other	0
d2006	24	Audio Cue	la	4211279	20182	1			0		other	0
d2006	24	Audio Cue	za	4213779	22683	1			0		other	0
d2006	24	Audio Cue	be	4216278	25182	1			0		other	0
d2006	24	Audio Cue	tu	4218779	27683	1			0		other	0
d2006	24	Audio Cue	mi	4221279	30183	1			0		other	0
d2006	24	Audio Cue	po	4223779	32683	1			0		other	0
d2006	24	Audio Cue	la	4226279	35183	1			0		other	0
d2006	24	Audio Cue	nu	4228779	37683	1			0		other	0
d2006	24	Audio Cue	ga	4231279	40182	1			0		other	0
d2006	24	Audio Cue	di	4233779	42683	1			0		other	0
d2006	24	Audio Cue	za	4236279	45183	1			0		other	0
d2006	24	Audio Cue	be	4238780	47683	1			0		other	0
d2006	24	Audio Cue	tu	4241280	50184	1			0		other	0
d2006	24	Audio Cue	mi	4243779	52683	1			0		other	0
d2006	24	Audio Cue	po	4246280	55183	1			0		other	0
d2006	24	Audio Cue	la	4248781	57685	1			0		other	0
d2006	24	Audio Cue	ro	4251279	60183	1			0		other	0
d2006	24	Audio Cue	ki	4253780	62684	1			0		other	0
d2006	24	Audio Cue	se	4256281	65184	1			0		other	0
d2006	24	Response	1	4258760	67664	1
d2006	24	Audio Cue	nu	4258781	67685	1			0		other	0
d2006	24	Audio Cue	ga	4261281	70185	1			0		other	0
d2006	24	Audio Cue	di	4263780	72683	1			0		other	0
d2006	24	Audio Cue	ro	4266280	75184	1			0		other	0
d2006	24	Audio Cue	ki	4268780	77684	1			0		other	0
d2006	24	Audio Cue	se	4271281	80185	1			0		other	0
d2006	24	Response	1	4271719	80623	1
d2006	24	Audio Cue	nu	4273781	82685	1			0		other	0
d2006	24	Audio Cue	ga	4276281	85185	1			0		other	0
d2006	24	Audio Cue	di	4278781	87685	1			0		other	0
d2006	24	Audio Cue	ro	4281281	90185	1			0		other	0
d2006	24	Audio Cue	ki	4283781	92685	1			0		other	0
d2006	24	Response	1	4284840	93743	1
d2006	24	Audio Cue	se	4286281	95185	1			0		other	0
d2006	24	Audio Cue	za	4288781	97684	1			0		other	0
d2006	24	Audio Cue	be	4291281	100185	1			0		other	0
d2006	24	Audio Cue	tu	4293781	102685	1			0		other	0
d2006	24	Audio Cue	mi	4296281	105185	1			0		other	0
d2006	24	Audio Cue	po	4298782	107685	1			0		other	0
d2006	24	Audio Cue	la	4301282	110185	1			0		other	0
d2006	24	Audio Cue	za	4303782	112685	1			0		other	0
d2006	24	Audio Cue	be	4306281	115185	1			0		other	0
d2006	24	Audio Cue	tu	4308783	117686	1			0		other	0
d2006	24	Audio Cue	ro	4311281	120185	1			0		other	0
d2006	24	Audio Cue	ki	4313782	122686	1			0		other	0
d2006	24	Response	1	4316040	124944	1
d2006	24	Audio Cue	se	4316282	125186	1			0		other	0
d2006	24	Audio Cue	nu	4318782	127686	1			0		other	0
d2006	24	Audio Cue	ga	4321282	130186	1			0		other	0
d2006	24	Audio Cue	di	4323783	132686	1			0		other	0
d2006	24	Audio Cue	mi	4326282	135186	1			0		other	0
d2006	24	Audio Cue	po	4328782	137686	1			0		other	0
d2006	24	Audio Cue	la	4331283	140186	1			0		other	0
d2006	24	Audio Cue	za	4333783	142686	1			0		other	0
d2006	24	Audio Cue	be	4336283	145187	1			0		other	0
d2006	24	Audio Cue	tu	4338783	147686	1			0		other	0
d2006	24	Audio Cue	ro	4341283	150187	1			0		other	0
d2006	24	Audio Cue	ki	4343783	152687	1			0		other	0
d2006	24	Response	1	4345159	154063	1
d2006	24	Audio Cue	se	4346282	155186	1			0		other	0
d2006	24	Audio Cue	mi	4348783	157686	1			0		other	0
d2006	24	Audio Cue	po	4351283	160187	1			0		other	0
d2006	24	Audio Cue	la	4353784	162688	1			0		other	0
d2006	24	Audio Cue	ro	4356283	165187	1			0		other	0
d2006	24	Audio Cue	ki	4358783	167687	1			0		other	0
d2006	24	Audio Cue	se	4361283	170187	1			0		other	0
d2006	24	Response	1	4362119	171023	1
d2006	24	Audio Cue	za	4363783	172687	1			0		other	0
d2006	24	Audio Cue	be	4366283	175187	1			0		other	0
d2006	24	Audio Cue	tu	4368784	177688	1			0		other	0
d2006	24	Audio Cue	mi	4371284	180188	1			0		other	0
d2006	24	Audio Cue	po	4373783	182687	1			0		other	0
d2006	24	Audio Cue	la	4376285	185189	1			0		other	0
d2006	24	Audio Cue	nu	4378784	187687	1			0		other	0
d2006	24	Audio Cue	ga	4381284	190188	1			0		other	0
d2006	24	Audio Cue	di	4383784	192688	1			0		other	0
d2006	24	Audio Cue	za	4386284	195187	1			0		other	0
d2006	24	Audio Cue	be	4388784	197688	1			0		other	0
d2006	24	Audio Cue	tu	4391285	200189	1			0		other	0
d2006	24	Audio Cue	nu	4393785	202689	1			0		other	0
d2006	24	Audio Cue	ga	4396285	205189	1			0		other	0
d2006	24	Audio Cue	di	4398785	207688	1			0		other	0
d2006	24	Audio Cue	ro	4401285	210189	1			0		other	0
d2006	24	Audio Cue	ki	4403785	212689	1			0		other	0
d2006	24	Response	1	4406120	215023	1
d2006	24	Audio Cue	se	4406284	215188	1			0		other	0
d2006	24	Audio Cue	nu	4408785	217689	1			0		other	0
d2006	24	Audio Cue	ga	4411285	220189	1			0		other	0
d2006	24	Audio Cue	di	4413785	222689	1			0		other	0
d2006	24	Audio Cue	ro	4416285	225189	1			0		other	0
d2006	24	Audio Cue	ki	4418785	227689	1			0		other	0
d2006	24	Response	1	4419960	228863	1
d2006	24	Audio Cue	se	4421286	230190	1			0		other	0
d2006	24	Audio Cue	za	4423785	232689	1			0		other	0
d2006	24	Audio Cue	be	4426286	235190	1			0		other	0
d2006	24	Audio Cue	tu	4428785	237689	1			0		other	0
d2006	24	Audio Cue	ro	4431286	240189	1			0		other	0
d2006	24	Audio Cue	ki	4433786	242690	1			0		other	0
d2006	24	Response	1	4436120	245023	1
d2006	24	Audio Cue	se	4436285	245189	1			0		other	0
d2006	24	Audio Cue	mi	4438786	247689	1			0		other	0
d2006	24	Audio Cue	po	4441286	250190	1			0		other	0
d2006	24	Audio Cue	la	4443786	252690	1			0		other	0
d2006	24	Audio Cue	nu	4446285	255189	1			0		other	0
d2006	24	Audio Cue	ga	4448786	257689	1			0		other	0
d2006	24	Audio Cue	di	4451286	260190	1			0		other	0
d2006	24	Audio Cue	za	4453787	262691	1			0		other	0
d2006	24	Audio Cue	be	4456286	265190	1			0		other	0
d2006	24	Audio Cue	tu	4458787	267690	1			0		other	0
d2006	24	Audio Cue	mi	4461287	270191	1			0		other	0
d2006	24	Audio Cue	po	4463787	272690	1			0		other	0
d2006	24	Audio Cue	la	4466287	275191	1			0		other	0
d2006	24	Audio Cue	za	4468788	277692	1			0		other	0
d2006	24	Audio Cue	be	4471287	280191	1			0		other	0
d2006	24	Audio Cue	tu	4473787	282691	1			0		other	0
d2006	24	Audio Cue	mi	4476287	285191	1			0		other	0
d2006	24	Audio Cue	po	4478788	287691	1			0		other	0
d2006	24	Audio Cue	la	4481287	290191	1			0		other	0
d2006	24	Audio Cue	za	4483787	292691	1			0		other	0
d2006	24	Audio Cue	be	4486287	295191	1			0		other	0
d2006	24	Audio Cue	tu	4488788	297692	1			0		other	0
d2006	24	Audio Cue	ro	4491287	300191	1			0		other	0
d2006	24	Audio Cue	ki	4493788	302691	1			0		other	0
d2006	24	Response	1	4496200	305104	1
d2006	24	Audio Cue	se	4496288	305192	1			0		other	0
d2006	24	Audio Cue	za	4498788	307691	1			0		other	0
d2006	24	Audio Cue	be	4501288	310191	1			0		other	0
d2006	24	Audio Cue	tu	4503788	312692	1			0		other	0
d2006	24	Audio Cue	nu	4506288	315192	1			0		other	0
d2006	24	Audio Cue	ga	4508788	317692	1			0		other	0
d2006	24	Audio Cue	di	4511288	320192	1			0		other	0
d2006	24	Audio Cue	mi	4513788	322692	1			0		other	0
d2006	24	Audio Cue	po	4516288	325192	1			0		other	0
d2006	24	Audio Cue	la	4518789	327692	1			0		other	0
d2006	24	Audio Cue	ro	4521289	330193	1			0		other	0
d2006	24	Audio Cue	ki	4523788	332692	1			0		other	0
d2006	24	Response	1	4525960	334864	1
d2006	24	Audio Cue	se	4526288	335192	1			0		other	0
d2006	24	Audio Cue	mi	4528789	337692	1			0		other	0
d2006	24	Audio Cue	po	4531288	340191	1			0		other	0
d2006	24	Audio Cue	la	4533789	342692	1			0		other	0
d2006	24	Audio Cue	nu	4536289	345193	1			0		other	0
d2006	24	Audio Cue	ga	4538789	347693	1			0		other	0
d2006	24	Audio Cue	di	4541288	350192	1			0		other	0
d2006	24	Audio Cue	mi	4543789	352693	1			0		other	0
d2006	24	Audio Cue	po	4546289	355193	1			0		other	0
d2006	24	Audio Cue	la	4548789	357693	1			0		other	0
d2006	24	Audio Cue	za	4551289	360193	1			0		other	0
d2006	24	Audio Cue	be	4553789	362693	1			0		other	0
d2006	24	Audio Cue	tu	4556290	365194	1			0		other	0
d2006	24	Audio Cue	ro	4558790	367693	1			0		other	0
d2006	24	Audio Cue	ki	4561290	370194	1			0		other	0
d2006	24	Response	1	4562520	371424	1
d2006	24	Audio Cue	se	4563790	372693	1			0		other	0
d2006	24	Audio Cue	nu	4566290	375194	1			0		other	0
d2006	24	Audio Cue	ga	4568790	377694	1			0		other	0
d2006	24	Audio Cue	di	4571290	380193	1			0		other	0
d2006	24	Audio Cue	ro	4573790	382694	1			0		other	0
d2006	24	Audio Cue	ki	4576291	385195	1			0		other	0
d2006	24	Response	1	4578760	387664	1
d2006	24	Audio Cue	se	4578791	387695	1			0		other	0
d2006	24	Audio Cue	nu	4581290	390194	1			0		other	0
d2006	24	Audio Cue	ga	4583790	392694	1			0		other	0
d2006	24	Audio Cue	di	4586291	395194	1			0		other	0
d2006	24	Audio Cue	za	4588791	397695	1			0		other	0
d2006	24	Audio Cue	be	4591291	400195	1			0		other	0
d2006	24	Audio Cue	tu	4593792	402695	1			0		other	0
d2006	24	Audio Cue	nu	4596291	405195	1			0		other	0
d2006	24	Audio Cue	ga	4598791	407695	1			0		other	0
d2006	24	Audio Cue	di	4601291	410194	1			0		other	0
d2006	24	Audio Cue	mi	4603791	412695	1			0		other	0
d2006	24	Audio Cue	po	4606290	415194	1			0		other	0
d2006	24	Audio Cue	la	4608791	417695	1			0		other	0
d2006	24	Audio Cue	za	4611291	420195	1			0		other	0
d2006	24	Audio Cue	be	4613791	422695	1			0		other	0
d2006	24	Audio Cue	tu	4616291	425195	1			0		other	0
d2006	24	Audio Cue	nu	4618792	427695	1			0		other	0
d2006	24	Audio Cue	ga	4621292	430195	1			0		other	0
d2006	24	Audio Cue	di	4623791	432695	1			0		other	0
d2006	24	Audio Cue	mi	4626292	435196	1			0		other	0
d2006	24	Audio Cue	po	4628791	437695	1			0		other	0
d2006	24	Audio Cue	la	4631292	440195	1			0		other	0
d2006	24	Audio Cue	nu	4633792	442696	1			0		other	0
d2006	24	Audio Cue	ga	4636292	445196	1			0		other	0
d2006	24	Audio Cue	di	4638792	447696	1			0		other	0
d2006	24	Audio Cue	ro	4641293	450196	1			0		other	0
d2006	24	Audio Cue	ki	4643793	452696	1			0		other	0
d2006	24	Audio Cue	se	4646292	455196	1			0		other	0
d2006	24	Response	1	4646520	455424	1
d2006	24	Audio Cue	nu	4648792	457696	1			0		other	0
d2006	24	Audio Cue	ga	4651293	460197	1			0		other	0
d2006	24	Audio Cue	di	4653792	462696	1			0		other	0
d2006	24	Audio Cue	ro	4656292	465196	1			0		other	0
d2006	24	Audio Cue	ki	4658793	467697	1			0		other	0
d2006	24	Audio Cue	se	4661293	470196	1			0		other	0
d2006	24	Response	1	4662440	471344	1
d2006	24	Audio Cue	nu	4663793	472697	1			0		other	0
d2006	24	Audio Cue	ga	4666293	475197	1			0		other	0
d2006	24	Audio Cue	di	4668793	477697	1			0		other	0
d2006	24	Audio Cue	ro	4671294	480197	1			0		other	0
d2006	24	Audio Cue	ki	4673793	482696	1			0		other	0
d2006	24	Response	1	4675400	484304	1
d2006	24	Audio Cue	se	4676293	485197	1			0		other	0
d2006	24	Audio Cue	mi	4678793	487697	1			0		other	0
d2006	24	Audio Cue	po	4681293	490197	1			0		other	0
d2006	24	Audio Cue	la	4683793	492697	1			0		other	0
d2006	24	Audio Cue	za	4686294	495197	1			0		other	0
d2006	24	Audio Cue	be	4688794	497697	1			0		other	0
d2006	24	Audio Cue	tu	4691294	500197	1			0		other	0
d2006	24	Audio Cue	ro	4693794	502698	1			0		other	0
d2006	24	Audio Cue	ki	4696294	505198	1			0		other	0
d2006	24	Audio Cue	se	4698794	507698	1			0		other	0
d2006	24	Response	1	4699080	507984	1
d2006	24	Audio Cue	za	4701294	510197	1			0		other	0
d2006	24	Audio Cue	be	4703794	512697	1			0		other	0
d2006	24	Audio Cue	tu	4706294	515198	1			0		other	0
d2006	24	Audio Cue	ro	4708795	517698	1			0		other	0
d2006	24	Audio Cue	ki	4711295	520198	1			0		other	0
d2006	24	Audio Cue	se	4713795	522698	1			0		other	0
d2006	24	Response	1	4713800	522703	1
d2006	24	Audio Cue	mi	4716295	525198	1			0		other	0
d2006	24	Audio Cue	po	4718794	527698	1			0		other	0
d2006	24	Audio Cue	la	4721295	530198	1			0		other	0
d2006	24	Audio Cue	za	4723795	532699	1			0		other	0
d2006	24	Audio Cue	be	4726295	535199	1			0		other	0
d2006	24	Audio Cue	tu	4728795	537699	1			0		other	0
d2006	25	Picture	section_end	4731463	0	1	31195	1	0	next	other	0
d2006	25	Response	1	4738920	7457	1


{
   "app": "Presentation Version 21.1 Build 09.05.19",
   "device": "FUJITSU CELSIUS M740B",
   "experiment": "{16CD3F60-04EC-4047-A39C-DBD7F4656802}",
   "os": "Windows 10 64 bit",
   "package": "",
   "parameters": {
      "configuration": "Default configuration"
   },
   "scenario": "RPSL_incidental.sce",
   "subject": "d2006",
   "timestamp": "2019/10/03 11:39:44 GMT"
}
