Scenario - _RPSL_wordrec
Logfile written - 09/27/2019 14:52:44
      

Subject	Trial	Event Type	Code	Time	TTime	Uncertainty	Duration	Uncertainty	ReqTime	ReqDur	Stim Type	Pair Index

k1408	1	Picture	instruct	166	0	1	464527	1	0	next	other	0
k1408	1	Response	1	464603	464437	0
k1408	2	Sound	zabetu.wav	476688	11994	1			12000		other	0
k1408	3	Picture	ISI	484361	0	1	5167	1	0	next	other	0
k1408	4	Sound	dizabe.wav	491220	1692	1			0		other	0
k1408	5	Picture	Wait for response	498862	0	1	12167	1	0	next	other	0
k1408	5	Response	2	510844	11981	0
k1408	6	Sound	rokise.wav	523026	11996	1			12000		other	0
k1408	7	Picture	ISI	530698	0	1	5167	1	0	next	other	0
k1408	8	Sound	turoki.wav	537222	1357	1			0		other	0
k1408	9	Picture	Wait for response	544865	0	1	6834	1	0	next	other	0
k1408	9	Response	3	551563	6699	0
k1408	10	Sound	zabetu.wav	563694	11995	1			12000		other	0
k1408	11	Picture	ISI	571367	0	1	5167	1	0	next	other	0
k1408	12	Sound	turoki.wav	578222	1689	1			0		other	0
k1408	13	Picture	Wait for response	585867	0	1	12501	1	0	next	other	0
k1408	13	Response	3	598204	12336	0
k1408	14	Sound	mipola.wav	610364	11995	1			12000		other	0
k1408	15	Picture	ISI	618036	0	1	5167	1	0	next	other	0
k1408	16	Sound	lanuga.wav	624224	1021	1			0		other	0
k1408	17	Picture	Wait for response	631870	0	2	14502	2	0	next	other	0
k1408	17	Response	3	646203	14334	0
k1408	18	Sound	semipo.wav	658368	11997	1			12000		other	0
k1408	19	Picture	ISI	666039	0	1	5167	2	0	next	other	0
k1408	20	Sound	zabetu.wav	672225	1020	1			0		other	0
k1408	21	Picture	Wait for response	679873	0	1	6834	1	0	next	other	0
k1408	21	Response	2	686524	6650	0
k1408	22	Sound	dizabe.wav	698703	11996	1			12000		other	0
k1408	23	Picture	ISI	706375	0	1	5167	1	0	next	other	0
k1408	24	Sound	rokise.wav	713226	1685	1			0		other	0
k1408	25	Picture	Wait for response	720876	0	1	7167	1	0	next	other	0
k1408	25	Response	3	727883	7008	0
k1408	26	Sound	nugadi.wav	740040	11997	1			12000		other	0
k1408	27	Picture	ISI	747710	0	1	5167	1	0	next	other	0
k1408	28	Sound	lanuga.wav	754228	1350	1			0		other	0
k1408	29	Picture	Wait for response	761878	0	1	13334	1	0	next	other	0
k1408	29	Response	2	775164	13286	0
k1408	30	Sound	lanuga.wav	787210	11998	1			12000		other	0
k1408	31	Picture	ISI	794880	0	1	5167	1	0	next	other	0
k1408	32	Sound	zabetu.wav	801228	1181	1			0		other	0
k1408	33	Picture	Wait for response	808881	0	1	8334	1	0	next	other	0
k1408	33	Response	3	817164	8283	0
k1408	34	Sound	semipo.wav	829211	11996	1			12000		other	0
k1408	35	Picture	ISI	836882	0	1	5167	2	0	next	other	0
k1408	36	Sound	mipola.wav	843230	1182	1			0		other	0
k1408	37	Picture	Wait for response	850883	0	1	8500	2	0	next	other	0
k1408	37	Response	2	859323	8440	0
k1408	38	Sound	mipola.wav	871380	11996	1			12000		other	0
k1408	39	Picture	ISI	879051	0	1	5167	1	0	next	other	0
k1408	40	Sound	dizabe.wav	885231	1013	1			0		other	0
k1408	41	Picture	Wait for response	892886	0	1	11167	1	0	next	other	0
k1408	41	Response	2	903964	11078	0
k1408	42	Sound	dizabe.wav	916050	11997	1			12000		other	0
k1408	43	Picture	ISI	923721	0	1	5167	1	0	next	other	0
k1408	44	Sound	nugadi.wav	930232	1344	1			0		other	0
k1408	45	Picture	Wait for response	937888	0	2	7334	2	0	next	other	0
k1408	45	Response	3	945163	7275	0
k1408	46	Sound	rokise.wav	957220	11998	1			12000		other	0
k1408	47	Picture	ISI	964890	0	1	5167	1	0	next	other	0
k1408	48	Sound	semipo.wav	971233	1176	1			0		other	0
k1408	49	Picture	Wait for response	978891	0	1	9667	1	0	next	other	0
k1408	49	Response	3	988444	9553	0
k1408	50	Sound	lanuga.wav	1000555	11997	1			12000		other	0
k1408	51	Picture	ISI	1008226	0	1	5167	2	0	next	other	0
k1408	52	Sound	rokise.wav	1015235	1842	1			0		other	0
k1408	53	Picture	Wait for response	1022893	0	1	12168	1	0	next	other	0
k1408	53	Response	3	1034924	12030	0
k1408	54	Sound	turoki.wav	1047058	11998	1			12000		other	0
k1408	55	Picture	ISI	1054729	0	1	5167	1	0	next	other	0
k1408	56	Sound	mipola.wav	1061236	1340	1			0		other	0
k1408	57	Picture	Wait for response	1068896	0	1	11834	2	0	next	other	0
k1408	57	Response	3	1080604	11708	0
k1408	58	Sound	turoki.wav	1092728	11998	1			12000		other	0
k1408	59	Picture	ISI	1100398	0	1	5167	1	0	next	other	0
k1408	60	Sound	nugadi.wav	1107237	1672	1			0		other	0
k1408	61	Picture	Wait for response	1114899	0	1	9501	1	0	next	other	0
k1408	61	Response	3	1124283	9385	0
k1408	62	Sound	nugadi.wav	1136398	11998	1			12000		other	0
k1408	63	Picture	ISI	1144067	0	1	5167	1	0	next	other	0
k1408	64	Sound	semipo.wav	1150238	1004	1			0		other	0
k1408	65	Picture	Wait for response	1157901	0	1	18168	1	0	next	other	0
k1408	65	Response	3	1175883	17982	0
k1408	66	Picture	exp_end	1176069	0	1	34397	1	0	next	other	0


{
   "app": "Presentation Version 20.0 Build 07.26.17",
   "device": "FUJITSU CELSIUS M740B",
   "experiment": "{16CD3F60-04EC-4047-A39C-DBD7F4656802}",
   "os": "Windows 10 64 bit",
   "package": "",
   "parameters": {
      "configuration": "Default configuration"
   },
   "scenario": "RPSL_wordrec.sce",
   "subject": "k1408",
   "timestamp": "2019/09/27 12:50:31 GMT"
}
