Scenario - _RPSL_wordrec
Logfile written - 09/27/2019 10:57:24
      

Subject	Trial	Event Type	Code	Time	TTime	Uncertainty	Duration	Uncertainty	ReqTime	ReqDur	Stim Type	Pair Index

k0511	1	Picture	instruct	166	0	1	543866	1	0	next	other	0
k0511	1	Response	1	543606	543439	0
k0511	2	Sound	semipo.wav	556014	11982	1			12000		other	0
k0511	3	Picture	ISI	563700	0	1	5167	2	0	next	other	0
k0511	4	Sound	mipola.wav	570279	1413	1			0		other	0
k0511	5	Picture	Wait for response	577867	0	1	5500	2	0	next	other	0
k0511	5	Response	2	583206	5338	0
k0511	6	Sound	lanuga.wav	595350	11983	1			12000		other	0
k0511	7	Picture	ISI	603035	0	2	5167	2	0	next	other	0
k0511	8	Sound	zabetu.wav	609280	1078	1			0		other	0
k0511	9	Picture	Wait for response	616870	0	1	6500	1	0	next	other	0
k0511	9	Response	3	622966	6096	0
k0511	10	Sound	turoki.wav	635353	11983	1			12000		other	0
k0511	11	Picture	ISI	643038	0	1	5167	1	0	next	other	0
k0511	12	Sound	mipola.wav	649282	1077	1			0		other	0
k0511	13	Picture	Wait for response	656872	0	1	5500	1	0	next	other	0
k0511	13	Response	3	662246	5374	0
k0511	14	Sound	dizabe.wav	674357	11985	1			12000		other	0
k0511	15	Picture	ISI	682040	0	1	5167	1	0	next	other	0
k0511	16	Sound	rokise.wav	688283	1076	1			0		other	0
k0511	17	Picture	Wait for response	695874	0	1	5167	1	0	next	other	0
k0511	17	Response	2	700966	5092	0
k0511	18	Sound	mipola.wav	713027	11986	1			12000		other	0
k0511	19	Picture	ISI	720709	0	1	5167	2	0	next	other	0
k0511	20	Sound	lanuga.wav	727285	1409	1			0		other	0
k0511	21	Picture	Wait for response	734877	0	1	3834	1	0	next	other	0
k0511	21	Response	2	738566	3689	0
k0511	22	Sound	turoki.wav	750696	11986	1			12000		other	0
k0511	23	Picture	ISI	758378	0	1	5167	1	0	next	other	0
k0511	24	Sound	nugadi.wav	765284	1740	1			0		other	0
k0511	25	Picture	Wait for response	772879	0	1	5001	1	0	next	other	0
k0511	25	Response	3	777846	4967	0
k0511	26	Sound	mipola.wav	789867	11988	1			12000		other	0
k0511	27	Picture	ISI	797547	0	1	5167	1	0	next	other	0
k0511	28	Sound	dizabe.wav	804286	1572	1			0		other	0
k0511	29	Picture	Wait for response	811881	0	1	12001	1	0	next	other	0
k0511	29	Response	2	823686	11805	0
k0511	30	Sound	rokise.wav	835870	11988	1			12000		other	0
k0511	31	Picture	ISI	843550	0	1	5167	1	0	next	other	0
k0511	32	Sound	semipo.wav	850287	1571	1			0		other	0
k0511	33	Picture	Wait for response	857884	0	1	7334	1	0	next	other	0
k0511	33	Response	2	865126	7242	0
k0511	34	Sound	zabetu.wav	877207	11989	1			12000		other	0
k0511	35	Picture	ISI	884886	0	1	5167	1	0	next	other	0
k0511	36	Sound	dizabe.wav	891288	1236	1			0		other	0
k0511	37	Picture	Wait for response	898886	0	1	3667	1	0	next	other	0
k0511	37	Response	3	902486	3599	0
k0511	38	Sound	semipo.wav	914542	11988	1			12000		other	0
k0511	39	Picture	ISI	922221	0	2	5167	2	0	next	other	0
k0511	40	Sound	zabetu.wav	929289	1901	1			0		other	0
k0511	41	Picture	Wait for response	936889	0	1	8333	2	0	next	other	0
k0511	41	Response	3	945046	8157	0
k0511	42	Sound	nugadi.wav	957211	11989	1			12000		other	0
k0511	43	Picture	ISI	964890	0	1	5167	1	0	next	other	0
k0511	44	Sound	lanuga.wav	971291	1234	1			0		other	0
k0511	45	Picture	Wait for response	978891	0	1	5000	1	0	next	other	0
k0511	45	Response	2	983846	4955	0
k0511	46	Sound	nugadi.wav	995881	11990	1			12000		other	0
k0511	47	Picture	ISI	1003559	0	1	5167	1	0	next	other	0
k0511	48	Sound	semipo.wav	1010292	1566	1			0		other	0
k0511	49	Picture	Wait for response	1017893	0	1	6667	1	0	next	other	0
k0511	49	Response	2	1024406	6513	0
k0511	50	Sound	dizabe.wav	1036550	11990	1			12000		other	0
k0511	51	Picture	ISI	1044228	0	1	5167	1	0	next	other	0
k0511	52	Sound	nugadi.wav	1051293	1898	1			0		other	0
k0511	53	Picture	Wait for response	1058896	0	1	3667	1	0	next	other	0
k0511	53	Response	3	1062486	3590	0
k0511	54	Sound	zabetu.wav	1074554	11991	1			12000		other	0
k0511	55	Picture	ISI	1082231	0	1	5167	1	0	next	other	0
k0511	56	Sound	turoki.wav	1089294	1897	1			0		other	0
k0511	57	Picture	Wait for response	1096898	0	1	4834	1	0	next	other	0
k0511	57	Response	2	1101606	4708	0
k0511	58	Sound	rokise.wav	1113723	11991	1			12000		other	0
k0511	59	Picture	ISI	1121400	0	1	5167	2	0	next	other	0
k0511	60	Sound	turoki.wav	1128294	1728	1			0		other	0
k0511	61	Picture	Wait for response	1135900	0	1	4167	1	0	next	other	0
k0511	61	Response	2	1139926	4025	0
k0511	62	Sound	lanuga.wav	1152057	11990	1			12000		other	0
k0511	63	Picture	ISI	1159735	0	1	5167	1	0	next	other	0
k0511	64	Sound	rokise.wav	1166296	1394	1			0		other	0
k0511	65	Picture	Wait for response	1173903	0	1	5167	2	0	next	other	0
k0511	65	Response	3	1178966	5063	0
k0511	66	Picture	exp_end	1179070	0	1	34630	1	0	next	other	0


{
   "app": "Presentation Version 20.0 Build 07.26.17",
   "device": "FUJITSU CELSIUS M740B",
   "experiment": "{16CD3F60-04EC-4047-A39C-DBD7F4656802}",
   "os": "Windows 10 64 bit",
   "package": "",
   "parameters": {
      "configuration": "Default configuration"
   },
   "scenario": "RPSL_wordrec.sce",
   "subject": "k0511",
   "timestamp": "2019/09/27 08:55:08 GMT"
}
