Scenario - _RPSL_wordrec
Logfile written - 09/26/2019 15:44:22

Subject	Trial	Event Type	Code	Time	TTime	Uncertainty	Duration	Uncertainty	ReqTime	ReqDur	Stim Type	Pair Index

f1001	1	Picture	instruct	166	0	1	238682	1	0	next	other	0
f1001	1	Response	1	238590	238423	0
f1001	2	Sound	turoki.wav	250832	11984	1			12000		other	0
f1001	3	Picture	ISI	258516	0	1	5167	1	0	next	other	0
f1001	4	Sound	mipola.wav	264692	1009	1			0		other	0
f1001	5	Picture	Wait for response	272350	0	1	13168	1	0	next	other	0
f1001	5	Response	2	285310	12960	0
f1001	6	Sound	mipola.wav	297507	11990	1			12000		other	0
f1001	7	Picture	ISI	305186	0	1	5167	1	0	next	other	0
f1001	8	Sound	dizabe.wav	311694	1341	1			0		other	0
f1001	9	Picture	Wait for response	319353	0	1	6500	1	0	next	other	0
f1001	9	Response	3	325710	6357	0
f1001	10	Sound	dizabe.wav	337844	11990	1			12000		other	0
f1001	11	Picture	ISI	345521	0	2	5167	2	0	next	other	0
f1001	12	Sound	nugadi.wav	351694	1006	1			0		other	0
f1001	13	Picture	Wait for response	359356	0	2	6501	2	0	next	other	0
f1001	13	Response	3	365550	6194	0
f1001	14	Sound	lanuga.wav	377845	11989	1			12000		other	0
f1001	15	Picture	ISI	385524	0	2	5167	2	0	next	other	0
f1001	16	Sound	rokise.wav	391695	1004	1			0		other	0
f1001	17	Picture	Wait for response	399358	0	1	4000	1	0	next	other	0
f1001	17	Response	3	403310	3951	0
f1001	18	Sound	mipola.wav	415352	11993	1			12000		other	0
f1001	19	Picture	ISI	423026	0	1	5167	1	0	next	other	0
f1001	20	Sound	lanuga.wav	429697	1503	1			0		other	0
f1001	21	Picture	Wait for response	437360	0	2	4501	2	0	next	other	0
f1001	21	Response	2	441710	4349	0
f1001	22	Sound	nugadi.wav	453855	11994	1			12000		other	0
f1001	23	Picture	ISI	461529	0	1	5167	1	0	next	other	0
f1001	24	Sound	lanuga.wav	467698	1002	1			0		other	0
f1001	25	Picture	Wait for response	475363	0	1	4167	2	0	next	other	0
f1001	25	Response	2	479390	4027	0
f1001	26	Sound	rokise.wav	491524	11994	1			12000		other	0
f1001	27	Picture	ISI	499198	0	1	5167	2	0	next	other	0
f1001	28	Sound	turoki.wav	505698	1333	1			0		other	0
f1001	29	Picture	Wait for response	513365	0	1	8000	1	0	next	other	0
f1001	29	Response	2	521150	7785	0
f1001	30	Sound	semipo.wav	533359	11993	1			12000		other	0
f1001	31	Picture	ISI	541034	0	1	5167	1	0	next	other	0
f1001	32	Sound	mipola.wav	547699	1499	1			0		other	0
f1001	33	Picture	Wait for response	555368	0	1	4333	1	0	next	other	0
f1001	33	Response	2	559550	4182	0
f1001	34	Sound	zabetu.wav	571696	11994	1			12000		other	0
f1001	35	Picture	ISI	579369	0	1	5167	2	0	next	other	0
f1001	36	Sound	turoki.wav	585701	1164	1			0		other	0
f1001	37	Picture	Wait for response	593371	0	1	2333	1	0	next	other	0
f1001	37	Response	3	595630	2260	0
f1001	38	Sound	dizabe.wav	607699	11995	1			12000		other	0
f1001	39	Picture	ISI	615372	0	1	5167	1	0	next	other	0
f1001	40	Sound	rokise.wav	621701	1163	1			0		other	0
f1001	41	Picture	Wait for response	629373	0	1	5000	1	0	next	other	0
f1001	41	Response	3	634270	4897	0
f1001	42	Sound	lanuga.wav	646368	11995	1			12000		other	0
f1001	43	Picture	ISI	654041	0	1	5167	1	0	next	other	0
f1001	44	Sound	zabetu.wav	660702	1494	1			0		other	0
f1001	45	Picture	Wait for response	668375	0	1	3334	1	0	next	other	0
f1001	45	Response	2	671550	3175	0
f1001	46	Sound	semipo.wav	683705	11996	1			12000		other	0
f1001	47	Picture	ISI	691377	0	1	5167	1	0	next	other	0
f1001	48	Sound	zabetu.wav	697703	1160	1			0		other	0
f1001	49	Picture	Wait for response	705378	0	1	5834	2	0	next	other	0
f1001	49	Response	2	711070	5693	0
f1001	50	Sound	nugadi.wav	723208	11997	1			12000		other	0
f1001	51	Picture	ISI	730879	0	1	5167	2	0	next	other	0
f1001	52	Sound	semipo.wav	737705	1659	1			0		other	0
f1001	53	Picture	Wait for response	745380	0	2	3167	2	0	next	other	0
f1001	53	Response	2	748510	3130	0
f1001	54	Sound	zabetu.wav	760543	11996	1			12000		other	0
f1001	55	Picture	ISI	768215	0	1	5167	1	0	next	other	0
f1001	56	Sound	dizabe.wav	774705	1323	1			0		other	0
f1001	57	Picture	Wait for response	782382	0	1	6000	2	0	next	other	0
f1001	57	Response	2	788270	5888	0
f1001	58	Sound	rokise.wav	800379	11996	1			12000		other	0
f1001	59	Picture	ISI	808051	0	1	5167	1	0	next	other	0
f1001	60	Sound	semipo.wav	814707	1489	1			0		other	0
f1001	61	Picture	Wait for response	822385	0	1	6334	1	0	next	other	0
f1001	61	Response	2	828670	6285	0
f1001	62	Sound	turoki.wav	840714	11996	1			12000		other	0
f1001	63	Picture	ISI	848387	0	1	5167	1	0	next	other	0
f1001	64	Sound	nugadi.wav	854708	1155	1			0		other	0
f1001	65	Picture	Wait for response	862387	0	1	6667	1	0	next	other	0
f1001	65	Response	3	868910	6523	0
f1001	66	Picture	exp_end	869055	0	1	33854	1	0	next	other	0


{
   "app": "Presentation Version 20.0 Build 07.26.17",
   "device": "FUJITSU CELSIUS M740B",
   "experiment": "{16CD3F60-04EC-4047-A39C-DBD7F4656802}",
   "os": "Windows 10 64 bit",
   "package": "",
   "parameters": {
      "configuration": "Default configuration"
   },
   "scenario": "RPSL_wordrec.sce",
   "subject": "f1001",
   "timestamp": "2019/09/26 13:42:36 GMT"
}
