Scenario - _RPSL_wordrec
Logfile written - 10/07/2019 16:44:41
      

Subject	Trial	Event Type	Code	Time	TTime	Uncertainty	Duration	Uncertainty	ReqTime	ReqDur	Stim Type	Pair Index

w2806	1	Picture	instruct	333	0	1	335521	2	0	next	other	0
w2806	1	Response	1	335652	335320	0
w2806	2	Sound	semipo.wav	347853	11999	1			12000		other	0
w2806	3	Picture	ISI	355521	0	3	5168	3	0	next	other	0
w2806	4	Sound	mipola.wav	360858	170	1			0		other	0
w2806	5	Picture	Wait for response	368522	0	1	4167	1	0	next	other	0
w2806	5	Response	3	372612	4090	0
w2806	6	Sound	zabetu.wav	384689	12001	1			12000		other	0
w2806	7	Picture	ISI	392357	0	1	5167	1	0	next	other	0
w2806	8	Sound	dizabe.wav	397659	136	1			0		other	0
w2806	9	Picture	Wait for response	405191	0	2	3167	2	0	next	other	0
w2806	9	Response	2	408292	3102	0
w2806	10	Sound	lanuga.wav	420358	12000	1			12000		other	0
w2806	11	Picture	ISI	428025	0	2	5167	2	0	next	other	0
w2806	12	Sound	rokise.wav	433360	168	1			0		other	0
w2806	13	Picture	Wait for response	441026	0	1	3167	1	0	next	other	0
w2806	13	Response	2	444052	3026	0
w2806	14	Sound	zabetu.wav	456194	12001	1			12000		other	0
w2806	15	Picture	ISI	463861	0	1	5167	2	0	next	other	0
w2806	16	Sound	turoki.wav	469161	133	1			0		other	0
w2806	17	Picture	Wait for response	476695	0	1	2000	1	0	next	other	0
w2806	17	Response	2	478533	1837	0
w2806	18	Sound	dizabe.wav	490696	12000	1			12000		other	0
w2806	19	Picture	ISI	498363	0	1	5167	1	0	next	other	0
w2806	20	Sound	nugadi.wav	503662	132	1			0		other	0
w2806	21	Picture	Wait for response	511197	0	1	2333	2	0	next	other	0
w2806	21	Response	2	513493	2295	0
w2806	22	Sound	dizabe.wav	525531	12000	1			12000		other	0
w2806	23	Picture	ISI	533199	0	1	5167	2	0	next	other	0
w2806	24	Sound	rokise.wav	538464	98	1			0		other	0
w2806	25	Picture	Wait for response	546033	0	1	3000	1	0	next	other	0
w2806	25	Response	2	548853	2820	0
w2806	26	Sound	nugadi.wav	561033	12000	1			12000		other	0
w2806	27	Picture	ISI	568701	0	1	5167	1	0	next	other	0
w2806	28	Sound	semipo.wav	573964	96	1			0		other	0
w2806	29	Picture	Wait for response	581535	0	1	1667	2	0	next	other	0
w2806	29	Response	3	583013	1478	0
w2806	30	Sound	rokise.wav	595202	12000	1			12000		other	0
w2806	31	Picture	ISI	602870	0	1	5167	1	0	next	other	0
w2806	32	Sound	turoki.wav	608166	129	1			0		other	0
w2806	33	Picture	Wait for response	615704	0	1	3000	1	0	next	other	0
w2806	33	Response	3	618613	2909	0
w2806	34	Sound	nugadi.wav	630704	12000	1			12000		other	0
w2806	35	Picture	ISI	638371	0	2	5167	2	0	next	other	0
w2806	36	Sound	lanuga.wav	643667	128	1			0		other	0
w2806	37	Picture	Wait for response	651206	0	1	2834	2	0	next	other	0
w2806	37	Response	3	653972	2767	0
w2806	38	Sound	lanuga.wav	666039	11999	1			12000		other	0
w2806	39	Picture	ISI	673707	0	1	5167	1	0	next	other	0
w2806	40	Sound	zabetu.wav	679068	193	1			0		other	0
w2806	41	Picture	Wait for response	686708	0	1	3663	13	0	next	other	0
w2806	41	Response	3	690293	3585	0
w2806	42	Sound	turoki.wav	702370	11999	1			12000		other	0
w2806	43	Picture	ISI	710043	0	1	5167	2	0	next	other	0
w2806	44	Sound	mipola.wav	715368	159	1			0		other	0
w2806	45	Picture	Wait for response	723044	0	1	2667	1	0	next	other	0
w2806	45	Response	3	725573	2529	0
w2806	46	Sound	semipo.wav	737710	12000	1			12000		other	0
w2806	47	Picture	ISI	745378	0	1	5167	1	0	next	other	0
w2806	48	Sound	zabetu.wav	750670	124	1			0		other	0
w2806	49	Picture	Wait for response	758212	0	1	3167	2	0	next	other	0
w2806	49	Response	3	761253	3041	0
w2806	50	Sound	mipola.wav	773379	12000	1			12000		other	0
w2806	51	Picture	ISI	781047	0	1	5167	1	0	next	other	0
w2806	52	Sound	dizabe.wav	786370	156	1			0		other	0
w2806	53	Picture	Wait for response	794048	0	1	3667	2	0	next	other	0
w2806	53	Response	2	797653	3605	0
w2806	54	Sound	rokise.wav	809715	12000	1			12000		other	0
w2806	55	Picture	ISI	817383	0	1	5167	1	0	next	other	0
w2806	56	Sound	semipo.wav	822672	122	1			0		other	0
w2806	57	Picture	Wait for response	830217	0	1	2833	2	0	next	other	0
w2806	57	Response	3	832933	2716	0
w2806	58	Sound	mipola.wav	845050	12000	1			12000		other	0
w2806	59	Picture	ISI	852718	0	1	5167	2	0	next	other	0
w2806	60	Sound	lanuga.wav	858073	188	1			0		other	0
w2806	61	Picture	Wait for response	865719	0	1	3167	2	0	next	other	0
w2806	61	Response	2	868693	2974	0
w2806	62	Sound	turoki.wav	880886	12000	1			12000		other	0
w2806	63	Picture	ISI	888554	0	1	5167	1	0	next	other	0
w2806	64	Sound	nugadi.wav	893874	153	1			0		other	0
w2806	65	Picture	Wait for response	901554	0	1	3167	1	0	next	other	0
w2806	65	Response	3	904693	3139	0
w2806	66	Picture	exp_end	904721	0	1	32089	1	0	next	other	0


{
   "app": "Presentation Version 20.0 Build 07.26.17",
   "device": "FUJITSU CELSIUS M740B",
   "experiment": "{16CD3F60-04EC-4047-A39C-DBD7F4656802}",
   "os": "Windows 10 64 bit",
   "package": "",
   "parameters": {
      "configuration": "Default configuration"
   },
   "scenario": "RPSL_wordrec.sce",
   "subject": "w2806",
   "timestamp": "2019/10/07 14:42:58 GMT"
}
