Scenario - _RPSL_wordrec
Logfile written - 09/26/2019 15:47:17
      

Subject	Trial	Event Type	Code	Time	TTime	Uncertainty	Duration	Uncertainty	ReqTime	ReqDur	Stim Type	Pair Index

h2802	1	Picture	instruct	333	0	1	392190	1	0	next	other	0
h2802	1	Response	1	392127	391794	0
h2802	2	Sound	nugadi.wav	404495	11972	1			12000		other	0
h2802	3	Picture	ISI	412191	0	1	5167	1	0	next	other	0
h2802	4	Sound	semipo.wav	419337	1979	1			0		other	0
h2802	5	Picture	Wait for response	427025	0	1	7000	1	0	next	other	0
h2802	5	Response	3	433966	6941	0
h2802	6	Sound	dizabe.wav	446001	11975	1			12000		other	0
h2802	7	Picture	ISI	453527	0	1	5167	1	0	next	other	0
h2802	8	Sound	rokise.wav	460338	1644	1			0		other	0
h2802	9	Picture	Wait for response	468027	0	1	4490	14	0	next	other	0
h2802	9	Response	2	472446	4419	0
h2802	10	Sound	semipo.wav	484494	11977	1			12000		other	0
h2802	11	Picture	ISI	492029	0	1	5167	2	0	next	other	0
h2802	12	Sound	mipola.wav	498339	1143	1			0		other	0
h2802	13	Picture	Wait for response	506030	0	1	10834	1	0	next	other	0
h2802	13	Response	2	516606	10576	0
h2802	14	Sound	semipo.wav	528843	11979	1			12000		other	0
h2802	15	Picture	ISI	536532	0	1	5167	1	0	next	other	0
h2802	16	Sound	zabetu.wav	543340	1642	1			0		other	0
h2802	17	Picture	Wait for response	550866	0	1	6334	1	0	next	other	0
h2802	17	Response	3	557166	6300	0
h2802	18	Sound	lanuga.wav	569181	11981	1			12000		other	0
h2802	19	Picture	ISI	576867	0	1	5167	1	0	next	other	0
h2802	20	Sound	rokise.wav	583342	1307	1			0		other	0
h2802	21	Picture	Wait for response	591035	0	1	5500	1	0	next	other	0
h2802	21	Response	2	596287	5252	0
h2802	22	Sound	rokise.wav	608516	11981	1			12000		other	0
h2802	23	Picture	ISI	616203	0	1	5167	1	0	next	other	0
h2802	24	Sound	turoki.wav	623342	1972	1			0		other	0
h2802	25	Picture	Wait for response	630871	0	1	6000	1	0	next	other	0
h2802	25	Response	3	636766	5896	0
h2802	26	Sound	lanuga.wav	648854	11983	1			12000		other	0
h2802	27	Picture	ISI	656539	0	1	5167	2	0	next	other	0
h2802	28	Sound	zabetu.wav	663344	1638	1			0		other	0
h2802	29	Picture	Wait for response	670873	0	1	2167	1	0	next	other	0
h2802	29	Response	3	672847	1973	0
h2802	30	Sound	turoki.wav	685025	11985	1			12000		other	0
h2802	31	Picture	ISI	692708	0	1	5167	1	0	next	other	0
h2802	32	Sound	nugadi.wav	699344	1470	1			0		other	0
h2802	33	Picture	Wait for response	706875	0	1	3667	1	0	next	other	0
h2802	33	Response	3	710366	3491	0
h2802	34	Sound	zabetu.wav	722528	11986	1			12000		other	0
h2802	35	Picture	ISI	730210	0	1	5167	1	0	next	other	0
h2802	36	Sound	dizabe.wav	737346	1969	1			0		other	0
h2802	37	Picture	Wait for response	744877	0	1	4500	1	0	next	other	0
h2802	37	Response	2	749247	4369	0
h2802	38	Sound	rokise.wav	761363	11985	1			12000		other	0
h2802	39	Picture	ISI	769046	0	1	5167	1	0	next	other	0
h2802	40	Sound	semipo.wav	775347	1135	1			0		other	0
h2802	41	Picture	Wait for response	782880	0	1	3334	1	0	next	other	0
h2802	41	Response	3	786127	3247	0
h2802	42	Sound	mipola.wav	798200	11987	1			12000		other	0
h2802	43	Picture	ISI	805881	0	1	5167	1	0	next	other	0
h2802	44	Sound	dizabe.wav	812348	1300	1			0		other	0
h2802	45	Picture	Wait for response	819882	0	1	4167	1	0	next	other	0
h2802	45	Response	2	823886	4005	0
h2802	46	Sound	dizabe.wav	836035	11986	1			12000		other	0
h2802	47	Picture	ISI	843717	0	1	5167	1	0	next	other	0
h2802	48	Sound	nugadi.wav	850349	1465	1			0		other	0
h2802	49	Picture	Wait for response	857884	0	1	4167	2	0	next	other	0
h2802	49	Response	3	861886	4002	0
h2802	50	Sound	mipola.wav	874038	11987	1			12000		other	0
h2802	51	Picture	ISI	881719	0	1	5167	1	0	next	other	0
h2802	52	Sound	lanuga.wav	888350	1464	1			0		other	0
h2802	53	Picture	Wait for response	895887	0	1	4333	1	0	next	other	0
h2802	53	Response	2	900046	4160	0
h2802	54	Sound	nugadi.wav	912208	11988	1			12000		other	0
h2802	55	Picture	ISI	919888	0	1	5167	1	0	next	other	0
h2802	56	Sound	lanuga.wav	926350	1295	1			0		other	0
h2802	57	Picture	Wait for response	933889	0	1	3000	1	0	next	other	0
h2802	57	Response	2	936767	2878	0
h2802	58	Sound	zabetu.wav	948878	11989	1			12000		other	0
h2802	59	Picture	ISI	956557	0	1	5167	2	0	next	other	0
h2802	60	Sound	turoki.wav	963353	1629	1			0		other	0
h2802	61	Picture	Wait for response	970891	0	1	3334	1	0	next	other	0
h2802	61	Response	2	974047	3156	0
h2802	62	Sound	turoki.wav	986213	11989	1			12000		other	0
h2802	63	Picture	ISI	993892	0	1	5167	1	0	next	other	0
h2802	64	Sound	mipola.wav	1000353	1294	1			0		other	0
h2802	65	Picture	Wait for response	1007893	0	1	2833	1	0	next	other	0
h2802	65	Response	3	1010607	2714	0
h2802	66	Picture	exp_end	1010727	0	1	34081	1	0	next	other	0


{
   "app": "Presentation Version 20.0 Build 07.26.17",
   "device": "FUJITSU CELSIUS M740B",
   "experiment": "{16CD3F60-04EC-4047-A39C-DBD7F4656802}",
   "os": "Windows 10 64 bit",
   "package": "",
   "parameters": {
      "configuration": "Default configuration"
   },
   "scenario": "RPSL_wordrec.sce",
   "subject": "h2802",
   "timestamp": "2019/09/26 13:45:24 GMT"
}
