Scenario - _RPSL_wordrec
Logfile written - 10/04/2019 16:05:54
      

Subject	Trial	Event Type	Code	Time	TTime	Uncertainty	Duration	Uncertainty	ReqTime	ReqDur	Stim Type	Pair Index

s1512	1	Picture	instruct	333	0	1	496363	1	0	next	other	0
s1512	1	Response	1	496593	496260	0
s1512	2	Sound	rokise.wav	508696	12000	1			12000		other	0
s1512	3	Picture	ISI	516364	0	1	5167	1	0	next	other	0
s1512	4	Sound	semipo.wav	521664	133	1			0		other	0
s1512	5	Picture	Wait for response	529198	0	1	3834	1	0	next	other	0
s1512	5	Response	2	532993	3795	0
s1512	6	Sound	nugadi.wav	545031	12000	1			12000		other	0
s1512	7	Picture	ISI	552699	0	1	5167	2	0	next	other	0
s1512	8	Sound	lanuga.wav	558065	199	1			0		other	0
s1512	9	Picture	Wait for response	565700	0	2	2333	3	0	next	other	0
s1512	9	Response	2	567954	2254	0
s1512	10	Sound	semipo.wav	580032	11999	1			12000		other	0
s1512	11	Picture	ISI	587701	0	1	5167	2	0	next	other	0
s1512	12	Sound	mipola.wav	593067	198	1			0		other	0
s1512	13	Picture	Wait for response	600702	0	1	3334	1	0	next	other	0
s1512	13	Response	3	603953	3250	0
s1512	14	Sound	turoki.wav	616036	12000	1			12000		other	0
s1512	15	Picture	ISI	623704	0	1	5167	1	0	next	other	0
s1512	16	Sound	nugadi.wav	628968	97	1			0		other	0
s1512	17	Picture	Wait for response	636538	0	1	1167	2	0	next	other	0
s1512	17	Response	3	637553	1016	0
s1512	18	Sound	lanuga.wav	649705	12001	1			12000		other	0
s1512	19	Picture	ISI	657372	0	1	5167	2	0	next	other	0
s1512	20	Sound	rokise.wav	662668	129	1			0		other	0
s1512	21	Picture	Wait for response	670207	0	1	5000	2	0	next	other	0
s1512	21	Response	2	675073	4866	0
s1512	22	Sound	nugadi.wav	687207	12000	1			12000		other	0
s1512	23	Picture	ISI	694875	0	1	5167	1	0	next	other	0
s1512	24	Sound	semipo.wav	700169	127	1			0		other	0
s1512	25	Picture	Wait for response	707709	0	1	2334	2	0	next	other	0
s1512	25	Response	2	709953	2244	0
s1512	26	Sound	dizabe.wav	722042	12000	1			12000		other	0
s1512	27	Picture	ISI	729710	0	1	5167	2	0	next	other	0
s1512	28	Sound	rokise.wav	735071	194	1			0		other	0
s1512	29	Picture	Wait for response	742711	0	1	500	1	0	next	other	0
s1512	29	Response	3	743153	442	0
s1512	30	Sound	turoki.wav	755211	12000	1			12000		other	0
s1512	31	Picture	ISI	762878	0	2	5167	2	0	next	other	0
s1512	32	Sound	mipola.wav	768172	126	1			0		other	0
s1512	33	Picture	Wait for response	775880	0	1	3333	1	0	next	other	0
s1512	33	Response	2	779153	3273	0
s1512	34	Sound	lanuga.wav	791214	12001	1			12000		other	0
s1512	35	Picture	ISI	798881	0	1	5167	1	0	next	other	0
s1512	36	Sound	zabetu.wav	804173	125	1			0		other	0
s1512	37	Picture	Wait for response	811715	0	1	2000	2	0	next	other	0
s1512	37	Response	3	813553	1838	0
s1512	38	Sound	mipola.wav	825714	11999	1			12000		other	0
s1512	39	Picture	ISI	833383	0	1	5167	2	0	next	other	0
s1512	40	Sound	dizabe.wav	838673	124	1			0		other	0
s1512	41	Picture	Wait for response	846217	0	1	4667	1	0	next	other	0
s1512	41	Response	3	850753	4536	0
s1512	42	Sound	rokise.wav	862884	12000	1			12000		other	0
s1512	43	Picture	ISI	870552	0	2	5167	2	0	next	other	0
s1512	44	Sound	turoki.wav	875874	155	1			0		other	0
s1512	45	Picture	Wait for response	883553	0	1	6334	1	0	next	other	0
s1512	45	Response	2	889793	6240	0
s1512	46	Sound	zabetu.wav	901886	12000	1			12000		other	0
s1512	47	Picture	ISI	909554	0	1	5167	2	0	next	other	0
s1512	48	Sound	turoki.wav	914875	154	1			0		other	0
s1512	49	Picture	Wait for response	922555	0	1	8167	1	0	next	other	0
s1512	49	Response	2	930673	8118	0
s1512	50	Sound	semipo.wav	942721	11999	1			12000		other	0
s1512	51	Picture	ISI	950390	0	1	5167	1	0	next	other	0
s1512	52	Sound	zabetu.wav	955677	120	1			0		other	0
s1512	53	Picture	Wait for response	963224	0	1	10167	1	0	next	other	0
s1512	53	Response	3	973313	10089	0
s1512	54	Sound	mipola.wav	985391	11999	1			12000		other	0
s1512	55	Picture	ISI	993059	0	1	5167	2	0	next	other	0
s1512	56	Sound	lanuga.wav	998379	152	1			0		other	0
s1512	57	Picture	Wait for response	1006060	0	1	3667	1	0	next	other	0
s1512	57	Response	3	1009633	3573	0
s1512	58	Sound	dizabe.wav	1021727	12000	1			12000		other	0
s1512	59	Picture	ISI	1029395	0	1	5167	1	0	next	other	0
s1512	60	Sound	nugadi.wav	1034679	117	1			0		other	0
s1512	61	Picture	Wait for response	1042229	0	1	2334	1	0	next	other	0
s1512	61	Response	3	1044513	2284	0
s1512	62	Sound	zabetu.wav	1056561	11999	1			12000		other	0
s1512	63	Picture	ISI	1064230	0	1	5167	2	0	next	other	0
s1512	64	Sound	dizabe.wav	1069581	184	1			0		other	0
s1512	65	Picture	Wait for response	1077231	0	1	7167	2	0	next	other	0
s1512	65	Response	3	1084354	7123	0
s1512	66	Picture	exp_end	1084398	0	1	31923	1	0	next	other	0


{
   "app": "Presentation Version 20.0 Build 07.26.17",
   "device": "FUJITSU CELSIUS M740B",
   "experiment": "{16CD3F60-04EC-4047-A39C-DBD7F4656802}",
   "os": "Windows 10 64 bit",
   "package": "",
   "parameters": {
      "configuration": "Default configuration"
   },
   "scenario": "RPSL_wordrec.sce",
   "subject": "s1512",
   "timestamp": "2019/10/04 14:03:46 GMT"
}
