Scenario - _RPSL_wordrec
Logfile written - 10/14/2019 18:13:49
      

Subject	Trial	Event Type	Code	Time	TTime	Uncertainty	Duration	Uncertainty	ReqTime	ReqDur	Stim Type	Pair Index

k1707	1	Picture	instruct	333	0	1	575866	1	0	next	other	0
k1707	1	Response	1	575847	575514	0
k1707	2	Sound	mipola.wav	588199	12000	1			12000		other	0
k1707	3	Picture	ISI	595867	0	1	5167	2	0	next	other	0
k1707	4	Sound	dizabe.wav	601162	128	1			0		other	0
k1707	5	Picture	Wait for response	608701	0	1	80171	2	0	next	other	0
k1707	5	Response	2	688566	79865	0
k1707	6	Sound	zabetu.wav	700871	11999	1			12000		other	0
k1707	7	Picture	ISI	708540	0	1	5167	1	0	next	other	0
k1707	8	Sound	turoki.wav	713865	158	1			0		other	0
k1707	9	Picture	Wait for response	721541	0	1	38336	2	0	next	other	0
k1707	9	Response	2	759606	38065	0
k1707	10	Sound	dizabe.wav	771877	12000	1			12000		other	0
k1707	11	Picture	ISI	779544	0	1	5167	1	0	next	other	0
k1707	12	Sound	nugadi.wav	784867	156	1			0		other	0
k1707	13	Picture	Wait for response	792545	0	1	77671	2	0	next	other	0
k1707	13	Response	2	869926	77381	0
k1707	14	Sound	semipo.wav	882214	11999	1			12000		other	0
k1707	15	Picture	ISI	889884	0	1	5167	1	0	next	other	0
k1707	16	Sound	zabetu.wav	895170	119	1			0		other	0
k1707	17	Picture	Wait for response	902718	0	1	71004	1	0	next	other	0
k1707	17	Response	3	973446	70728	0
k1707	18	Sound	lanuga.wav	985722	12000	1			12000		other	0
k1707	19	Picture	ISI	993390	0	1	5167	1	0	next	other	0
k1707	20	Sound	rokise.wav	998673	116	1			0		other	0
k1707	21	Picture	Wait for response	1006224	0	1	21500	3	0	next	other	0
k1707	21	Response	2	1027606	21382	0
k1707	22	Sound	zabetu.wav	1039724	12000	1			12000		other	0
k1707	23	Picture	ISI	1047393	0	1	5167	1	0	next	other	0
k1707	24	Sound	dizabe.wav	1052674	114	1			0		other	0
k1707	25	Picture	Wait for response	1060227	0	1	14001	1	0	next	other	0
k1707	25	Response	3	1074085	13858	0
k1707	26	Sound	dizabe.wav	1086228	12000	1			12000		other	0
k1707	27	Picture	ISI	1093895	0	1	5167	2	0	next	other	0
k1707	28	Sound	rokise.wav	1099175	113	1			0		other	0
k1707	29	Picture	Wait for response	1106729	0	1	50503	1	0	next	other	0
k1707	29	Response	2	1157045	50316	0
k1707	30	Sound	mipola.wav	1169232	12000	1			12000		other	0
k1707	31	Picture	ISI	1176900	0	1	5167	1	0	next	other	0
k1707	32	Sound	lanuga.wav	1182177	110	1			0		other	0
k1707	33	Picture	Wait for response	1189734	0	1	76671	2	0	next	other	0
k1707	33	Response	3	1266325	76591	0
k1707	34	Sound	turoki.wav	1278405	12000	1			12000		other	0
k1707	35	Picture	ISI	1286073	0	1	5167	1	0	next	other	0
k1707	36	Sound	nugadi.wav	1291380	140	1			0		other	0
k1707	37	Picture	Wait for response	1298907	0	1	13834	2	0	next	other	0
k1707	37	Response	3	1312645	13738	0
k1707	38	Sound	lanuga.wav	1324740	11999	1			12000		other	0
k1707	39	Picture	ISI	1332409	0	1	5167	1	0	next	other	0
k1707	40	Sound	zabetu.wav	1337681	105	1			0		other	0
k1707	41	Picture	Wait for response	1345243	0	1	105173	1	0	next	other	0
k1707	41	Response	3	1450245	105002	0
k1707	42	Sound	rokise.wav	1462416	12000	1			12000		other	0
k1707	43	Picture	ISI	1470084	0	1	5167	1	0	next	other	0
k1707	44	Sound	semipo.wav	1475385	134	1			0		other	0
k1707	45	Picture	Wait for response	1482918	0	1	23001	2	0	next	other	0
k1707	45	Response	3	1505765	22847	0
k1707	46	Sound	turoki.wav	1517918	11999	1			12000		other	0
k1707	47	Picture	ISI	1525587	0	1	5167	2	0	next	other	0
k1707	48	Sound	mipola.wav	1530885	132	1			0		other	0
k1707	49	Picture	Wait for response	1538421	0	1	35169	1	0	next	other	0
k1707	49	Response	3	1573524	35103	0
k1707	50	Sound	semipo.wav	1585589	11999	1			12000		other	0
k1707	51	Picture	ISI	1593257	0	1	5167	1	0	next	other	0
k1707	52	Sound	mipola.wav	1598588	164	1			0		other	0
k1707	53	Picture	Wait for response	1606258	0	1	92172	2	0	next	other	0
k1707	53	Response	3	1698244	91986	0
k1707	54	Sound	nugadi.wav	1710429	11999	1			12000		other	0
k1707	55	Picture	ISI	1718098	0	1	5167	1	0	next	other	0
k1707	56	Sound	lanuga.wav	1723390	125	1			0		other	0
k1707	57	Picture	Wait for response	1730932	0	1	83005	1	0	next	other	0
k1707	57	Response	3	1813763	82832	1
k1707	58	Sound	nugadi.wav	1825936	11999	1			12000		other	0
k1707	59	Picture	ISI	1833604	0	1	5167	1	0	next	other	0
k1707	60	Sound	semipo.wav	1838894	122	1			0		other	0
k1707	61	Picture	Wait for response	1846438	0	1	80838	2	0	next	other	0
k1707	61	Response	3	1927203	80765	0
k1707	62	Sound	rokise.wav	1939276	12000	1			12000		other	0
k1707	63	Picture	ISI	1946944	0	1	5167	1	0	next	other	0
k1707	64	Sound	turoki.wav	1952297	186	1			0		other	0
k1707	65	Picture	Wait for response	1959945	0	1	60670	2	0	next	other	0
k1707	65	Response	2	2020484	60539	0
k1707	66	Picture	exp_end	2020615	0	2	32055	2	0	next	other	0


{
   "app": "Presentation Version 20.0 Build 07.26.17",
   "device": "FUJITSU CELSIUS M740B",
   "experiment": "{16CD3F60-04EC-4047-A39C-DBD7F4656802}",
   "os": "Windows 10 64 bit",
   "package": "",
   "parameters": {
      "configuration": "Default configuration"
   },
   "scenario": "RPSL_wordrec.sce",
   "subject": "k1707",
   "timestamp": "2019/10/14 16:10:15 GMT"
}
