This is pdfTeX, Version 3.14159265-2.6-1.40.21 (MiKTeX 20.6.29) (preloaded format=pdflatex 2020.7.3)  15 JUL 2020 13:46
entering extended mode
**./document.tex
(document.tex
LaTeX2e <2020-02-02> patch level 5
L3 programming layer <2020-06-18>
("C:\Users\Ava\AppData\Local\Programs\MiKTeX 2.9\tex/latex/base\article.cls"
Document Class: article 2019/12/20 v1.4l Standard LaTeX document class
("C:\Users\Ava\AppData\Local\Programs\MiKTeX 2.9\tex/latex/base\size11.clo"
File: size11.clo 2019/12/20 v1.4l Standard LaTeX file (size option)
)
\c@part=\count167
\c@section=\count168
\c@subsection=\count169
\c@subsubsection=\count170
\c@paragraph=\count171
\c@subparagraph=\count172
\c@figure=\count173
\c@table=\count174
\abovecaptionskip=\skip47
\belowcaptionskip=\skip48
\bibindent=\dimen134
)
("C:\Users\Ava\AppData\Local\Programs\MiKTeX 2.9\tex/latex/graphics\graphicx.st
y"
Package: graphicx 2019/11/30 v1.2a Enhanced LaTeX Graphics (DPC,SPQR)

("C:\Users\Ava\AppData\Local\Programs\MiKTeX 2.9\tex/latex/graphics\keyval.sty"
Package: keyval 2014/10/28 v1.15 key=value parser (DPC)
\KV@toks@=\toks15
)
("C:\Users\Ava\AppData\Local\Programs\MiKTeX 2.9\tex/latex/graphics\graphics.st
y"
Package: graphics 2019/11/30 v1.4a Standard LaTeX Graphics (DPC,SPQR)
 ("C:\Users\Ava\AppData\Local\Programs\MiKTeX 2.9\tex/latex/graphics\trig.sty"
Package: trig 2016/01/03 v1.10 sin cos tan (DPC)
)
("C:\Users\Ava\AppData\Local\Programs\MiKTeX 2.9\tex/latex/graphics-cfg\graphic
s.cfg"
File: graphics.cfg 2016/06/04 v1.11 sample graphics configuration
)
Package graphics Info: Driver file: pdftex.def on input line 105.

("C:\Users\Ava\AppData\Local\Programs\MiKTeX 2.9\tex/latex/graphics-def\pdftex.
def"
File: pdftex.def 2018/01/08 v1.0l Graphics/color driver for pdftex
))
\Gin@req@height=\dimen135
\Gin@req@width=\dimen136
)
("C:\Users\Ava\AppData\Local\Programs\MiKTeX 2.9\tex/latex/adjustbox\adjustbox.
sty"
Package: adjustbox 2019/01/04 v1.2 Adjusting TeX boxes (trim, clip, ...)

("C:\Users\Ava\AppData\Local\Programs\MiKTeX 2.9\tex/latex/xkeyval\xkeyval.sty"
Package: xkeyval 2014/12/03 v2.7a package option processing (HA)

("C:\Users\Ava\AppData\Local\Programs\MiKTeX 2.9\tex/generic/xkeyval\xkeyval.te
x"
("C:\Users\Ava\AppData\Local\Programs\MiKTeX 2.9\tex/generic/xkeyval\xkvutils.t
ex"
\XKV@toks=\toks16
\XKV@tempa@toks=\toks17
)
\XKV@depth=\count175
File: xkeyval.tex 2014/12/03 v2.7a key=value parser (HA)
))
("C:\Users\Ava\AppData\Local\Programs\MiKTeX 2.9\tex/latex/adjustbox\adjcalc.st
y"
Package: adjcalc 2012/05/16 v1.1 Provides advanced setlength with multiple back
-ends (calc, etex, pgfmath)
)
("C:\Users\Ava\AppData\Local\Programs\MiKTeX 2.9\tex/latex/adjustbox\trimclip.s
ty"
Package: trimclip 2018/04/08 v1.1 Trim and clip general TeX material

("C:\Users\Ava\AppData\Local\Programs\MiKTeX 2.9\tex/latex/collectbox\collectbo
x.sty"
Package: collectbox 2012/05/17 v0.4b Collect macro arguments as boxes
\collectedbox=\box45
)
\tc@llx=\dimen137
\tc@lly=\dimen138
\tc@urx=\dimen139
\tc@ury=\dimen140
Package trimclip Info: Using driver 'tc-pdftex.def'.

("C:\Users\Ava\AppData\Local\Programs\MiKTeX 2.9\tex/latex/adjustbox\tc-pdftex.
def"
File: tc-pdftex.def 2019/01/04 v2.2 Clipping driver for pdftex
))
\adjbox@Width=\dimen141
\adjbox@Height=\dimen142
\adjbox@Depth=\dimen143
\adjbox@Totalheight=\dimen144
\adjbox@pwidth=\dimen145
\adjbox@pheight=\dimen146
\adjbox@pdepth=\dimen147
\adjbox@ptotalheight=\dimen148

("C:\Users\Ava\AppData\Local\Programs\MiKTeX 2.9\tex/latex/ifoddpage\ifoddpage.
sty"
Package: ifoddpage 2016/04/23 v1.1 Conditionals for odd/even page detection
\c@checkoddpage=\count176
)
("C:\Users\Ava\AppData\Local\Programs\MiKTeX 2.9\tex/latex/varwidth\varwidth.st
y"
Package: varwidth 2009/03/30 ver 0.92;  Variable-width minipages
\@vwid@box=\box46
\sift@deathcycles=\count177
\@vwid@loff=\dimen149
\@vwid@roff=\dimen150
))
("C:\Users\Ava\AppData\Local\Programs\MiKTeX 2.9\tex/latex/tools\dcolumn.sty"
Package: dcolumn 2014/10/28 v1.06 decimal alignment package (DPC)

("C:\Users\Ava\AppData\Local\Programs\MiKTeX 2.9\tex/latex/tools\array.sty"
Package: array 2019/08/31 v2.4l Tabular extension package (FMi)
\col@sep=\dimen151
\ar@mcellbox=\box47
\extrarowheight=\dimen152
\NC@list=\toks18
\extratabsurround=\skip49
\backup@length=\skip50
\ar@cellbox=\box48
))
("C:\Users\Ava\AppData\Local\Programs\MiKTeX 2.9\tex/latex/caption\subcaption.s
ty"
Package: subcaption 2020/01/22 v1.3d Sub-captions (AR)

("C:\Users\Ava\AppData\Local\Programs\MiKTeX 2.9\tex/latex/caption\caption.sty"
Package: caption 2020/05/30 v3.4k Customizing captions (AR)
("C:\Users\Ava\AppData\Local\Programs\MiKTeX 2.9\tex/latex/caption\caption3.sty
"
Package: caption3 2020/05/30 v1.12 caption3 kernel (AR)
Package caption3 Info: TeX engine: e-TeX on input line 61.
\captionmargin=\dimen153
\captionmargin@=\dimen154
\captionwidth=\dimen155
\caption@tempdima=\dimen156
\caption@indent=\dimen157
\caption@parindent=\dimen158
\caption@hangindent=\dimen159
Package caption Info: Standard document class detected.
)
\c@caption@flags=\count178
\c@continuedfloat=\count179
)
\c@subfigure=\count180
\c@subtable=\count181
)
("C:\Users\Ava\AppData\Local\Programs\MiKTeX 2.9\tex/latex/parskip\parskip.sty"
Package: parskip 2020-06-15 v2.0f non-zero parskip adjustments

("C:\Users\Ava\AppData\Local\Programs\MiKTeX 2.9\tex/latex/kvoptions\kvoptions.
sty"
Package: kvoptions 2019/11/29 v3.13 Key value format for package options (HO)

("C:\Users\Ava\AppData\Local\Programs\MiKTeX 2.9\tex/generic/ltxcmds\ltxcmds.st
y"
Package: ltxcmds 2019/12/15 v1.24 LaTeX kernel commands for general use (HO)
)
("C:\Users\Ava\AppData\Local\Programs\MiKTeX 2.9\tex/generic/kvsetkeys\kvsetkey
s.sty"
Package: kvsetkeys 2019/12/15 v1.18 Key value parser (HO)
))
("C:\Users\Ava\AppData\Local\Programs\MiKTeX 2.9\tex/latex/etoolbox\etoolbox.st
y"
Package: etoolbox 2019/09/21 v2.5h e-TeX tools for LaTeX (JAW)
\etb@tempcnta=\count182
)) ("C:\Users\Ava\AppData\Local\Programs\MiKTeX 2.9\tex/latex/float\float.sty"
Package: float 2001/11/08 v1.3d Float enhancements (AL)
\c@float@type=\count183
\float@exts=\toks19
\float@box=\box49
\@float@everytoks=\toks20
\@floatcapt=\box50
)
("C:\Users\Ava\AppData\Local\Programs\MiKTeX 2.9\tex/latex/biblatex\biblatex.st
y"
Package: biblatex 2019/12/01 v3.14 programmable bibliographies (PK/MW)

("C:\Users\Ava\AppData\Local\Programs\MiKTeX 2.9\tex/generic/pdftexcmds\pdftexc
mds.sty"
Package: pdftexcmds 2020-06-27 v0.33 Utility functions of pdfTeX for LuaTeX (HO
)

("C:\Users\Ava\AppData\Local\Programs\MiKTeX 2.9\tex/generic/infwarerr\infwarer
r.sty"
Package: infwarerr 2019/12/03 v1.5 Providing info/warning/error messages (HO)
)
("C:\Users\Ava\AppData\Local\Programs\MiKTeX 2.9\tex/generic/iftex\iftex.sty"
Package: iftex 2020/03/06 v1.0d TeX engine tests
)
Package pdftexcmds Info: \pdf@primitive is available.
Package pdftexcmds Info: \pdf@ifprimitive is available.
Package pdftexcmds Info: \pdfdraftmode found.
) ("C:\Users\Ava\AppData\Local\Programs\MiKTeX 2.9\tex/latex/logreq\logreq.sty"
Package: logreq 2010/08/04 v1.0 xml request logger
\lrq@indent=\count184

("C:\Users\Ava\AppData\Local\Programs\MiKTeX 2.9\tex/latex/logreq\logreq.def"
File: logreq.def 2010/08/04 v1.0 logreq spec v1.0
)) ("C:\Users\Ava\AppData\Local\Programs\MiKTeX 2.9\tex/latex/base\ifthen.sty"
Package: ifthen 2014/09/29 v1.1c Standard LaTeX ifthen package (DPC)
)
("C:\Users\Ava\AppData\Local\Programs\MiKTeX 2.9\tex/latex/url\url.sty"
\Urlmuskip=\muskip16
Package: url 2013/09/16  ver 3.4  Verb mode for urls, etc.
)
\c@tabx@nest=\count185
\c@listtotal=\count186
\c@listcount=\count187
\c@liststart=\count188
\c@liststop=\count189
\c@citecount=\count190
\c@citetotal=\count191
\c@multicitecount=\count192
\c@multicitetotal=\count193
\c@instcount=\count194
\c@maxnames=\count195
\c@minnames=\count196
\c@maxitems=\count197
\c@minitems=\count198
\c@citecounter=\count199
\c@maxcitecounter=\count266
\c@savedcitecounter=\count267
\c@uniquelist=\count268
\c@uniquename=\count269
\c@refsection=\count270
\c@refsegment=\count271
\c@maxextratitle=\count272
\c@maxextratitleyear=\count273
\c@maxextraname=\count274
\c@maxextradate=\count275
\c@maxextraalpha=\count276
\c@abbrvpenalty=\count277
\c@highnamepenalty=\count278
\c@lownamepenalty=\count279
\c@maxparens=\count280
\c@parenlevel=\count281
\blx@tempcnta=\count282
\blx@tempcntb=\count283
\blx@tempcntc=\count284
\blx@maxsection=\count285
\blx@maxsegment@0=\count286
\blx@notetype=\count287
\blx@parenlevel@text=\count288
\blx@parenlevel@foot=\count289
\blx@sectionciteorder@0=\count290
\blx@entrysetcounter=\count291
\labelnumberwidth=\skip51
\labelalphawidth=\skip52
\biblabelsep=\skip53
\bibitemsep=\skip54
\bibnamesep=\skip55
\bibinitsep=\skip56
\bibparsep=\skip57
\bibhang=\skip58
\blx@bcfin=\read2
\blx@bcfout=\write3
\blx@langwohyphens=\language83
\c@mincomprange=\count292
\c@maxcomprange=\count293
\c@mincompwidth=\count294
Package biblatex Info: Trying to load biblatex default data model...
Package biblatex Info: ... file 'blx-dm.def' found.

("C:\Users\Ava\AppData\Local\Programs\MiKTeX 2.9\tex/latex/biblatex\blx-dm.def"
File: blx-dm.def 2019/12/01 v3.14 biblatex localization (PK/MW)
)
Package biblatex Info: Trying to load biblatex style data model...
Package biblatex Info: ... file 'authoryear.dbx' not found.
Package biblatex Info: Trying to load biblatex custom data model...
Package biblatex Info: ... file 'biblatex-dm.cfg' not found.
\c@afterword=\count295
\c@savedafterword=\count296
\c@annotator=\count297
\c@savedannotator=\count298
\c@author=\count299
\c@savedauthor=\count300
\c@bookauthor=\count301
\c@savedbookauthor=\count302
\c@commentator=\count303
\c@savedcommentator=\count304
\c@editor=\count305
\c@savededitor=\count306
\c@editora=\count307
\c@savededitora=\count308
\c@editorb=\count309
\c@savededitorb=\count310
\c@editorc=\count311
\c@savededitorc=\count312
\c@foreword=\count313
\c@savedforeword=\count314
\c@holder=\count315
\c@savedholder=\count316
\c@introduction=\count317
\c@savedintroduction=\count318
\c@namea=\count319
\c@savednamea=\count320
\c@nameb=\count321
\c@savednameb=\count322
\c@namec=\count323
\c@savednamec=\count324
\c@translator=\count325
\c@savedtranslator=\count326
\c@shortauthor=\count327
\c@savedshortauthor=\count328
\c@shorteditor=\count329
\c@savedshorteditor=\count330
\c@labelname=\count331
\c@savedlabelname=\count332
\c@institution=\count333
\c@savedinstitution=\count334
\c@lista=\count335
\c@savedlista=\count336
\c@listb=\count337
\c@savedlistb=\count338
\c@listc=\count339
\c@savedlistc=\count340
\c@listd=\count341
\c@savedlistd=\count342
\c@liste=\count343
\c@savedliste=\count344
\c@listf=\count345
\c@savedlistf=\count346
\c@location=\count347
\c@savedlocation=\count348
\c@organization=\count349
\c@savedorganization=\count350
\c@origlocation=\count351
\c@savedoriglocation=\count352
\c@origpublisher=\count353
\c@savedorigpublisher=\count354
\c@publisher=\count355
\c@savedpublisher=\count356
\c@language=\count357
\c@savedlanguage=\count358
\c@origlanguage=\count359
\c@savedoriglanguage=\count360
\c@pageref=\count361
\c@savedpageref=\count362
\shorthandwidth=\skip59
\shortjournalwidth=\skip60
\shortserieswidth=\skip61
\shorttitlewidth=\skip62
\shortauthorwidth=\skip63
\shorteditorwidth=\skip64
\locallabelnumberwidth=\skip65
\locallabelalphawidth=\skip66
\localshorthandwidth=\skip67
\localshortjournalwidth=\skip68
\localshortserieswidth=\skip69
\localshorttitlewidth=\skip70
\localshortauthorwidth=\skip71
\localshorteditorwidth=\skip72
Package biblatex Info: Trying to load compatibility code...
Package biblatex Info: ... file 'blx-compat.def' found.

("C:\Users\Ava\AppData\Local\Programs\MiKTeX 2.9\tex/latex/biblatex\blx-compat.
def"
File: blx-compat.def 2019/12/01 v3.14 biblatex compatibility (PK/MW)
)
Package biblatex Info: Trying to load generic definitions...
Package biblatex Info: ... file 'biblatex.def' found.

("C:\Users\Ava\AppData\Local\Programs\MiKTeX 2.9\tex/latex/biblatex\biblatex.de
f"
File: biblatex.def 2019/12/01 v3.14 biblatex compatibility (PK/MW)
\c@textcitecount=\count363
\c@textcitetotal=\count364
\c@textcitemaxnames=\count365
\c@biburlbigbreakpenalty=\count366
\c@biburlbreakpenalty=\count367
\c@biburlnumpenalty=\count368
\c@biburlucpenalty=\count369
\c@biburllcpenalty=\count370
\biburlbigskip=\muskip17
\biburlnumskip=\muskip18
\biburlucskip=\muskip19
\biburllcskip=\muskip20
\c@smartand=\count371
)
Package biblatex Info: Trying to load bibliography style 'authoryear'...
Package biblatex Info: ... file 'authoryear.bbx' found.

("C:\Users\Ava\AppData\Local\Programs\MiKTeX 2.9\tex/latex/biblatex/bbx\authory
ear.bbx"
File: authoryear.bbx 2019/12/01 v3.14 biblatex bibliography style (PK/MW)
Package biblatex Info: Trying to load bibliography style 'standard'...
Package biblatex Info: ... file 'standard.bbx' found.

("C:\Users\Ava\AppData\Local\Programs\MiKTeX 2.9\tex/latex/biblatex/bbx\standar
d.bbx"
File: standard.bbx 2019/12/01 v3.14 biblatex bibliography style (PK/MW)
\c@bbx:relatedcount=\count372
\c@bbx:relatedtotal=\count373
))
Package biblatex Info: Trying to load citation style 'authoryear'...
Package biblatex Info: ... file 'authoryear.cbx' found.

("C:\Users\Ava\AppData\Local\Programs\MiKTeX 2.9\tex/latex/biblatex/cbx\authory
ear.cbx"
File: authoryear.cbx 2019/12/01 v3.14 biblatex citation style (PK/MW)
Package biblatex Info: Redefining '\cite'.
Package biblatex Info: Redefining '\parencite'.
Package biblatex Info: Redefining '\footcite'.
Package biblatex Info: Redefining '\footcitetext'.
Package biblatex Info: Redefining '\smartcite'.
Package biblatex Info: Redefining '\textcite'.
Package biblatex Info: Redefining '\textcites'.
)
Package biblatex Info: Trying to load configuration file...
Package biblatex Info: ... file 'biblatex.cfg' found.

("C:\Users\Ava\AppData\Local\Programs\MiKTeX 2.9\tex/latex/biblatex\biblatex.cf
g"
File: biblatex.cfg 
))
("C:\Users\Ava\AppData\Local\Programs\MiKTeX 2.9\tex/latex/hyperref\hyperref.st
y"
Package: hyperref 2020-05-15 v7.00e Hypertext links for LaTeX

("C:\Users\Ava\AppData\Local\Programs\MiKTeX 2.9\tex/generic/kvdefinekeys\kvdef
inekeys.sty"
Package: kvdefinekeys 2019-12-19 v1.6 Define keys (HO)
)
("C:\Users\Ava\AppData\Local\Programs\MiKTeX 2.9\tex/generic/pdfescape\pdfescap
e.sty"
Package: pdfescape 2019/12/09 v1.15 Implements pdfTeX's escape features (HO)
)
("C:\Users\Ava\AppData\Local\Programs\MiKTeX 2.9\tex/latex/hycolor\hycolor.sty"
Package: hycolor 2020-01-27 v1.10 Color options for hyperref/bookmark (HO)
)
("C:\Users\Ava\AppData\Local\Programs\MiKTeX 2.9\tex/latex/letltxmacro\letltxma
cro.sty"
Package: letltxmacro 2019/12/03 v1.6 Let assignment for LaTeX macros (HO)
)
("C:\Users\Ava\AppData\Local\Programs\MiKTeX 2.9\tex/latex/auxhook\auxhook.sty"
Package: auxhook 2019-12-17 v1.6 Hooks for auxiliary files (HO)
)
\@linkdim=\dimen160
\Hy@linkcounter=\count374
\Hy@pagecounter=\count375
 ("C:\Users\Ava\AppData\Local\Programs\MiKTeX 2.9\tex/latex/hyperref\pd1enc.def
"
File: pd1enc.def 2020-05-15 v7.00e Hyperref: PDFDocEncoding definition (HO)
Now handling font encoding PD1 ...
... no UTF-8 mapping file for font encoding PD1
)
("C:\Users\Ava\AppData\Local\Programs\MiKTeX 2.9\tex/generic/intcalc\intcalc.st
y"
Package: intcalc 2019/12/15 v1.3 Expandable calculations with integers (HO)
)
("C:\Users\Ava\AppData\Local\Programs\MiKTeX 2.9\tex/generic/etexcmds\etexcmds.
sty"
Package: etexcmds 2019/12/15 v1.7 Avoid name clashes with e-TeX commands (HO)
)
\Hy@SavedSpaceFactor=\count376
Package hyperref Info: Option `pdfpagelabels' set `true' on input line 4338.
Package hyperref Info: Option `plainpages' set `false' on input line 4338.
Package hyperref Info: Option `colorlinks' set `false' on input line 4338.
Package hyperref Info: Option `bookmarks' set `true' on input line 4338.
Package hyperref Info: Hyper figures OFF on input line 4464.
Package hyperref Info: Link nesting OFF on input line 4469.
Package hyperref Info: Hyper index ON on input line 4472.
Package hyperref Info: Plain pages OFF on input line 4479.
Package hyperref Info: Backreferencing OFF on input line 4484.
Package hyperref Info: Implicit mode ON; LaTeX internals redefined.
Package hyperref Info: Bookmarks ON on input line 4717.
\c@Hy@tempcnt=\count377
LaTeX Info: Redefining \url on input line 5076.
\XeTeXLinkMargin=\dimen161

("C:\Users\Ava\AppData\Local\Programs\MiKTeX 2.9\tex/generic/bitset\bitset.sty"
Package: bitset 2019/12/09 v1.3 Handle bit-vector datatype (HO)

("C:\Users\Ava\AppData\Local\Programs\MiKTeX 2.9\tex/generic/bigintcalc\bigintc
alc.sty"
Package: bigintcalc 2019/12/15 v1.5 Expandable calculations on big integers (HO
)
))
\Fld@menulength=\count378
\Field@Width=\dimen162
\Fld@charsize=\dimen163
Package hyperref Info: Hyper figures OFF on input line 6347.
Package hyperref Info: Link nesting OFF on input line 6352.
Package hyperref Info: Hyper index ON on input line 6355.
Package hyperref Info: backreferencing OFF on input line 6362.
Package hyperref Info: Link coloring OFF on input line 6367.
Package hyperref Info: Link coloring with OCG OFF on input line 6372.
Package hyperref Info: PDF/A mode OFF on input line 6377.
LaTeX Info: Redefining \ref on input line 6417.
LaTeX Info: Redefining \pageref on input line 6421.

("C:\Users\Ava\AppData\Local\Programs\MiKTeX 2.9\tex/generic/atbegshi\atbegshi.
sty"
Package: atbegshi 2019/12/05 v1.19 At begin shipout hook (HO)
)
\Hy@abspage=\count379
\c@Item=\count380
\c@Hfootnote=\count381
)
Package hyperref Info: Driver (autodetected): hpdftex.

("C:\Users\Ava\AppData\Local\Programs\MiKTeX 2.9\tex/latex/hyperref\hpdftex.def
"
File: hpdftex.def 2020-05-15 v7.00e Hyperref driver for pdfTeX

("C:\Users\Ava\AppData\Local\Programs\MiKTeX 2.9\tex/latex/atveryend\atveryend.
sty"
Package: atveryend 2019-12-11 v1.11 Hooks at the very end of document (HO)
)
\Fld@listcount=\count382
\c@bookmark@seq@number=\count383

("C:\Users\Ava\AppData\Local\Programs\MiKTeX 2.9\tex/latex/rerunfilecheck\rerun
filecheck.sty"
Package: rerunfilecheck 2019/12/05 v1.9 Rerun checks for auxiliary files (HO)

("C:\Users\Ava\AppData\Local\Programs\MiKTeX 2.9\tex/generic/uniquecounter\uniq
uecounter.sty"
Package: uniquecounter 2019/12/15 v1.4 Provide unlimited unique counter (HO)
)
Package uniquecounter Info: New unique counter `rerunfilecheck' on input line 2
86.
)
\Hy@SectionHShift=\skip73
)
\@quotelevel=\count384
\@quotereset=\count385

("C:\Users\Ava\AppData\Local\Programs\MiKTeX 2.9\tex/latex/l3backend\l3backend-
pdfmode.def"
File: l3backend-pdfmode.def 2020-06-29 L3 backend support: PDF mode
\l__kernel_color_stack_int=\count386
\l__pdf_internal_box=\box51
) (document.aux)
\openout1 = `document.aux'.

LaTeX Font Info:    Checking defaults for OML/cmm/m/it on input line 26.
LaTeX Font Info:    ... okay on input line 26.
LaTeX Font Info:    Checking defaults for OMS/cmsy/m/n on input line 26.
LaTeX Font Info:    ... okay on input line 26.
LaTeX Font Info:    Checking defaults for OT1/cmr/m/n on input line 26.
LaTeX Font Info:    ... okay on input line 26.
LaTeX Font Info:    Checking defaults for T1/cmr/m/n on input line 26.
LaTeX Font Info:    ... okay on input line 26.
LaTeX Font Info:    Checking defaults for TS1/cmr/m/n on input line 26.
LaTeX Font Info:    ... okay on input line 26.
LaTeX Font Info:    Checking defaults for OMX/cmex/m/n on input line 26.
LaTeX Font Info:    ... okay on input line 26.
LaTeX Font Info:    Checking defaults for U/cmr/m/n on input line 26.
LaTeX Font Info:    ... okay on input line 26.
LaTeX Font Info:    Checking defaults for PD1/pdf/m/n on input line 26.
LaTeX Font Info:    ... okay on input line 26.

("C:\Users\Ava\AppData\Local\Programs\MiKTeX 2.9\tex/context/base/mkii\supp-pdf
.mkii"
[Loading MPS to PDF converter (version 2006.09.02).]
\scratchcounter=\count387
\scratchdimen=\dimen164
\scratchbox=\box52
\nofMPsegments=\count388
\nofMParguments=\count389
\everyMPshowfont=\toks21
\MPscratchCnt=\count390
\MPscratchDim=\dimen165
\MPnumerator=\count391
\makeMPintoPDFobject=\count392
\everyMPtoPDFconversion=\toks22
)
("C:\Users\Ava\AppData\Local\Programs\MiKTeX 2.9\tex/latex/epstopdf-pkg\epstopd
f-base.sty"
Package: epstopdf-base 2020-01-24 v2.11 Base part for package epstopdf
Package epstopdf-base Info: Redefining graphics rule for `.eps' on input line 4
85.
)
Package caption Info: Begin \AtBeginDocument code.
Package caption Info: float package is loaded.
Package caption Info: hyperref package is loaded.
Package caption Info: End \AtBeginDocument code.
Package biblatex Info: Trying to load language 'english'...
Package biblatex Info: ... file 'english.lbx' found.

("C:\Users\Ava\AppData\Local\Programs\MiKTeX 2.9\tex/latex/biblatex/lbx\english
.lbx"
File: english.lbx 2019/12/01 v3.14 biblatex localization (PK/MW)
)
Package biblatex Info: Input encoding 'utf8' detected.
Package biblatex Info: Automatic encoding selection.
(biblatex)             Assuming data encoding 'utf8'.
\openout3 = `document.bcf'.

Package biblatex Info: Trying to load bibliographic data...
Package biblatex Info: ... file 'document.bbl' found.
 (document.bbl)
Package biblatex Info: Reference section=0 on input line 26.
Package biblatex Info: Reference segment=0 on input line 26.
\AtBeginShipoutBox=\box53
Package hyperref Info: Link coloring OFF on input line 26.

("C:\Users\Ava\AppData\Local\Programs\MiKTeX 2.9\tex/latex/hyperref\nameref.sty
"
Package: nameref 2019/09/16 v2.46 Cross-referencing by name of section

("C:\Users\Ava\AppData\Local\Programs\MiKTeX 2.9\tex/latex/refcount\refcount.st
y"
Package: refcount 2019/12/15 v3.6 Data extraction from label references (HO)
)
("C:\Users\Ava\AppData\Local\Programs\MiKTeX 2.9\tex/generic/gettitlestring\get
titlestring.sty"
Package: gettitlestring 2019/12/15 v1.6 Cleanup title references (HO)
)
\c@section@level=\count393
)
LaTeX Info: Redefining \ref on input line 26.
LaTeX Info: Redefining \pageref on input line 26.
LaTeX Info: Redefining \nameref on input line 26.
 (document.out) (document.out)
\@outlinefile=\write4
\openout4 = `document.out'.

LaTeX Font Info:    External font `cmex10' loaded for size
(Font)              <12> on input line 29.
LaTeX Font Info:    External font `cmex10' loaded for size
(Font)              <8> on input line 29.
LaTeX Font Info:    External font `cmex10' loaded for size
(Font)              <6> on input line 29.
 (document.toc
LaTeX Font Info:    External font `cmex10' loaded for size
(Font)              <10.95> on input line 7.
)
\tf@toc=\write5
\openout5 = `document.toc'.

 [1

{C:/Users/Ava/AppData/Local/MiKTeX/2.9/pdftex/config/pdftex.map}] [2]

Package caption Warning: \label without proper reference on input line 108.
See the caption package documentation for explanation.


LaTeX Warning: Reference `fig:Fig. 1' on page 3 undefined on input line 86.


Package caption Warning: \label without proper reference on input line 243.
See the caption package documentation for explanation.


LaTeX Warning: Reference `fig:Fig. S1' on page 3 undefined on input line 89.

<exp3fig1a.pdf, id=86, 433.62pt x 289.08pt>
File: exp3fig1a.pdf Graphic file (type pdf)
<use exp3fig1a.pdf>
Package pdftex.def Info: exp3fig1a.pdf  used on input line 94.
(pdftex.def)             Requested size: 360.0pt x 240.01132pt.
<exp3fig1b.pdf, id=87, 433.62pt x 289.08pt>
File: exp3fig1b.pdf Graphic file (type pdf)
<use exp3fig1b.pdf>
Package pdftex.def Info: exp3fig1b.pdf  used on input line 100.
(pdftex.def)             Requested size: 180.0pt x 120.00124pt.
<exp3fig1c.pdf, id=88, 433.62pt x 289.08pt>
File: exp3fig1c.pdf Graphic file (type pdf)
<use exp3fig1c.pdf>
Package pdftex.def Info: exp3fig1c.pdf  used on input line 105.
(pdftex.def)             Requested size: 180.0pt x 120.00124pt.

Underfull \hbox (badness 7099) in paragraph at lines 106--106
[]\OT1/cmr/m/n/10 (c) |Con-trast of es-ti-mated marginal
 []


Overfull \hbox (2.43333pt too wide) in paragraph at lines 92--109
[]$ $[]$
 []

[3] [4 <./exp3fig1a.pdf> <./exp3fig1b.pdf> <./exp3fig1c.pdf>]
LaTeX Font Info:    Trying to load font information for OML+cmr on input line 1
29.

("C:\Users\Ava\AppData\Local\Programs\MiKTeX 2.9\tex/latex/base\omlcmr.fd"
File: omlcmr.fd 2019/12/16 v2.5j Standard LaTeX font definitions
)
LaTeX Font Info:    Font shape `OML/cmr/m/n' in size <10.95> not available
(Font)              Font shape `OML/cmm/m/it' tried instead on input line 129.

Overfull \hbox (45.91908pt too wide) in paragraph at lines 124--134
 [][] 
 []


Package caption Warning: \label without proper reference on input line 152.
See the caption package documentation for explanation.


LaTeX Warning: Reference `fig:Fig. 2' on page 5 undefined on input line 138.

<exp3fig3brolling.pdf, id=126, 867.24pt x 722.7pt>
File: exp3fig3brolling.pdf Graphic file (type pdf)
<use exp3fig3brolling.pdf>
Package pdftex.def Info: exp3fig3brolling.pdf  used on input line 144.
(pdftex.def)             Requested size: 115.19867pt x 95.99438pt.

Underfull \hbox (badness 1454) in paragraph at lines 145--145
[]\OT1/cmr/m/n/10 (a) |Rolling means of re-ac-tion
 []

<exp3fig3rolling.pdf, id=127, 505.89pt x 361.35pt>
File: exp3fig3rolling.pdf Graphic file (type pdf)
<use exp3fig3rolling.pdf>
Package pdftex.def Info: exp3fig3rolling.pdf  used on input line 149.
(pdftex.def)             Requested size: 143.9978pt x 102.85349pt.

Underfull \hbox (badness 10000) in paragraph at lines 150--150
[]\OT1/cmr/m/n/10 (b) |Grand av-er-aged rolling
 []

<exp3fig2.pdf, id=128, 505.89pt x 505.89pt>
File: exp3fig2.pdf Graphic file (type pdf)
<use exp3fig2.pdf>
Package pdftex.def Info: exp3fig2.pdf  used on input line 156.
(pdftex.def)             Requested size: 360.0pt x 360.00264pt.
[5 <./exp3fig3brolling.pdf> <./exp3fig3rolling.pdf>]
Overfull \hbox (71.99718pt too wide) in paragraph at lines 168--214
 [][] 
 []


LaTeX Warning: `!h' float specifier changed to `!ht'.

<exp3figS1.pdf, id=154, 433.62pt x 289.08pt>
File: exp3figS1.pdf Graphic file (type pdf)
<use exp3figS1.pdf>
Package pdftex.def Info: exp3figS1.pdf  used on input line 232.
(pdftex.def)             Requested size: 21.59988pt x 14.39749pt.

Underfull \hbox (badness 6708) in paragraph at lines 233--233
[]\OT1/cmr/m/n/10 (a) |Pre-dic-tions
 []


Underfull \hbox (badness 10000) in paragraph at lines 233--233
\OT1/cmr/m/n/10 from lin-ear
 []


Underfull \hbox (badness 10000) in paragraph at lines 233--233
\OT1/cmr/m/n/10 model, with
 []

<exp3figS2a.pdf, id=155, 433.62pt x 289.08pt>
File: exp3figS2a.pdf Graphic file (type pdf)
<use exp3figS2a.pdf>
Package pdftex.def Info: exp3figS2a.pdf  used on input line 236.
(pdftex.def)             Requested size: 108.0011pt x 72.00075pt.
<exp3figS2b.pdf, id=156, 433.62pt x 289.08pt>
File: exp3figS2b.pdf Graphic file (type pdf)
<use exp3figS2b.pdf>
Package pdftex.def Info: exp3figS2b.pdf  used on input line 240.
(pdftex.def)             Requested size: 108.0011pt x 72.00075pt.

Overfull \hbox (74.43224pt too wide) in paragraph at lines 231--244
[]$[]$ $[]$
 []

<exp3fig4acc.pdf, id=157, 505.89pt x 361.35pt>
File: exp3fig4acc.pdf Graphic file (type pdf)
<use exp3fig4acc.pdf>
Package pdftex.def Info: exp3fig4acc.pdf  used on input line 249.
(pdftex.def)             Requested size: 143.9978pt x 102.85349pt.
File: exp3fig4acc.pdf Graphic file (type pdf)
<use exp3fig4acc.pdf>
Package pdftex.def Info: exp3fig4acc.pdf  used on input line 253.
(pdftex.def)             Requested size: 143.9978pt x 102.85349pt.

Package caption Warning: \label without proper reference on input line 256.
See the caption package documentation for explanation.


LaTeX Warning: Reference `fig:Fig. S2' on page 6 undefined on input line 262.


Package caption Warning: \label without proper reference on input line 277.
See the caption package documentation for explanation.


LaTeX Warning: Reference `fig:Fig. S3' on page 6 undefined on input line 266.

[6 <./exp3fig2.pdf>] [7 <./exp3figS1.pdf> <./exp3figS2a.pdf> <./exp3figS2b.pdf>
 <./exp3fig4acc.pdf>]
<exp3fig4bacc.pdf, id=212, 505.89pt x 361.35pt>
File: exp3fig4bacc.pdf Graphic file (type pdf)
<use exp3fig4bacc.pdf>
Package pdftex.def Info: exp3fig4bacc.pdf  used on input line 270.
(pdftex.def)             Requested size: 180.0pt x 128.56961pt.
<exp3fig4cacc.pdf, id=213, 650.43pt x 433.62pt>
File: exp3fig4cacc.pdf Graphic file (type pdf)
<use exp3fig4cacc.pdf>
Package pdftex.def Info: exp3fig4cacc.pdf  used on input line 274.
(pdftex.def)             Requested size: 180.0pt x 119.99684pt.
 [8] [9 <./exp3fig4bacc.pdf> <./exp3fig4cacc.pdf>]
Package atveryend Info: Empty hook `BeforeClearDocument' on input line 286.

[10]
Package atveryend Info: Empty hook `AfterLastShipout' on input line 286.
 (document.aux)
Package atveryend Info: Executing hook `AtVeryEndDocument' on input line 286.
Package atveryend Info: Executing hook `AtEndAfterFileList' on input line 286.
Package rerunfilecheck Info: File `document.out' has not changed.
(rerunfilecheck)             Checksum: DCD1FBB4994C84F7E4D6BD79F56BFF67;521.


LaTeX Warning: There were undefined references.

Package logreq Info: Writing requests to 'document.run.xml'.
\openout1 = `document.run.xml'.

 ) 
Here is how much of TeX's memory you used:
 14581 strings out of 480756
 261258 string characters out of 2894764
 920375 words of memory out of 3000000
 30382 multiletter control sequences out of 15000+200000
 538632 words of font info for 45 fonts, out of 3000000 for 9000
 1141 hyphenation exceptions out of 8191
 62i,16n,100p,1627b,1345s stack positions out of 5000i,500n,10000p,200000b,50000s
<C:/Users/Ava/AppData/Local/Programs/MiKTeX 2.9/fonts/type1/public/amsfonts/c
m/cmbx10.pfb><C:/Users/Ava/AppData/Local/Programs/MiKTeX 2.9/fonts/type1/public
/amsfonts/cm/cmbx12.pfb><C:/Users/Ava/AppData/Local/Programs/MiKTeX 2.9/fonts/t
ype1/public/amsfonts/cm/cmcsc10.pfb><C:/Users/Ava/AppData/Local/Programs/MiKTeX
 2.9/fonts/type1/public/amsfonts/cm/cmmi10.pfb><C:/Users/Ava/AppData/Local/Prog
rams/MiKTeX 2.9/fonts/type1/public/amsfonts/cm/cmr10.pfb><C:/Users/Ava/AppData/
Local/Programs/MiKTeX 2.9/fonts/type1/public/amsfonts/cm/cmr12.pfb><C:/Users/Av
a/AppData/Local/Programs/MiKTeX 2.9/fonts/type1/public/amsfonts/cm/cmr17.pfb><C
:/Users/Ava/AppData/Local/Programs/MiKTeX 2.9/fonts/type1/public/amsfonts/cm/cm
r8.pfb><C:/Users/Ava/AppData/Local/Programs/MiKTeX 2.9/fonts/type1/public/amsfo
nts/cm/cmsy10.pfb><C:/Users/Ava/AppData/Local/Programs/MiKTeX 2.9/fonts/type1/p
ublic/amsfonts/cm/cmsy8.pfb><C:/Users/Ava/AppData/Local/Programs/MiKTeX 2.9/fon
ts/type1/public/amsfonts/cm/cmti10.pfb><C:/Users/Ava/AppData/Local/Programs/MiK
TeX 2.9/fonts/type1/public/amsfonts/cm/cmtt10.pfb>
Output written on document.pdf (10 pages, 371790 bytes).
PDF statistics:
 308 PDF objects out of 1000 (max. 8388607)
 34 named destinations out of 1000 (max. 500000)
 141 words of extra memory for PDF output out of 10000 (max. 10000000)

