Scenario - _RPSL_wordrec
Logfile written - 10/03/2019 13:58:14

Subject	Trial	Event Type	Code	Time	TTime	Uncertainty	Duration	Uncertainty	ReqTime	ReqDur	Stim Type	Pair Index

d2006	1	Picture	instruct	333	0	1	506865	1	0	next	other	0
d2006	1	Response	1	506834	506501	1
d2006	2	Sound	dizabe.wav	519198	12000	1			12000		other	0
d2006	3	Picture	ISI	526866	0	1	5167	1	0	next	other	0
d2006	4	Sound	nugadi.wav	532164	131	1			0		other	0
d2006	5	Picture	Wait for response	539700	0	1	7334	1	0	next	other	0
d2006	5	Response	3	546833	7133	1
d2006	6	Sound	semipo.wav	559034	11999	1			12000		other	0
d2006	7	Picture	ISI	566702	0	1	5167	1	0	next	other	0
d2006	8	Sound	mipola.wav	572066	197	1			0		other	0
d2006	9	Picture	Wait for response	579703	0	1	11501	1	0	next	other	0
d2006	9	Response	3	590993	11291	1
d2006	10	Sound	dizabe.wav	603203	11999	1			12000		other	0
d2006	11	Picture	ISI	610871	0	1	5167	1	0	next	other	0
d2006	12	Sound	rokise.wav	616167	129	1			0		other	0
d2006	13	Picture	Wait for response	623706	0	1	6334	1	0	next	other	0
d2006	13	Response	2	629873	6168	1
d2006	14	Sound	rokise.wav	642039	12000	1			12000		other	0
d2006	15	Picture	ISI	649707	0	1	5167	1	0	next	other	0
d2006	16	Sound	turoki.wav	655068	194	1			0		other	0
d2006	17	Picture	Wait for response	662708	0	1	11834	1	0	next	other	0
d2006	17	Response	3	674113	11405	1
d2006	18	Sound	lanuga.wav	686541	11999	1			12000		other	0
d2006	19	Picture	ISI	694210	0	1	5167	1	0	next	other	0
d2006	20	Sound	rokise.wav	699470	93	1			0		other	0
d2006	21	Picture	Wait for response	707044	0	1	10667	1	0	next	other	0
d2006	21	Response	3	717553	10509	1
d2006	22	Sound	rokise.wav	729711	11999	1			12000		other	0
d2006	23	Picture	ISI	737379	0	1	5167	1	0	next	other	0
d2006	24	Sound	semipo.wav	742672	125	1			0		other	0
d2006	25	Picture	Wait for response	750213	0	1	4000	1	0	next	other	0
d2006	25	Response	3	754114	3900	1
d2006	26	Sound	mipola.wav	766215	12001	1			12000		other	0
d2006	27	Picture	ISI	773882	0	1	5167	1	0	next	other	0
d2006	28	Sound	lanuga.wav	779173	124	1			0		other	0
d2006	29	Picture	Wait for response	786716	0	1	10501	1	0	next	other	0
d2006	29	Response	2	797074	10358	1
d2006	30	Sound	nugadi.wav	809216	12000	1			12000		other	0
d2006	31	Picture	ISI	816884	0	1	5167	1	0	next	other	0
d2006	32	Sound	lanuga.wav	822174	123	1			0		other	0
d2006	33	Picture	Wait for response	829718	0	1	10667	1	0	next	other	0
d2006	33	Response	2	840273	10555	1
d2006	34	Sound	zabetu.wav	852385	11999	1			12000		other	0
d2006	35	Picture	ISI	860054	0	1	5167	1	0	next	other	0
d2006	36	Sound	turoki.wav	865375	154	1			0		other	0
d2006	37	Picture	Wait for response	873054	0	2	3334	2	0	next	other	0
d2006	37	Response	2	876354	3300	1
d2006	38	Sound	lanuga.wav	888387	11999	1			12000		other	0
d2006	39	Picture	ISI	896056	0	1	5167	1	0	next	other	0
d2006	40	Sound	zabetu.wav	901376	153	1			0		other	0
d2006	41	Picture	Wait for response	909057	0	1	3334	1	0	next	other	0
d2006	41	Response	3	912354	3297	1
d2006	42	Sound	turoki.wav	924391	12000	1			12000		other	0
d2006	43	Picture	ISI	932058	0	1	5167	1	0	next	other	0
d2006	44	Sound	mipola.wav	937377	151	1			0		other	0
d2006	45	Picture	Wait for response	945059	0	1	3833	1	0	next	other	0
d2006	45	Response	3	948834	3775	1
d2006	46	Sound	nugadi.wav	960892	11999	1			12000		other	0
d2006	47	Picture	ISI	968560	0	1	5167	1	0	next	other	0
d2006	48	Sound	semipo.wav	973878	150	1			0		other	0
d2006	49	Picture	Wait for response	981561	0	1	4000	1	0	next	other	0
d2006	49	Response	2	985394	3833	1
d2006	50	Sound	zabetu.wav	997562	12000	1			12000		other	0
d2006	51	Picture	ISI	1005229	0	1	5167	1	0	next	other	0
d2006	52	Sound	dizabe.wav	1010579	183	1			0		other	0
d2006	53	Picture	Wait for response	1018230	0	1	3167	1	0	next	other	0
d2006	53	Response	2	1021314	3083	1
d2006	54	Sound	semipo.wav	1033397	12000	1			12000		other	0
d2006	55	Picture	ISI	1041065	0	1	5167	1	0	next	other	0
d2006	56	Sound	zabetu.wav	1046381	149	1			0		other	0
d2006	57	Picture	Wait for response	1054066	0	1	7334	1	0	next	other	0
d2006	57	Response	3	1061234	7168	1
d2006	58	Sound	turoki.wav	1073399	11999	1			12000		other	0
d2006	59	Picture	ISI	1081068	0	1	5167	1	0	next	other	0
d2006	60	Sound	nugadi.wav	1086382	147	1			0		other	0
d2006	61	Picture	Wait for response	1094068	0	1	7167	1	0	next	other	0
d2006	61	Response	3	1101074	7006	1
d2006	62	Sound	mipola.wav	1113235	12000	1			12000		other	0
d2006	63	Picture	ISI	1120903	0	1	5167	1	0	next	other	0
d2006	64	Sound	dizabe.wav	1126182	112	1			0		other	0
d2006	65	Picture	Wait for response	1133738	0	1	18335	1	0	next	other	0
d2006	65	Response	2	1152034	18297	1
d2006	66	Picture	exp_end	1152072	0	1	31070	1	0	next	other	0


{
   "app": "Presentation Version 21.1 Build 09.05.19",
   "device": "FUJITSU CELSIUS M740B",
   "experiment": "{16CD3F60-04EC-4047-A39C-DBD7F4656802}",
   "os": "Windows 10 64 bit",
   "package": "",
   "parameters": {
      "configuration": "Default configuration"
   },
   "scenario": "RPSL_wordrec.sce",
   "subject": "d2006",
   "timestamp": "2019/10/03 11:56:08 GMT"
}
