Scenario - _RPSL_wordrec
Logfile written - 10/10/2019 16:53:55
      

Subject	Trial	Event Type	Code	Time	TTime	Uncertainty	Duration	Uncertainty	ReqTime	ReqDur	Stim Type	Pair Index

m2305	1	Picture	instruct	333	0	1	669373	1	0	next	other	0
m2305	1	Response	1	669278	668945	0
m2305	2	Sound	zabetu.wav	681705	11999	1			12000		other	0
m2305	3	Picture	ISI	689374	0	1	5167	1	0	next	other	0
m2305	4	Sound	turoki.wav	694669	128	1			0		other	0
m2305	5	Picture	Wait for response	702208	0	1	12334	2	0	next	other	0
m2305	5	Response	3	714237	12029	0
m2305	6	Sound	turoki.wav	726542	12000	1			12000		other	0
m2305	7	Picture	ISI	734210	0	1	5167	1	0	next	other	0
m2305	8	Sound	nugadi.wav	739569	193	1			0		other	0
m2305	9	Picture	Wait for response	747211	0	1	13167	2	0	next	other	0
m2305	9	Response	2	760077	12866	0
m2305	10	Sound	lanuga.wav	772378	12000	1			12000		other	0
m2305	11	Picture	ISI	780046	0	1	5167	1	0	next	other	0
m2305	12	Sound	zabetu.wav	785371	158	1			0		other	0
m2305	13	Picture	Wait for response	793047	0	1	4834	1	0	next	other	0
m2305	13	Response	3	797597	4551	0
m2305	14	Sound	nugadi.wav	809879	11999	1			12000		other	0
m2305	15	Picture	ISI	817548	0	1	5167	1	0	next	other	0
m2305	16	Sound	semipo.wav	822872	157	1			0		other	0
m2305	17	Picture	Wait for response	830549	0	1	10834	1	0	next	other	0
m2305	17	Response	2	841118	10569	0
m2305	18	Sound	turoki.wav	853383	12000	1			12000		other	0
m2305	19	Picture	ISI	861051	0	1	5167	2	0	next	other	0
m2305	20	Sound	mipola.wav	866373	156	1			0		other	0
m2305	21	Picture	Wait for response	874052	0	1	26001	2	0	next	other	0
m2305	21	Response	3	899917	25866	0
m2305	22	Sound	semipo.wav	912052	12000	1			12000		other	0
m2305	23	Picture	ISI	919720	0	2	5168	2	0	next	other	0
m2305	24	Sound	mipola.wav	925075	187	1			0		other	0
m2305	25	Picture	Wait for response	932722	0	1	12501	1	0	next	other	0
m2305	25	Response	2	945118	12396	0
m2305	26	Sound	mipola.wav	957223	12000	1			12000		other	0
m2305	27	Picture	ISI	964890	0	1	5167	2	0	next	other	0
m2305	28	Sound	dizabe.wav	970175	118	1			0		other	0
m2305	29	Picture	Wait for response	977724	0	1	15501	1	0	next	other	0
m2305	29	Response	2	993117	15393	0
m2305	30	Sound	mipola.wav	1005224	11999	1			12000		other	0
m2305	31	Picture	ISI	1012893	0	1	5167	1	0	next	other	0
m2305	32	Sound	lanuga.wav	1018177	117	1			0		other	0
m2305	33	Picture	Wait for response	1025727	0	1	5000	1	0	next	other	0
m2305	33	Response	2	1030637	4910	0
m2305	34	Sound	rokise.wav	1042727	11999	1			12000		other	0
m2305	35	Picture	ISI	1050395	0	1	5167	1	0	next	other	0
m2305	36	Sound	semipo.wav	1055678	116	1			0		other	0
m2305	37	Picture	Wait for response	1063229	0	1	16834	1	0	next	other	0
m2305	37	Response	3	1079837	16608	0
m2305	38	Sound	dizabe.wav	1092062	11999	1			12000		other	0
m2305	39	Picture	ISI	1099732	0	1	5167	1	0	next	other	0
m2305	40	Sound	rokise.wav	1105080	181	1			0		other	0
m2305	41	Picture	Wait for response	1112732	0	1	25002	1	0	next	other	0
m2305	41	Response	3	1137597	24865	0
m2305	42	Sound	zabetu.wav	1149733	12000	1			12000		other	0
m2305	43	Picture	ISI	1157402	0	1	5167	1	0	next	other	0
m2305	44	Sound	dizabe.wav	1162682	113	1			0		other	0
m2305	45	Picture	Wait for response	1170236	0	1	9501	1	0	next	other	0
m2305	45	Response	2	1179678	9442	0
m2305	46	Sound	lanuga.wav	1191736	11999	1			12000		other	0
m2305	47	Picture	ISI	1199404	0	1	5167	1	0	next	other	0
m2305	48	Sound	rokise.wav	1204683	111	1			0		other	0
m2305	49	Picture	Wait for response	1212238	0	1	23668	1	0	next	other	0
m2305	49	Response	2	1235757	23519	0
m2305	50	Sound	dizabe.wav	1247906	11999	1			12000		other	0
m2305	51	Picture	ISI	1255574	0	1	5167	2	0	next	other	0
m2305	52	Sound	nugadi.wav	1260884	143	1			0		other	0
m2305	53	Picture	Wait for response	1268408	0	1	22668	1	0	next	other	0
m2305	53	Response	3	1291037	22628	0
m2305	54	Sound	rokise.wav	1303076	12000	1			12000		other	0
m2305	55	Picture	ISI	1310744	0	1	5167	1	0	next	other	0
m2305	56	Sound	turoki.wav	1316086	175	1			0		other	0
m2305	57	Picture	Wait for response	1323745	0	1	24835	1	0	next	other	0
m2305	57	Response	3	1348477	24732	0
m2305	58	Sound	semipo.wav	1360580	12000	1			12000		other	0
m2305	59	Picture	ISI	1368247	0	1	5167	1	0	next	other	0
m2305	60	Sound	zabetu.wav	1373587	173	1			0		other	0
m2305	61	Picture	Wait for response	1381248	0	1	10167	1	0	next	other	0
m2305	61	Response	3	1391277	10029	0
m2305	62	Sound	nugadi.wav	1403415	11999	1			12000		other	0
m2305	63	Picture	ISI	1411083	0	1	5167	1	0	next	other	0
m2305	64	Sound	lanuga.wav	1416389	139	1			0		other	0
m2305	65	Picture	Wait for response	1423918	0	1	7500	2	0	next	other	0
m2305	65	Response	2	1431357	7440	0
m2305	66	Picture	exp_end	1431418	0	1	31400	1	0	next	other	0


{
   "app": "Presentation Version 20.0 Build 07.26.17",
   "device": "FUJITSU CELSIUS M740B",
   "experiment": "{16CD3F60-04EC-4047-A39C-DBD7F4656802}",
   "os": "Windows 10 64 bit",
   "package": "",
   "parameters": {
      "configuration": "Default configuration"
   },
   "scenario": "RPSL_wordrec.sce",
   "subject": "m2305",
   "timestamp": "2019/10/10 14:51:22 GMT"
}
