Scenario - _RPSL_wordrec
Logfile written - 09/26/2019 12:49:08

Subject	Trial	Event Type	Code	Time	TTime	Uncertainty	Duration	Uncertainty	ReqTime	ReqDur	Stim Type	Pair Index

h0905	1	Picture	instruct	166	0	1	578369	1	0	next	other	0
h0905	1	Response	1	578243	578077	0
h0905	2	Sound	zabetu.wav	590524	11988	1			12000		other	0
h0905	3	Picture	ISI	598203	0	1	5167	2	0	next	other	0
h0905	4	Sound	turoki.wav	604935	1565	1			0		other	0
h0905	5	Picture	Wait for response	612537	0	1	15334	1	0	next	other	0
h0905	5	Response	2	627443	14906	0
h0905	6	Sound	dizabe.wav	639862	11990	1			12000		other	0
h0905	7	Picture	ISI	647540	0	1	5167	1	0	next	other	0
h0905	8	Sound	nugadi.wav	653937	1230	1			0		other	0
h0905	9	Picture	Wait for response	661540	0	1	5834	1	0	next	other	0
h0905	9	Response	3	667203	5663	0
h0905	10	Sound	nugadi.wav	679364	11990	1			12000		other	0
h0905	11	Picture	ISI	687042	0	1	5167	1	0	next	other	0
h0905	12	Sound	lanuga.wav	693937	1728	1			0		other	0
h0905	13	Picture	Wait for response	701543	0	1	6000	2	0	next	other	0
h0905	13	Response	3	707444	5901	0
h0905	14	Sound	rokise.wav	719533	11990	1			12000		other	0
h0905	15	Picture	ISI	727211	0	1	5167	1	0	next	other	0
h0905	16	Sound	semipo.wav	733939	1560	1			0		other	0
h0905	17	Picture	Wait for response	741546	0	1	5667	1	0	next	other	0
h0905	17	Response	3	747123	5578	0
h0905	18	Sound	lanuga.wav	759204	11992	1			12000		other	0
h0905	19	Picture	ISI	766880	0	1	5167	1	0	next	other	0
h0905	20	Sound	zabetu.wav	773939	1892	1			0		other	0
h0905	21	Picture	Wait for response	781548	0	1	8334	1	0	next	other	0
h0905	21	Response	2	789763	8215	0
h0905	22	Sound	dizabe.wav	801874	11992	1			12000		other	0
h0905	23	Picture	ISI	809550	0	1	5167	1	0	next	other	0
h0905	24	Sound	rokise.wav	815940	1224	1			0		other	0
h0905	25	Picture	Wait for response	823550	0	1	9001	2	0	next	other	0
h0905	25	Response	3	832403	8853	0
h0905	26	Sound	turoki.wav	844544	11993	1			12000		other	0
h0905	27	Picture	ISI	852219	0	1	5167	1	0	next	other	0
h0905	28	Sound	nugadi.wav	858942	1556	1			0		other	0
h0905	29	Picture	Wait for response	866553	0	1	5000	2	0	next	other	0
h0905	29	Response	3	871364	4810	0
h0905	30	Sound	lanuga.wav	883548	11995	1			12000		other	0
h0905	31	Picture	ISI	891221	0	1	5167	1	0	next	other	0
h0905	32	Sound	rokise.wav	897943	1555	1			0		other	0
h0905	33	Picture	Wait for response	905556	0	1	10334	1	0	next	other	0
h0905	33	Response	3	915683	10128	0
h0905	34	Sound	mipola.wav	927882	11992	1			12000		other	0
h0905	35	Picture	ISI	935557	0	2	5167	2	0	next	other	0
h0905	36	Sound	dizabe.wav	941945	1220	1			0		other	0
h0905	37	Picture	Wait for response	949558	0	1	4834	1	0	next	other	0
h0905	37	Response	2	954323	4765	0
h0905	38	Sound	nugadi.wav	966387	11995	1			12000		other	0
h0905	39	Picture	ISI	974060	0	2	5167	2	0	next	other	0
h0905	40	Sound	semipo.wav	980946	1719	1			0		other	0
h0905	41	Picture	Wait for response	988561	0	1	7167	1	0	next	other	0
h0905	41	Response	2	995683	7123	0
h0905	42	Sound	rokise.wav	1007722	11994	1			12000		other	0
h0905	43	Picture	ISI	1015396	0	1	5167	1	0	next	other	0
h0905	44	Sound	turoki.wav	1021947	1384	1			0		other	0
h0905	45	Picture	Wait for response	1029563	0	1	4834	1	0	next	other	0
h0905	45	Response	2	1034324	4760	0
h0905	46	Sound	semipo.wav	1046391	11994	1			12000		other	0
h0905	47	Picture	ISI	1054064	0	2	5167	2	0	next	other	0
h0905	48	Sound	mipola.wav	1060948	1717	1			0		other	0
h0905	49	Picture	Wait for response	1068566	0	1	15334	1	0	next	other	0
h0905	49	Response	3	1083764	15198	0
h0905	50	Sound	semipo.wav	1095894	11994	1			12000		other	0
h0905	51	Picture	ISI	1103568	0	1	5167	1	0	next	other	0
h0905	52	Sound	zabetu.wav	1109950	1215	1			0		other	0
h0905	53	Picture	Wait for response	1117569	0	1	3834	1	0	next	other	0
h0905	53	Response	2	1121283	3715	0
h0905	54	Sound	turoki.wav	1133396	11994	1			12000		other	0
h0905	55	Picture	ISI	1141070	0	1	5167	1	0	next	other	0
h0905	56	Sound	mipola.wav	1147951	1714	1			0		other	0
h0905	57	Picture	Wait for response	1155571	0	1	7001	1	0	next	other	0
h0905	57	Response	3	1162404	6833	0
h0905	58	Sound	mipola.wav	1174567	11996	1			12000		other	0
h0905	59	Picture	ISI	1182239	0	1	5167	1	0	next	other	0
h0905	60	Sound	lanuga.wav	1188952	1546	1			0		other	0
h0905	61	Picture	Wait for response	1196573	0	1	3000	2	0	next	other	0
h0905	61	Response	2	1199524	2950	0
h0905	62	Sound	zabetu.wav	1211569	11996	1			12000		other	0
h0905	63	Picture	ISI	1219242	0	1	5167	1	0	next	other	0
h0905	64	Sound	dizabe.wav	1225953	1544	1			0		other	0
h0905	65	Picture	Wait for response	1233575	0	2	7001	2	0	next	other	0
h0905	65	Response	2	1240404	6829	0
h0905	66	Picture	exp_end	1240576	0	1	33554	1	0	next	other	0


{
   "app": "Presentation Version 20.0 Build 07.26.17",
   "device": "FUJITSU CELSIUS M740B",
   "experiment": "{16CD3F60-04EC-4047-A39C-DBD7F4656802}",
   "os": "Windows 10 64 bit",
   "package": "",
   "parameters": {
      "configuration": "Default configuration"
   },
   "scenario": "RPSL_wordrec.sce",
   "subject": "h0905",
   "timestamp": "2019/09/26 10:46:43 GMT"
}
