Scenario - _RPSL_wordrec
Logfile written - 10/16/2019 10:53:02
      

Subject	Trial	Event Type	Code	Time	TTime	Uncertainty	Duration	Uncertainty	ReqTime	ReqDur	Stim Type	Pair Index

B2205	1	Picture	instruct	332	0	2	129675	2	0	next	other	0
B2205	1	Response	1	129732	129399	0
B2205	2	Sound	turoki.wav	142008	12001	1			12000		other	0
B2205	3	Picture	ISI	149675	0	1	5167	1	0	next	other	0
B2205	4	Sound	mipola.wav	154952	110	1			0		other	0
B2205	5	Picture	Wait for response	162509	0	1	7667	2	0	next	other	0
B2205	5	Response	3	169892	7382	0
B2205	6	Sound	rokise.wav	182176	12000	1			12000		other	0
B2205	7	Picture	ISI	189845	0	1	5167	2	0	next	other	0
B2205	8	Sound	turoki.wav	195153	142	1			0		other	0
B2205	9	Picture	Wait for response	202677	0	3	4667	5	0	next	other	0
B2205	9	Response	3	207013	4336	0
B2205	10	Sound	semipo.wav	219344	12000	1			12000		other	0
B2205	11	Picture	ISI	227014	0	1	5167	1	0	next	other	0
B2205	12	Sound	mipola.wav	232355	174	1			0		other	0
B2205	13	Picture	Wait for response	240014	0	1	4834	1	0	next	other	0
B2205	13	Response	3	244532	4518	0
B2205	14	Sound	dizabe.wav	256849	12001	1			12000		other	0
B2205	15	Picture	ISI	264516	0	1	5167	1	0	next	other	0
B2205	16	Sound	nugadi.wav	269855	172	1			0		other	0
B2205	17	Picture	Wait for response	277517	0	1	6334	1	0	next	other	0
B2205	17	Response	3	283572	6055	0
B2205	18	Sound	zabetu.wav	295851	12000	1			12000		other	0
B2205	19	Picture	ISI	303518	0	2	5168	2	0	next	other	0
B2205	20	Sound	dizabe.wav	308856	171	1			0		other	0
B2205	21	Picture	Wait for response	316519	0	1	11501	2	0	next	other	0
B2205	21	Response	3	327892	11373	0
B2205	22	Sound	mipola.wav	340020	12000	1			12000		other	0
B2205	23	Picture	ISI	347688	0	1	5167	1	0	next	other	0
B2205	24	Sound	dizabe.wav	352958	103	1			0		other	0
B2205	25	Picture	Wait for response	360522	0	1	12501	1	0	next	other	0
B2205	25	Response	3	372692	12170	0
B2205	26	Sound	lanuga.wav	385022	11999	1			12000		other	0
B2205	27	Picture	ISI	392690	0	1	5167	1	0	next	other	0
B2205	28	Sound	rokise.wav	398059	202	1			0		other	0
B2205	29	Picture	Wait for response	405691	0	1	12167	1	0	next	other	0
B2205	29	Response	2	417812	12121	0
B2205	30	Sound	mipola.wav	429858	11999	1			12000		other	0
B2205	31	Picture	ISI	437526	0	2	5168	2	0	next	other	0
B2205	32	Sound	lanuga.wav	442860	166	1			0		other	0
B2205	33	Picture	Wait for response	450527	0	1	13001	1	0	next	other	0
B2205	33	Response	2	463332	12805	0
B2205	34	Sound	rokise.wav	475528	12000	1			12000		other	0
B2205	35	Picture	ISI	483196	0	1	5167	1	0	next	other	0
B2205	36	Sound	semipo.wav	488561	198	1			0		other	0
B2205	37	Picture	Wait for response	496197	0	1	3167	2	0	next	other	0
B2205	37	Response	3	499252	3056	0
B2205	38	Sound	zabetu.wav	511362	11999	1			12000		other	0
B2205	39	Picture	ISI	519031	0	1	5167	1	0	next	other	0
B2205	40	Sound	turoki.wav	524363	164	1			0		other	0
B2205	41	Picture	Wait for response	532032	0	1	12501	1	0	next	other	0
B2205	41	Response	3	544372	12340	0
B2205	42	Sound	nugadi.wav	556533	12000	1			12000		other	0
B2205	43	Picture	ISI	564201	0	1	5167	2	0	next	other	0
B2205	44	Sound	lanuga.wav	569463	96	1			0		other	0
B2205	45	Picture	Wait for response	577035	0	1	8834	1	0	next	other	0
B2205	45	Response	2	585732	8697	0
B2205	46	Sound	turoki.wav	597868	11999	1			12000		other	0
B2205	47	Picture	ISI	605537	0	1	5167	1	0	next	other	0
B2205	48	Sound	nugadi.wav	610865	161	1			0		other	0
B2205	49	Picture	Wait for response	618538	0	1	12167	1	0	next	other	0
B2205	49	Response	3	630532	11994	1
B2205	50	Sound	nugadi.wav	642705	12000	1			12000		other	0
B2205	51	Picture	ISI	650373	0	1	5167	1	0	next	other	0
B2205	52	Sound	semipo.wav	655666	127	1			0		other	0
B2205	53	Picture	Wait for response	663207	0	1	7167	1	0	next	other	0
B2205	53	Response	2	670212	7005	0
B2205	54	Sound	lanuga.wav	682374	12000	1			12000		other	0
B2205	55	Picture	ISI	690042	0	1	5167	1	0	next	other	0
B2205	56	Sound	zabetu.wav	695367	158	1			0		other	0
B2205	57	Picture	Wait for response	703043	0	1	10001	1	0	next	other	0
B2205	57	Response	3	712932	9890	0
B2205	58	Sound	semipo.wav	725043	11999	1			12000		other	0
B2205	59	Picture	ISI	732711	0	1	5167	2	0	next	other	0
B2205	60	Sound	zabetu.wav	737969	91	1			0		other	0
B2205	61	Picture	Wait for response	745545	0	1	5167	1	0	next	other	0
B2205	61	Response	3	750532	4987	0
B2205	62	Sound	dizabe.wav	762711	11999	1			12000		other	0
B2205	63	Picture	ISI	770380	0	1	5167	1	0	next	other	0
B2205	64	Sound	rokise.wav	775669	122	1			0		other	0
B2205	65	Picture	Wait for response	783214	0	1	13001	1	0	next	other	0
B2205	65	Response	3	796132	12918	0
B2205	66	Picture	exp_end	796215	0	1	32111	1	0	next	other	0


{
   "app": "Presentation Version 20.0 Build 07.26.17",
   "device": "FUJITSU CELSIUS M740B",
   "experiment": "{16CD3F60-04EC-4047-A39C-DBD7F4656802}",
   "os": "Windows 10 64 bit",
   "package": "",
   "parameters": {
      "configuration": "Default configuration"
   },
   "scenario": "RPSL_wordrec.sce",
   "subject": "B2205",
   "timestamp": "2019/10/16 08:51:15 GMT"
}
