Scenario - _RPSL_wordrec
Logfile written - 10/01/2019 13:50:50
      

Subject	Trial	Event Type	Code	Time	TTime	Uncertainty	Duration	Uncertainty	ReqTime	ReqDur	Stim Type	Pair Index

w2505	1	Picture	instruct	166	0	1	384356	2	0	next	other	0
w2505	1	Response	1	384284	384119	0
w2505	2	Sound	turoki.wav	396521	11999	1			12000		other	0
w2505	3	Picture	ISI	404189	0	2	5168	2	0	next	other	0
w2505	4	Sound	mipola.wav	410930	1573	1			0		other	0
w2505	5	Picture	Wait for response	418524	0	1	27668	1	0	next	other	0
w2505	5	Response	2	446044	27520	0
w2505	6	Sound	semipo.wav	458195	12003	1			12000		other	0
w2505	7	Picture	ISI	465860	0	1	5167	1	0	next	other	0
w2505	8	Sound	mipola.wav	472933	1905	1			0		other	0
w2505	9	Picture	Wait for response	480528	0	1	4667	1	0	next	other	0
w2505	9	Response	2	484924	4396	0
w2505	10	Sound	rokise.wav	497196	12001	1			12000		other	0
w2505	11	Picture	ISI	504863	0	1	5167	2	0	next	other	0
w2505	12	Sound	semipo.wav	511933	1904	1			0		other	0
w2505	13	Picture	Wait for response	519530	0	1	3333	1	0	next	other	0
w2505	13	Response	3	522684	3154	0
w2505	14	Sound	zabetu.wav	534866	12003	1			12000		other	0
w2505	15	Picture	ISI	542532	0	1	5167	2	0	next	other	0
w2505	16	Sound	dizabe.wav	548935	1237	1			0		other	0
w2505	17	Picture	Wait for response	556532	0	1	7334	1	0	next	other	0
w2505	17	Response	2	563724	7192	0
w2505	18	Sound	mipola.wav	575868	12002	1			12000		other	0
w2505	19	Picture	ISI	583534	0	2	5167	2	0	next	other	0
w2505	20	Sound	dizabe.wav	589936	1235	1			0		other	0
w2505	21	Picture	Wait for response	597535	0	1	8667	1	0	next	other	0
w2505	21	Response	2	606044	8509	0
w2505	22	Sound	dizabe.wav	618204	12002	1			12000		other	0
w2505	23	Picture	ISI	625870	0	1	5167	2	0	next	other	0
w2505	24	Sound	nugadi.wav	632937	1900	1			0		other	0
w2505	25	Picture	Wait for response	640537	0	1	5667	1	0	next	other	0
w2505	25	Response	3	646125	5587	0
w2505	26	Sound	mipola.wav	658206	12001	1			12000		other	0
w2505	27	Picture	ISI	665872	0	1	5167	2	0	next	other	0
w2505	28	Sound	lanuga.wav	672938	1899	1			0		other	0
w2505	29	Picture	Wait for response	680540	0	2	18501	2	0	next	other	0
w2505	29	Response	2	698844	18305	0
w2505	30	Sound	turoki.wav	711043	12002	1			12000		other	0
w2505	31	Picture	ISI	718709	0	1	5167	1	0	next	other	0
w2505	32	Sound	nugadi.wav	724940	1064	1			0		other	0
w2505	33	Picture	Wait for response	732543	0	1	4500	1	0	next	other	0
w2505	33	Response	3	737004	4461	0
w2505	34	Sound	nugadi.wav	749044	12001	1			12000		other	0
w2505	35	Picture	ISI	756711	0	1	5167	1	0	next	other	0
w2505	36	Sound	semipo.wav	762940	1062	1			0		other	0
w2505	37	Picture	Wait for response	770545	0	1	3167	1	0	next	other	0
w2505	37	Response	2	773645	3100	0
w2505	38	Sound	lanuga.wav	785714	12002	1			12000		other	0
w2505	39	Picture	ISI	793379	0	2	5168	2	0	next	other	0
w2505	40	Sound	zabetu.wav	799942	1395	1			0		other	0
w2505	41	Picture	Wait for response	807547	0	1	16001	1	0	next	other	0
w2505	41	Response	3	823484	15937	0
w2505	42	Sound	semipo.wav	835550	12002	1			12000		other	0
w2505	43	Picture	ISI	843216	0	1	5167	1	0	next	other	0
w2505	44	Sound	zabetu.wav	849944	1560	1			0		other	0
w2505	45	Picture	Wait for response	857550	0	1	30169	2	0	next	other	0
w2505	45	Response	3	887644	30094	0
w2505	46	Sound	rokise.wav	899720	12001	1			12000		other	0
w2505	47	Picture	ISI	907387	0	1	5167	1	0	next	other	0
w2505	48	Sound	turoki.wav	913945	1391	1			0		other	0
w2505	49	Picture	Wait for response	921554	0	1	3167	1	0	next	other	0
w2505	49	Response	3	924605	3050	0
w2505	50	Sound	nugadi.wav	936722	12001	1			12000		other	0
w2505	51	Picture	ISI	944389	0	1	5167	2	0	next	other	0
w2505	52	Sound	lanuga.wav	950946	1390	1			0		other	0
w2505	53	Picture	Wait for response	958557	0	1	2167	1	0	next	other	0
w2505	53	Response	2	960604	2048	0
w2505	54	Sound	zabetu.wav	972724	12001	1			12000		other	0
w2505	55	Picture	ISI	980390	0	3	5168	4	0	next	other	0
w2505	56	Sound	turoki.wav	986947	1389	1			0		other	0
w2505	57	Picture	Wait for response	994559	0	1	2000	2	0	next	other	0
w2505	57	Response	2	996445	1886	0
w2505	58	Sound	lanuga.wav	1008560	12001	1			12000		other	0
w2505	59	Picture	ISI	1016227	0	1	5167	1	0	next	other	0
w2505	60	Sound	rokise.wav	1022947	1554	1			0		other	0
w2505	61	Picture	Wait for response	1030561	0	1	7667	1	0	next	other	0
w2505	61	Response	3	1038045	7484	0
w2505	62	Sound	dizabe.wav	1050229	12001	1			12000		other	0
w2505	63	Picture	ISI	1057896	0	1	5167	1	0	next	other	0
w2505	64	Sound	rokise.wav	1064949	1886	1			0		other	0
w2505	65	Picture	Wait for response	1072563	0	1	5334	1	0	next	other	0
w2505	65	Response	2	1077724	5160	1
w2505	66	Picture	exp_end	1077897	0	1	34628	1	0	next	other	0


{
   "app": "Presentation Version 20.0 Build 07.26.17",
   "device": "FUJITSU CELSIUS M740B",
   "experiment": "{16CD3F60-04EC-4047-A39C-DBD7F4656802}",
   "os": "Windows 10 64 bit",
   "package": "",
   "parameters": {
      "configuration": "Default configuration"
   },
   "scenario": "RPSL_wordrec.sce",
   "subject": "w2505",
   "timestamp": "2019/10/01 11:48:49 GMT"
}
