Scenario - _RPSL_wordrec
Logfile written - 10/12/2019 10:54:44
      

Subject	Trial	Event Type	Code	Time	TTime	Uncertainty	Duration	Uncertainty	ReqTime	ReqDur	Stim Type	Pair Index

y0305	1	Picture	instruct	500	0	1	580869	1	0	next	other	0
y0305	1	Response	1	581059	580559	0
y0305	2	Sound	nugadi.wav	593368	12000	1			12000		other	0
y0305	3	Picture	ISI	601036	0	1	5167	1	0	next	other	0
y0305	4	Sound	semipo.wav	606367	163	1			0		other	0
y0305	5	Picture	Wait for response	614037	0	1	12167	2	0	next	other	0
y0305	5	Response	2	625939	11902	0
y0305	6	Sound	mipola.wav	638204	11999	1			12000		other	0
y0305	7	Picture	ISI	645872	0	1	5167	1	0	next	other	0
y0305	8	Sound	dizabe.wav	651169	130	1			0		other	0
y0305	9	Picture	Wait for response	658873	0	1	9501	2	0	next	other	0
y0305	9	Response	3	668179	9305	0
y0305	10	Sound	rokise.wav	680374	12000	1			12000		other	0
y0305	11	Picture	ISI	688042	0	1	5167	2	0	next	other	0
y0305	12	Sound	semipo.wav	693370	161	1			0		other	0
y0305	13	Picture	Wait for response	701043	0	1	6334	1	0	next	other	0
y0305	13	Response	2	707139	6096	0
y0305	14	Sound	rokise.wav	719376	11999	1			12000		other	0
y0305	15	Picture	ISI	727044	0	1	5167	1	0	next	other	0
y0305	16	Sound	turoki.wav	732372	160	1			0		other	0
y0305	17	Picture	Wait for response	740045	0	1	3834	1	0	next	other	0
y0305	17	Response	2	743779	3734	0
y0305	18	Sound	dizabe.wav	755879	12000	1			12000		other	0
y0305	19	Picture	ISI	763547	0	1	5167	1	0	next	other	0
y0305	20	Sound	nugadi.wav	768872	159	1			0		other	0
y0305	21	Picture	Wait for response	776547	0	1	3326	13	0	next	other	0
y0305	21	Response	3	779619	3072	0
y0305	22	Sound	nugadi.wav	791874	12001	1			12000		other	0
y0305	23	Picture	ISI	799549	0	1	5167	1	0	next	other	0
y0305	24	Sound	lanuga.wav	804873	158	1			0		other	0
y0305	25	Picture	Wait for response	812549	0	1	10334	1	0	next	other	0
y0305	25	Response	3	822739	10190	0
y0305	26	Sound	turoki.wav	834882	11999	1			12000		other	0
y0305	27	Picture	ISI	842551	0	1	5167	1	0	next	other	0
y0305	28	Sound	nugadi.wav	847875	157	1			0		other	0
y0305	29	Picture	Wait for response	855551	0	2	4001	3	0	next	other	0
y0305	29	Response	3	859379	3828	1
y0305	30	Sound	dizabe.wav	871552	12000	1			12000		other	0
y0305	31	Picture	ISI	879220	0	1	5167	1	0	next	other	0
y0305	32	Sound	rokise.wav	884576	189	1			0		other	0
y0305	33	Picture	Wait for response	892221	0	1	5834	2	0	next	other	0
y0305	33	Response	2	898019	5798	0
y0305	34	Sound	lanuga.wav	910055	12000	1			12000		other	0
y0305	35	Picture	ISI	917723	0	1	5167	2	0	next	other	0
y0305	36	Sound	rokise.wav	923077	187	1			0		other	0
y0305	37	Picture	Wait for response	930723	0	1	6334	1	0	next	other	0
y0305	37	Response	2	936820	6097	0
y0305	38	Sound	zabetu.wav	949057	12000	1			12000		other	0
y0305	39	Picture	ISI	956725	0	1	5167	2	0	next	other	0
y0305	40	Sound	turoki.wav	962077	185	1			0		other	0
y0305	41	Picture	Wait for response	969726	0	1	2500	2	0	next	other	0
y0305	41	Response	3	972179	2454	0
y0305	42	Sound	turoki.wav	984226	12000	1			12000		other	0
y0305	43	Picture	ISI	991893	0	2	5168	2	0	next	other	0
y0305	44	Sound	mipola.wav	997179	119	1			0		other	0
y0305	45	Picture	Wait for response	1004728	0	1	6334	1	0	next	other	0
y0305	45	Response	2	1010899	6172	0
y0305	46	Sound	semipo.wav	1023061	11999	1			12000		other	0
y0305	47	Picture	ISI	1030729	0	1	5167	1	0	next	other	0
y0305	48	Sound	zabetu.wav	1036080	184	1			0		other	0
y0305	49	Picture	Wait for response	1043730	0	1	2500	1	0	next	other	0
y0305	49	Response	2	1046100	2370	0
y0305	50	Sound	lanuga.wav	1058230	12000	1			12000		other	0
y0305	51	Picture	ISI	1065898	0	1	5167	1	0	next	other	0
y0305	52	Sound	zabetu.wav	1071181	116	1			0		other	0
y0305	53	Picture	Wait for response	1078732	0	1	5000	1	0	next	other	0
y0305	53	Response	2	1083620	4888	0
y0305	54	Sound	mipola.wav	1095732	11999	1			12000		other	0
y0305	55	Picture	ISI	1103401	0	1	5167	2	0	next	other	0
y0305	56	Sound	lanuga.wav	1108683	116	1			0		other	0
y0305	57	Picture	Wait for response	1116235	0	1	2000	2	0	next	other	0
y0305	57	Response	3	1118180	1945	0
y0305	58	Sound	semipo.wav	1130233	11998	1			12000		other	0
y0305	59	Picture	ISI	1137903	0	1	5167	1	0	next	other	0
y0305	60	Sound	mipola.wav	1143184	114	1			0		other	0
y0305	61	Picture	Wait for response	1150737	0	1	3667	2	0	next	other	0
y0305	61	Response	2	1154260	3523	0
y0305	62	Sound	zabetu.wav	1166404	12000	1			12000		other	0
y0305	63	Picture	ISI	1174072	0	1	5167	1	0	next	other	0
y0305	64	Sound	dizabe.wav	1179385	146	1			0		other	0
y0305	65	Picture	Wait for response	1187072	0	1	3333	1	0	next	other	0
y0305	65	Response	2	1190260	3187	0
y0305	66	Picture	exp_end	1190406	0	1	32270	1	0	next	other	0


{
   "app": "Presentation Version 20.0 Build 07.26.17",
   "device": "FUJITSU CELSIUS M740B",
   "experiment": "{16CD3F60-04EC-4047-A39C-DBD7F4656802}",
   "os": "Windows 10 64 bit",
   "package": "",
   "parameters": {
      "configuration": "Default configuration"
   },
   "scenario": "RPSL_wordrec.sce",
   "subject": "y0305",
   "timestamp": "2019/10/12 08:52:33 GMT"
}
