Scenario - _RPSL_wordrec
Logfile written - 10/16/2019 15:05:32

Subject	Trial	Event Type	Code	Time	TTime	Uncertainty	Duration	Uncertainty	ReqTime	ReqDur	Stim Type	Pair Index

p3006	1	Picture	instruct	333	0	1	375024	1	0	next	other	0
p3006	1	Response	1	375009	374676	0
p3006	2	Sound	zabetu.wav	387355	11999	1			12000		other	0
p3006	3	Picture	ISI	395025	0	1	5167	1	0	next	other	0
p3006	4	Sound	turoki.wav	400361	169	1			0		other	0
p3006	5	Picture	Wait for response	408026	0	1	7500	1	0	next	other	0
p3006	5	Response	2	415088	7063	0
p3006	6	Sound	semipo.wav	427525	11999	1			12000		other	0
p3006	7	Picture	ISI	435194	0	1	5167	1	0	next	other	0
p3006	8	Sound	zabetu.wav	440462	101	1			0		other	0
p3006	9	Picture	Wait for response	448028	0	1	4334	1	0	next	other	0
p3006	9	Response	3	451968	3940	0
p3006	10	Sound	nugadi.wav	464361	11999	1			12000		other	0
p3006	11	Picture	ISI	472030	0	1	5167	2	0	next	other	0
p3006	12	Sound	lanuga.wav	477363	167	1			0		other	0
p3006	13	Picture	Wait for response	485030	0	1	6334	2	0	next	other	0
p3006	13	Response	2	491249	6218	0
p3006	14	Sound	nugadi.wav	503364	12000	1			12000		other	0
p3006	15	Picture	ISI	511032	0	1	5167	2	0	next	other	0
p3006	16	Sound	semipo.wav	516364	165	1			0		other	0
p3006	17	Picture	Wait for response	524033	0	1	3667	2	0	next	other	0
p3006	17	Response	3	527488	3456	0
p3006	18	Sound	rokise.wav	539699	11999	1			12000		other	0
p3006	19	Picture	ISI	547368	0	1	5167	1	0	next	other	0
p3006	20	Sound	turoki.wav	552665	131	1			0		other	0
p3006	21	Picture	Wait for response	560202	0	1	3834	2	0	next	other	0
p3006	21	Response	2	563728	3527	0
p3006	22	Sound	dizabe.wav	576035	11999	1			12000		other	0
p3006	23	Picture	ISI	583703	0	1	5167	1	0	next	other	0
p3006	24	Sound	rokise.wav	589067	196	1			0		other	0
p3006	25	Picture	Wait for response	596704	0	1	4167	1	0	next	other	0
p3006	25	Response	2	600768	4064	0
p3006	26	Sound	rokise.wav	612870	11999	1			12000		other	0
p3006	27	Picture	ISI	620539	0	1	5167	1	0	next	other	0
p3006	28	Sound	semipo.wav	625868	161	1			0		other	0
p3006	29	Picture	Wait for response	633540	0	1	3167	1	0	next	other	0
p3006	29	Response	3	636529	2989	0
p3006	30	Sound	zabetu.wav	648708	12002	1			12000		other	0
p3006	31	Picture	ISI	656375	0	1	5167	2	0	next	other	0
p3006	32	Sound	dizabe.wav	661668	127	1			0		other	0
p3006	33	Picture	Wait for response	669209	0	1	4334	1	0	next	other	0
p3006	33	Response	2	673488	4279	0
p3006	34	Sound	semipo.wav	685544	12001	1			12000		other	0
p3006	35	Picture	ISI	693210	0	3	5167	3	0	next	other	0
p3006	36	Sound	mipola.wav	698569	192	1			0		other	0
p3006	37	Picture	Wait for response	706211	0	2	5834	2	0	next	other	0
p3006	37	Response	3	711889	5678	0
p3006	38	Sound	dizabe.wav	724045	12000	1			12000		other	0
p3006	39	Picture	ISI	731713	0	1	5167	2	0	next	other	0
p3006	40	Sound	nugadi.wav	736970	91	1			0		other	0
p3006	41	Picture	Wait for response	744547	0	1	3000	1	0	next	other	0
p3006	41	Response	3	747409	2862	0
p3006	42	Sound	mipola.wav	759546	11999	1			12000		other	0
p3006	43	Picture	ISI	767215	0	1	5167	1	0	next	other	0
p3006	44	Sound	lanuga.wav	772571	189	1			0		other	0
p3006	45	Picture	Wait for response	780216	0	2	2167	2	0	next	other	0
p3006	45	Response	3	782209	1993	0
p3006	46	Sound	lanuga.wav	794382	11999	1			12000		other	0
p3006	47	Picture	ISI	802051	0	1	5167	1	0	next	other	0
p3006	48	Sound	zabetu.wav	807372	154	1			0		other	0
p3006	49	Picture	Wait for response	815051	0	1	5500	1	0	next	other	0
p3006	49	Response	3	820369	5318	0
p3006	50	Sound	lanuga.wav	832552	12000	1			12000		other	0
p3006	51	Picture	ISI	840220	0	1	5167	1	0	next	other	0
p3006	52	Sound	rokise.wav	845574	187	1			0		other	0
p3006	53	Picture	Wait for response	853221	0	1	9334	1	0	next	other	0
p3006	53	Response	2	862449	9229	0
p3006	54	Sound	turoki.wav	874554	12000	1			12000		other	0
p3006	55	Picture	ISI	882222	0	1	5167	1	0	next	other	0
p3006	56	Sound	mipola.wav	887575	185	1			0		other	0
p3006	57	Picture	Wait for response	895223	0	1	3334	1	0	next	other	0
p3006	57	Response	3	898369	3146	0
p3006	58	Sound	mipola.wav	910557	12000	1			12000		other	0
p3006	59	Picture	ISI	918225	0	1	5167	1	0	next	other	0
p3006	60	Sound	dizabe.wav	923577	185	1			0		other	0
p3006	61	Picture	Wait for response	931225	0	2	5834	3	0	next	other	0
p3006	61	Response	3	937009	5784	0
p3006	62	Sound	turoki.wav	949059	12000	1			12000		other	0
p3006	63	Picture	ISI	956727	0	1	5167	1	0	next	other	0
p3006	64	Sound	nugadi.wav	962077	183	1			0		other	0
p3006	65	Picture	Wait for response	969728	0	1	4000	1	0	next	other	0
p3006	65	Response	2	973649	3921	0
p3006	66	Picture	exp_end	973728	0	1	31136	1	0	next	other	0


{
   "app": "Presentation Version 20.0 Build 07.26.17",
   "device": "FUJITSU CELSIUS M740B",
   "experiment": "{16CD3F60-04EC-4047-A39C-DBD7F4656802}",
   "os": "Windows 10 64 bit",
   "package": "",
   "parameters": {
      "configuration": "Default configuration"
   },
   "scenario": "RPSL_wordrec.sce",
   "subject": "p3006",
   "timestamp": "2019/10/16 13:03:42 GMT"
}
