Scenario - _RPSL_wordrec
Logfile written - 10/07/2019 10:05:40
      

Subject	Trial	Event Type	Code	Time	TTime	Uncertainty	Duration	Uncertainty	ReqTime	ReqDur	Stim Type	Pair Index

s1911	1	Picture	instruct	333	0	1	472028	2	0	next	other	0
s1911	1	Response	1	472064	471732	0
s1911	2	Sound	lanuga.wav	484360	11998	1			12000		other	0
s1911	3	Picture	ISI	492029	0	1	5167	1	0	next	other	0
s1911	4	Sound	rokise.wav	497365	169	1			0		other	0
s1911	5	Picture	Wait for response	505030	0	1	7001	1	0	next	other	0
s1911	5	Response	3	511584	6554	0
s1911	6	Sound	turoki.wav	524028	11998	1			12000		other	0
s1911	7	Picture	ISI	531698	0	1	5167	1	0	next	other	0
s1911	8	Sound	nugadi.wav	537067	202	1			0		other	0
s1911	9	Picture	Wait for response	544699	0	1	5000	1	0	next	other	0
s1911	9	Response	3	549344	4645	0
s1911	10	Sound	zabetu.wav	561699	12000	1			12000		other	0
s1911	11	Picture	ISI	569367	0	1	5167	1	0	next	other	0
s1911	12	Sound	dizabe.wav	574667	133	1			0		other	0
s1911	13	Picture	Wait for response	582201	0	1	3167	2	0	next	other	0
s1911	13	Response	2	585184	2983	0
s1911	14	Sound	nugadi.wav	597368	12000	1			12000		other	0
s1911	15	Picture	ISI	605036	0	1	5167	2	0	next	other	0
s1911	16	Sound	lanuga.wav	610368	165	1			0		other	0
s1911	17	Picture	Wait for response	618037	0	1	1500	1	0	next	other	0
s1911	17	Response	2	619265	1227	0
s1911	18	Sound	mipola.wav	631538	12001	1			12000		other	0
s1911	19	Picture	ISI	639205	0	1	5167	1	0	next	other	0
s1911	20	Sound	lanuga.wav	644469	97	1			0		other	0
s1911	21	Picture	Wait for response	652039	0	1	833	1	0	next	other	0
s1911	21	Response	2	652784	745	0
s1911	22	Sound	semipo.wav	664873	12000	1			12000		other	0
s1911	23	Picture	ISI	672540	0	2	5167	2	0	next	other	0
s1911	24	Sound	zabetu.wav	677870	163	1			0		other	0
s1911	25	Picture	Wait for response	685541	0	1	2667	1	0	next	other	0
s1911	25	Response	3	688144	2603	0
s1911	26	Sound	nugadi.wav	700208	12000	1			12000		other	0
s1911	27	Picture	ISI	707876	0	1	5167	1	0	next	other	0
s1911	28	Sound	semipo.wav	713171	129	1			0		other	0
s1911	29	Picture	Wait for response	720710	0	1	1167	1	0	next	other	0
s1911	29	Response	2	721824	1114	0
s1911	30	Sound	turoki.wav	733876	11999	1			12000		other	0
s1911	31	Picture	ISI	741545	0	1	5167	1	0	next	other	0
s1911	32	Sound	mipola.wav	746872	160	1			0		other	0
s1911	33	Picture	Wait for response	754545	0	1	3000	2	0	next	other	0
s1911	33	Response	3	757504	2959	0
s1911	34	Sound	dizabe.wav	769545	12000	1			12000		other	0
s1911	35	Picture	ISI	777213	0	1	5167	2	0	next	other	0
s1911	36	Sound	rokise.wav	782574	194	1			0		other	0
s1911	37	Picture	Wait for response	790214	0	2	5167	3	0	next	other	0
s1911	37	Response	3	795184	4971	0
s1911	38	Sound	rokise.wav	807381	12000	1			12000		other	0
s1911	39	Picture	ISI	815049	0	1	5167	1	0	next	other	0
s1911	40	Sound	semipo.wav	820374	158	1			0		other	0
s1911	41	Picture	Wait for response	828050	0	1	9167	1	0	next	other	0
s1911	41	Response	2	837184	9135	0
s1911	42	Sound	semipo.wav	849217	12000	1			12000		other	0
s1911	43	Picture	ISI	856885	0	1	5167	2	0	next	other	0
s1911	44	Sound	mipola.wav	862175	123	1			0		other	0
s1911	45	Picture	Wait for response	869719	0	1	2497	14	0	next	other	0
s1911	45	Response	3	872144	2425	0
s1911	46	Sound	dizabe.wav	884215	12000	1			12000		other	0
s1911	47	Picture	ISI	891887	0	1	5167	1	0	next	other	0
s1911	48	Sound	nugadi.wav	897177	123	1			0		other	0
s1911	49	Picture	Wait for response	904721	0	1	7167	1	0	next	other	0
s1911	49	Response	3	911824	7103	0
s1911	50	Sound	mipola.wav	923888	12000	1			12000		other	0
s1911	51	Picture	ISI	931556	0	1	5167	2	0	next	other	0
s1911	52	Sound	dizabe.wav	936877	155	1			0		other	0
s1911	53	Picture	Wait for response	944557	0	1	2333	1	0	next	other	0
s1911	53	Response	2	946705	2148	0
s1911	54	Sound	rokise.wav	958889	11999	1			12000		other	0
s1911	55	Picture	ISI	966558	0	1	5167	2	0	next	other	0
s1911	56	Sound	turoki.wav	971878	153	1			0		other	0
s1911	57	Picture	Wait for response	979559	0	1	3667	1	0	next	other	0
s1911	57	Response	3	983105	3546	0
s1911	58	Sound	zabetu.wav	995225	12000	1			12000		other	0
s1911	59	Picture	ISI	1002894	0	1	5167	1	0	next	other	0
s1911	60	Sound	turoki.wav	1008180	119	1			0		other	0
s1911	61	Picture	Wait for response	1015728	0	1	27502	1	0	next	other	0
s1911	61	Response	2	1043104	27376	0
s1911	62	Sound	lanuga.wav	1055230	12000	1			12000		other	0
s1911	63	Picture	ISI	1062897	0	1	5167	2	0	next	other	0
s1911	64	Sound	zabetu.wav	1068181	117	1			0		other	0
s1911	65	Picture	Wait for response	1075731	0	1	3167	1	0	next	other	0
s1911	65	Response	3	1078785	3054	0
s1911	66	Picture	exp_end	1078898	0	1	32057	1	0	next	other	0


{
   "app": "Presentation Version 20.0 Build 07.26.17",
   "device": "FUJITSU CELSIUS M740B",
   "experiment": "{16CD3F60-04EC-4047-A39C-DBD7F4656802}",
   "os": "Windows 10 64 bit",
   "package": "",
   "parameters": {
      "configuration": "Default configuration"
   },
   "scenario": "RPSL_wordrec.sce",
   "subject": "s1911",
   "timestamp": "2019/10/07 08:03:42 GMT"
}
