Scenario - _RPSL_wordrec
Logfile written - 10/16/2019 11:51:19
      

Subject	Trial	Event Type	Code	Time	TTime	Uncertainty	Duration	Uncertainty	ReqTime	ReqDur	Stim Type	Pair Index

G1905	1	Picture	instruct	333	0	2	524199	2	0	next	other	0
G1905	1	Response	1	524325	523992	0
G1905	2	Sound	lanuga.wav	536531	11999	1			12000		other	0
G1905	3	Picture	ISI	544199	0	1	5167	1	0	next	other	0
G1905	4	Sound	rokise.wav	549466	100	1			0		other	0
G1905	5	Picture	Wait for response	557033	0	1	6500	1	0	next	other	0
G1905	5	Response	2	563284	6251	0
G1905	6	Sound	lanuga.wav	575534	12000	1			12000		other	0
G1905	7	Picture	ISI	583201	0	1	5167	2	0	next	other	0
G1905	8	Sound	zabetu.wav	588467	99	1			0		other	0
G1905	9	Picture	Wait for response	596036	0	1	19167	3	0	next	other	0
G1905	9	Response	3	615125	19089	0
G1905	10	Sound	zabetu.wav	627202	12000	1			12000		other	0
G1905	11	Picture	ISI	634871	0	1	5167	1	0	next	other	0
G1905	12	Sound	dizabe.wav	640168	129	1			0		other	0
G1905	13	Picture	Wait for response	647706	0	1	4833	1	0	next	other	0
G1905	13	Response	2	652485	4779	0
G1905	14	Sound	nugadi.wav	664539	11999	1			12000		other	0
G1905	15	Picture	ISI	672207	0	1	5167	2	0	next	other	0
G1905	16	Sound	lanuga.wav	677469	95	1			0		other	0
G1905	17	Picture	Wait for response	685040	0	2	13001	4	0	next	other	0
G1905	17	Response	2	697844	12804	0
G1905	18	Sound	rokise.wav	710041	12000	1			12000		other	0
G1905	19	Picture	ISI	717710	0	1	5167	1	0	next	other	0
G1905	20	Sound	semipo.wav	723070	193	1			0		other	0
G1905	21	Picture	Wait for response	730710	0	1	18835	2	0	next	other	0
G1905	21	Response	2	749445	18734	0
G1905	22	Sound	rokise.wav	761544	11999	1			12000		other	0
G1905	23	Picture	ISI	769213	0	1	5167	2	0	next	other	0
G1905	24	Sound	turoki.wav	774471	92	1			0		other	0
G1905	25	Picture	Wait for response	782047	0	1	6167	2	0	next	other	0
G1905	25	Response	2	788084	6037	0
G1905	26	Sound	nugadi.wav	800215	12001	1			12000		other	0
G1905	27	Picture	ISI	807882	0	1	5167	1	0	next	other	0
G1905	28	Sound	semipo.wav	813173	124	1			0		other	0
G1905	29	Picture	Wait for response	820716	0	1	2834	2	0	next	other	0
G1905	29	Response	2	823445	2729	0
G1905	30	Sound	mipola.wav	835549	12000	1			12000		other	0
G1905	31	Picture	ISI	843218	0	1	5167	1	0	next	other	0
G1905	32	Sound	dizabe.wav	848574	189	1			0		other	0
G1905	33	Picture	Wait for response	856218	0	1	15668	2	0	next	other	0
G1905	33	Response	2	871764	15546	0
G1905	34	Sound	dizabe.wav	883886	12000	1			12000		other	0
G1905	35	Picture	ISI	891554	0	1	5167	1	0	next	other	0
G1905	36	Sound	nugadi.wav	896875	155	1			0		other	0
G1905	37	Picture	Wait for response	904554	0	1	2834	1	0	next	other	0
G1905	37	Response	3	907205	2650	0
G1905	38	Sound	turoki.wav	919388	12000	1			12000		other	0
G1905	39	Picture	ISI	927056	0	1	5167	2	0	next	other	0
G1905	40	Sound	mipola.wav	932376	153	1			0		other	0
G1905	41	Picture	Wait for response	940057	0	1	12001	1	0	next	other	0
G1905	41	Response	3	952005	11948	0
G1905	42	Sound	semipo.wav	964058	12000	1			12000		other	0
G1905	43	Picture	ISI	971725	0	1	5166	2	0	next	other	0
G1905	44	Sound	zabetu.wav	977078	186	1			0		other	0
G1905	45	Picture	Wait for response	984726	0	1	6834	1	0	next	other	0
G1905	45	Response	3	991445	6719	0
G1905	46	Sound	semipo.wav	1003560	12000	1			12000		other	0
G1905	47	Picture	ISI	1011228	0	1	5167	1	0	next	other	0
G1905	48	Sound	mipola.wav	1016578	184	1			0		other	0
G1905	49	Picture	Wait for response	1024228	0	1	10667	2	0	next	other	0
G1905	49	Response	2	1034805	10577	0
G1905	50	Sound	zabetu.wav	1046895	12000	1			12000		other	0
G1905	51	Picture	ISI	1054564	0	1	5167	1	0	next	other	0
G1905	52	Sound	turoki.wav	1059880	149	1			0		other	0
G1905	53	Picture	Wait for response	1067564	0	1	1667	1	0	next	other	0
G1905	53	Response	2	1069125	1560	0
G1905	54	Sound	turoki.wav	1081231	12000	1			12000		other	0
G1905	55	Picture	ISI	1088899	0	1	5167	1	0	next	other	0
G1905	56	Sound	nugadi.wav	1094180	114	1			0		other	0
G1905	57	Picture	Wait for response	1101733	0	1	8334	2	0	next	other	0
G1905	57	Response	3	1110005	8272	0
G1905	58	Sound	dizabe.wav	1122067	12000	1			12000		other	0
G1905	59	Picture	ISI	1129735	0	2	5167	2	0	next	other	0
G1905	60	Sound	rokise.wav	1135082	180	1			0		other	0
G1905	61	Picture	Wait for response	1142736	0	1	20668	1	0	next	other	0
G1905	61	Response	3	1163205	20470	0
G1905	62	Sound	mipola.wav	1175402	11999	1			12000		other	0
G1905	63	Picture	ISI	1183071	0	1	5167	1	0	next	other	0
G1905	64	Sound	lanuga.wav	1188384	146	1			0		other	0
G1905	65	Picture	Wait for response	1196072	0	1	12834	2	0	next	other	0
G1905	65	Response	2	1208725	12653	0
G1905	66	Picture	exp_end	1208906	0	1	32084	1	0	next	other	0


{
   "app": "Presentation Version 20.0 Build 07.26.17",
   "device": "FUJITSU CELSIUS M740B",
   "experiment": "{16CD3F60-04EC-4047-A39C-DBD7F4656802}",
   "os": "Windows 10 64 bit",
   "package": "",
   "parameters": {
      "configuration": "Default configuration"
   },
   "scenario": "RPSL_wordrec.sce",
   "subject": "G1905",
   "timestamp": "2019/10/16 09:48:47 GMT"
}
