Scenario - _RPSL_wordrec
Logfile written - 10/09/2019 15:58:22
      

Subject	Trial	Event Type	Code	Time	TTime	Uncertainty	Duration	Uncertainty	ReqTime	ReqDur	Stim Type	Pair Index

g0609	1	Picture	instruct	333	0	1	250515	2	0	next	other	0
g0609	1	Response	1	250680	250347	0
g0609	2	Sound	rokise.wav	262847	11999	1			12000		other	0
g0609	3	Picture	ISI	270516	0	1	5167	1	0	next	other	0
g0609	4	Sound	semipo.wav	275858	175	1			0		other	0
g0609	5	Picture	Wait for response	283517	0	1	51503	1	0	next	other	0
g0609	5	Response	3	334840	51324	0
g0609	6	Sound	semipo.wav	347019	11999	1			12000		other	0
g0609	7	Picture	ISI	354688	0	1	5167	1	0	next	other	0
g0609	8	Sound	zabetu.wav	359960	105	1			0		other	0
g0609	9	Picture	Wait for response	367522	0	1	11334	2	0	next	other	0
g0609	9	Response	3	378681	11159	0
g0609	10	Sound	turoki.wav	390855	11999	1			12000		other	0
g0609	11	Picture	ISI	398524	0	1	5167	1	0	next	other	0
g0609	12	Sound	nugadi.wav	403861	170	1			0		other	0
g0609	13	Picture	Wait for response	411525	0	1	21001	2	0	next	other	0
g0609	13	Response	2	432441	20916	0
g0609	14	Sound	nugadi.wav	444525	12000	1			12000		other	0
g0609	15	Picture	ISI	452194	0	1	5167	2	0	next	other	0
g0609	16	Sound	semipo.wav	457463	102	1			0		other	0
g0609	17	Picture	Wait for response	465028	0	1	12334	1	0	next	other	0
g0609	17	Response	3	477321	12293	0
g0609	18	Sound	zabetu.wav	489362	12001	1			12000		other	0
g0609	19	Picture	ISI	497029	0	2	5167	2	0	next	other	0
g0609	20	Sound	turoki.wav	502365	168	1			0		other	0
g0609	21	Picture	Wait for response	510031	0	1	42669	2	0	next	other	0
g0609	21	Response	3	552601	42570	0
g0609	22	Sound	turoki.wav	564699	11999	1			12000		other	0
g0609	23	Picture	ISI	572367	0	2	5168	2	0	next	other	0
g0609	24	Sound	mipola.wav	577666	131	1			0		other	0
g0609	25	Picture	Wait for response	585202	0	1	25168	2	0	next	other	0
g0609	25	Response	3	610281	25079	0
g0609	26	Sound	rokise.wav	622370	12000	1			12000		other	0
g0609	27	Picture	ISI	630038	0	1	5167	2	0	next	other	0
g0609	28	Sound	turoki.wav	635368	163	1			0		other	0
g0609	29	Picture	Wait for response	643039	0	1	22835	2	0	next	other	0
g0609	29	Response	2	665801	22762	0
g0609	30	Sound	semipo.wav	677873	12000	1			12000		other	0
g0609	31	Picture	ISI	685541	0	1	5167	1	0	next	other	0
g0609	32	Sound	mipola.wav	690870	162	1			0		other	0
g0609	33	Picture	Wait for response	698542	0	1	22001	1	0	next	other	0
g0609	33	Response	2	720441	21899	0
g0609	34	Sound	nugadi.wav	732543	11999	1			12000		other	0
g0609	35	Picture	ISI	740211	0	1	5167	1	0	next	other	0
g0609	36	Sound	lanuga.wav	745572	194	1			0		other	0
g0609	37	Picture	Wait for response	753212	0	1	36002	1	0	next	other	0
g0609	37	Response	3	789161	35949	0
g0609	38	Sound	lanuga.wav	801215	12000	1			12000		other	0
g0609	39	Picture	ISI	808882	0	1	5167	2	0	next	other	0
g0609	40	Sound	rokise.wav	814174	125	1			0		other	0
g0609	41	Picture	Wait for response	821716	0	1	9834	1	0	next	other	0
g0609	41	Response	2	831401	9685	0
g0609	42	Sound	mipola.wav	843550	12000	1			12000		other	0
g0609	43	Picture	ISI	851218	0	2	5167	3	0	next	other	0
g0609	44	Sound	lanuga.wav	856575	190	1			0		other	0
g0609	45	Picture	Wait for response	864219	0	1	7334	1	0	next	other	0
g0609	45	Response	3	871482	7263	0
g0609	46	Sound	lanuga.wav	883553	12001	1			12000		other	0
g0609	47	Picture	ISI	891221	0	1	5166	2	0	next	other	0
g0609	48	Sound	zabetu.wav	896576	189	1			0		other	0
g0609	49	Picture	Wait for response	904221	0	1	6000	2	0	next	other	0
g0609	49	Response	2	910042	5820	0
g0609	50	Sound	zabetu.wav	922222	12000	1			12000		other	0
g0609	51	Picture	ISI	929890	0	1	5167	2	0	next	other	0
g0609	52	Sound	dizabe.wav	935177	121	1			0		other	0
g0609	53	Picture	Wait for response	942724	0	1	20335	1	0	next	other	0
g0609	53	Response	2	962921	20197	0
g0609	54	Sound	dizabe.wav	975058	11999	1			12000		other	0
g0609	55	Picture	ISI	982726	0	1	5167	1	0	next	other	0
g0609	56	Sound	nugadi.wav	988078	185	1			0		other	0
g0609	57	Picture	Wait for response	995727	0	1	15001	1	0	next	other	0
g0609	57	Response	3	1010602	14875	0
g0609	58	Sound	dizabe.wav	1022728	12000	1			12000		other	0
g0609	59	Picture	ISI	1030395	0	1	5167	2	0	next	other	0
g0609	60	Sound	rokise.wav	1035680	117	1			0		other	0
g0609	61	Picture	Wait for response	1043230	0	1	16001	1	0	next	other	0
g0609	61	Response	3	1059161	15932	0
g0609	62	Sound	mipola.wav	1071230	12000	1			12000		other	0
g0609	63	Picture	ISI	1078898	0	2	5167	2	0	next	other	0
g0609	64	Sound	dizabe.wav	1084182	116	1			0		other	0
g0609	65	Picture	Wait for response	1091732	0	2	8668	2	0	next	other	0
g0609	65	Response	3	1100282	8549	0
g0609	66	Picture	exp_end	1100400	0	1	32237	1	0	next	other	0


{
   "app": "Presentation Version 20.0 Build 07.26.17",
   "device": "FUJITSU CELSIUS M740B",
   "experiment": "{16CD3F60-04EC-4047-A39C-DBD7F4656802}",
   "os": "Windows 10 64 bit",
   "package": "",
   "parameters": {
      "configuration": "Default configuration"
   },
   "scenario": "RPSL_wordrec.sce",
   "subject": "g0609",
   "timestamp": "2019/10/09 13:56:19 GMT"
}
