Scenario - _RPSL_wordrec
Logfile written - 10/09/2019 10:56:43
      

Subject	Trial	Event Type	Code	Time	TTime	Uncertainty	Duration	Uncertainty	ReqTime	ReqDur	Stim Type	Pair Index

b1111	1	Picture	instruct	333	0	1	391524	1	0	next	other	0
b1111	1	Response	1	391575	391242	0
b1111	2	Sound	semipo.wav	403855	11998	1			12000		other	0
b1111	3	Picture	ISI	411525	0	1	5167	2	0	next	other	0
b1111	4	Sound	mipola.wav	416861	169	1			0		other	0
b1111	5	Picture	Wait for response	424526	0	1	8000	1	0	next	other	0
b1111	5	Response	3	432374	7849	0
b1111	6	Sound	mipola.wav	444525	11999	1			12000		other	0
b1111	7	Picture	ISI	452194	0	1	5167	1	0	next	other	0
b1111	8	Sound	dizabe.wav	457463	102	1			0		other	0
b1111	9	Picture	Wait for response	465028	0	1	9334	1	0	next	other	0
b1111	9	Response	2	474055	9027	0
b1111	10	Sound	rokise.wav	486361	12000	1			12000		other	0
b1111	11	Picture	ISI	494030	0	1	5167	2	0	next	other	0
b1111	12	Sound	turoki.wav	499364	168	1			0		other	0
b1111	13	Picture	Wait for response	507030	0	1	4334	2	0	next	other	0
b1111	13	Response	2	511175	4144	0
b1111	14	Sound	dizabe.wav	523363	11999	1			12000		other	0
b1111	15	Picture	ISI	531032	0	1	5167	1	0	next	other	0
b1111	16	Sound	rokise.wav	536365	166	1			0		other	0
b1111	17	Picture	Wait for response	544033	0	1	7167	2	0	next	other	0
b1111	17	Response	3	550774	6742	0
b1111	18	Sound	semipo.wav	563199	11999	1			12000		other	0
b1111	19	Picture	ISI	570866	0	3	5168	3	0	next	other	0
b1111	20	Sound	zabetu.wav	576166	131	1			0		other	0
b1111	21	Picture	Wait for response	583702	0	1	5834	1	0	next	other	0
b1111	21	Response	3	589174	5473	0
b1111	22	Sound	nugadi.wav	601535	11999	1			12000		other	0
b1111	23	Picture	ISI	609203	0	1	5167	2	0	next	other	0
b1111	24	Sound	lanuga.wav	614467	97	1			0		other	0
b1111	25	Picture	Wait for response	622038	0	1	7000	2	0	next	other	0
b1111	25	Response	2	628855	6817	0
b1111	26	Sound	lanuga.wav	641036	11998	1			12000		other	0
b1111	27	Picture	ISI	648706	0	1	5167	1	0	next	other	0
b1111	28	Sound	rokise.wav	654069	196	1			0		other	0
b1111	29	Picture	Wait for response	661707	0	1	5000	1	0	next	other	0
b1111	29	Response	3	666534	4827	1
b1111	30	Sound	zabetu.wav	678706	11999	1			12000		other	0
b1111	31	Picture	ISI	686374	0	1	5168	2	0	next	other	0
b1111	32	Sound	dizabe.wav	691670	128	1			0		other	0
b1111	33	Picture	Wait for response	699209	0	1	4667	2	0	next	other	0
b1111	33	Response	2	703815	4606	0
b1111	34	Sound	turoki.wav	715876	12001	1			12000		other	0
b1111	35	Picture	ISI	723544	0	1	5167	2	0	next	other	0
b1111	36	Sound	mipola.wav	728871	160	1			0		other	0
b1111	37	Picture	Wait for response	736544	0	1	4667	2	0	next	other	0
b1111	37	Response	3	741175	4631	0
b1111	38	Sound	lanuga.wav	753211	11999	1			12000		other	0
b1111	39	Picture	ISI	760879	0	1	5167	1	0	next	other	0
b1111	40	Sound	zabetu.wav	766171	125	1			0		other	0
b1111	41	Picture	Wait for response	773714	0	1	7834	1	0	next	other	0
b1111	41	Response	3	781415	7701	0
b1111	42	Sound	zabetu.wav	793548	12001	1			12000		other	0
b1111	43	Picture	ISI	801215	0	1	5167	2	0	next	other	0
b1111	44	Sound	turoki.wav	806474	92	1			0		other	0
b1111	45	Picture	Wait for response	814049	0	1	4500	1	0	next	other	0
b1111	45	Response	2	818455	4406	0
b1111	46	Sound	rokise.wav	830549	11999	1			12000		other	0
b1111	47	Picture	ISI	838218	0	1	5167	2	0	next	other	0
b1111	48	Sound	semipo.wav	843575	190	1			0		other	0
b1111	49	Picture	Wait for response	851218	0	1	9834	2	0	next	other	0
b1111	49	Response	2	860935	9717	0
b1111	50	Sound	dizabe.wav	873052	12000	1			12000		other	0
b1111	51	Picture	ISI	880720	0	1	5167	1	0	next	other	0
b1111	52	Sound	nugadi.wav	886076	189	1			0		other	0
b1111	53	Picture	Wait for response	893721	0	1	5834	2	0	next	other	0
b1111	53	Response	3	899495	5774	0
b1111	54	Sound	turoki.wav	911554	11999	1			12000		other	0
b1111	55	Picture	ISI	919222	0	1	5167	1	0	next	other	0
b1111	56	Sound	nugadi.wav	924577	187	1			0		other	0
b1111	57	Picture	Wait for response	932223	0	1	6667	2	0	next	other	0
b1111	57	Response	3	938775	6552	0
b1111	58	Sound	nugadi.wav	950891	12001	1			12000		other	0
b1111	59	Picture	ISI	958558	0	1	5167	1	0	next	other	0
b1111	60	Sound	semipo.wav	963878	153	1			0		other	0
b1111	61	Picture	Wait for response	971559	0	1	4500	1	0	next	other	0
b1111	61	Response	2	975976	4417	0
b1111	62	Sound	mipola.wav	988060	12000	1			12000		other	0
b1111	63	Picture	ISI	995727	0	1	5167	1	0	next	other	0
b1111	64	Sound	lanuga.wav	1001079	185	1			0		other	0
b1111	65	Picture	Wait for response	1008728	0	1	7834	1	0	next	other	0
b1111	65	Response	2	1016375	7647	0
b1111	66	Picture	exp_end	1016562	0	1	32241	1	0	next	other	0


{
   "app": "Presentation Version 20.0 Build 07.26.17",
   "device": "FUJITSU CELSIUS M740B",
   "experiment": "{16CD3F60-04EC-4047-A39C-DBD7F4656802}",
   "os": "Windows 10 64 bit",
   "package": "",
   "parameters": {
      "configuration": "Default configuration"
   },
   "scenario": "RPSL_wordrec.sce",
   "subject": "b1111",
   "timestamp": "2019/10/09 08:54:49 GMT"
}
