Scenario - _RPSL_wordrec
Logfile written - 10/11/2019 16:57:23
      

Subject	Trial	Event Type	Code	Time	TTime	Uncertainty	Duration	Uncertainty	ReqTime	ReqDur	Stim Type	Pair Index

l2805	1	Picture	instruct	333	0	1	745213	1	0	next	other	0
l2805	1	Response	1	745427	745094	0
l2805	2	Sound	nugadi.wav	757547	12001	1			12000		other	0
l2805	3	Picture	ISI	765214	0	1	5167	1	0	next	other	0
l2805	4	Sound	semipo.wav	770571	191	1			0		other	0
l2805	5	Picture	Wait for response	778215	0	1	7000	1	0	next	other	0
l2805	5	Response	2	785107	6892	0
l2805	6	Sound	nugadi.wav	797215	12000	1			12000		other	0
l2805	7	Picture	ISI	804883	0	1	5167	1	0	next	other	0
l2805	8	Sound	lanuga.wav	810172	122	1			0		other	0
l2805	9	Picture	Wait for response	817717	0	1	5000	1	0	next	other	0
l2805	9	Response	2	822547	4830	0
l2805	10	Sound	rokise.wav	834717	12000	1			12000		other	0
l2805	11	Picture	ISI	842385	0	1	5167	1	0	next	other	0
l2805	12	Sound	turoki.wav	847674	121	1			0		other	0
l2805	13	Picture	Wait for response	855220	0	1	6334	1	0	next	other	0
l2805	13	Response	2	861507	6287	0
l2805	14	Sound	dizabe.wav	873553	11999	1			12000		other	0
l2805	15	Picture	ISI	881221	0	2	5167	2	0	next	other	0
l2805	16	Sound	rokise.wav	886575	187	1			0		other	0
l2805	17	Picture	Wait for response	894222	0	1	3334	1	0	next	other	0
l2805	17	Response	3	897508	3286	0
l2805	18	Sound	dizabe.wav	909555	11999	1			12000		other	0
l2805	19	Picture	ISI	917223	0	1	5167	2	0	next	other	0
l2805	20	Sound	nugadi.wav	922576	186	1			0		other	0
l2805	21	Picture	Wait for response	930224	0	1	5833	2	0	next	other	0
l2805	21	Response	3	935987	5763	0
l2805	22	Sound	turoki.wav	948058	12000	1			12000		other	0
l2805	23	Picture	ISI	955725	0	2	5168	2	0	next	other	0
l2805	24	Sound	mipola.wav	961077	185	1			0		other	0
l2805	25	Picture	Wait for response	968726	0	2	5001	2	0	next	other	0
l2805	25	Response	2	973667	4941	0
l2805	26	Sound	lanuga.wav	985727	12000	1			12000		other	0
l2805	27	Picture	ISI	993395	0	1	5167	2	0	next	other	0
l2805	28	Sound	rokise.wav	998678	117	1			0		other	0
l2805	29	Picture	Wait for response	1006229	0	1	2000	1	0	next	other	0
l2805	29	Response	3	1008068	1839	0
l2805	30	Sound	turoki.wav	1020228	11999	1			12000		other	0
l2805	31	Picture	ISI	1027897	0	1	5167	1	0	next	other	0
l2805	32	Sound	nugadi.wav	1033180	116	1			0		other	0
l2805	33	Picture	Wait for response	1040730	0	2	4501	2	0	next	other	0
l2805	33	Response	3	1045188	4457	0
l2805	34	Sound	mipola.wav	1057232	12000	1			12000		other	0
l2805	35	Picture	ISI	1064898	0	2	5168	3	0	next	other	0
l2805	36	Sound	lanuga.wav	1070180	114	1			0		other	0
l2805	37	Picture	Wait for response	1077733	0	1	6500	2	0	next	other	0
l2805	37	Response	2	1084068	6335	0
l2805	38	Sound	lanuga.wav	1096233	11999	1			12000		other	0
l2805	39	Picture	ISI	1103902	0	1	5167	1	0	next	other	0
l2805	40	Sound	zabetu.wav	1109182	113	1			0		other	0
l2805	41	Picture	Wait for response	1116736	0	1	12001	1	0	next	other	0
l2805	41	Response	2	1128628	11892	0
l2805	42	Sound	semipo.wav	1140737	12001	1			12000		other	0
l2805	43	Picture	ISI	1148404	0	1	5167	2	0	next	other	0
l2805	44	Sound	mipola.wav	1153684	113	1			0		other	0
l2805	45	Picture	Wait for response	1161238	0	1	9001	1	0	next	other	0
l2805	45	Response	3	1170068	8830	0
l2805	46	Sound	semipo.wav	1182241	12002	1			12000		other	0
l2805	47	Picture	ISI	1189907	0	1	5167	2	0	next	other	0
l2805	48	Sound	zabetu.wav	1195185	111	1			0		other	0
l2805	49	Picture	Wait for response	1202741	0	1	10501	1	0	next	other	0
l2805	49	Response	2	1213188	10447	0
l2805	50	Sound	rokise.wav	1225242	12000	1			12000		other	0
l2805	51	Picture	ISI	1232910	0	1	5167	1	0	next	other	0
l2805	52	Sound	semipo.wav	1238186	109	1			0		other	0
l2805	53	Picture	Wait for response	1245744	0	1	4167	2	0	next	other	0
l2805	53	Response	2	1249748	4004	0
l2805	54	Sound	zabetu.wav	1261912	12001	1			12000		other	0
l2805	55	Picture	ISI	1269579	0	1	5167	1	0	next	other	0
l2805	56	Sound	dizabe.wav	1274887	142	1			0		other	0
l2805	57	Picture	Wait for response	1282579	0	1	6834	1	0	next	other	0
l2805	57	Response	2	1289268	6689	0
l2805	58	Sound	zabetu.wav	1301414	12001	1			12000		other	0
l2805	59	Picture	ISI	1309081	0	1	5167	1	0	next	other	0
l2805	60	Sound	turoki.wav	1314388	140	1			0		other	0
l2805	61	Picture	Wait for response	1321915	0	1	8667	2	0	next	other	0
l2805	61	Response	3	1330548	8633	0
l2805	62	Sound	mipola.wav	1342582	12000	1			12000		other	0
l2805	63	Picture	ISI	1350250	0	1	5167	3	0	next	other	0
l2805	64	Sound	dizabe.wav	1355590	173	1			0		other	0
l2805	65	Picture	Wait for response	1363251	0	1	3667	1	0	next	other	0
l2805	65	Response	2	1366869	3618	0
l2805	66	Picture	exp_end	1366918	0	1	31941	1	0	next	other	0


{
   "app": "Presentation Version 20.0 Build 07.26.17",
   "device": "FUJITSU CELSIUS M740B",
   "experiment": "{16CD3F60-04EC-4047-A39C-DBD7F4656802}",
   "os": "Windows 10 64 bit",
   "package": "",
   "parameters": {
      "configuration": "Default configuration"
   },
   "scenario": "RPSL_wordrec.sce",
   "subject": "l2805",
   "timestamp": "2019/10/11 14:54:51 GMT"
}
