Scenario - _RPSL_wordrec
Logfile written - 09/26/2019 14:11:06

Subject	Trial	Event Type	Code	Time	TTime	Uncertainty	Duration	Uncertainty	ReqTime	ReqDur	Stim Type	Pair Index

b0207	1	Picture	instruct	333	0	1	218013	1	0	next	other	0
b0207	1	Response	1	218172	217839	0
b0207	2	Sound	turoki.wav	230365	12018	1			12000		other	0
b0207	3	Picture	ISI	238014	0	1	5167	1	0	next	other	0
b0207	4	Sound	mipola.wav	244694	1513	1			0		other	0
b0207	5	Picture	Wait for response	252348	0	1	9667	1	0	next	other	0
b0207	5	Response	3	261852	9503	0
b0207	6	Sound	turoki.wav	274030	12014	1			12000		other	0
b0207	7	Picture	ISI	281684	0	1	5167	2	0	next	other	0
b0207	8	Sound	nugadi.wav	288696	1845	1			0		other	0
b0207	9	Picture	Wait for response	296351	0	1	17168	1	0	next	other	0
b0207	9	Response	3	313371	17020	0
b0207	10	Sound	nugadi.wav	325531	12012	1			12000		other	0
b0207	11	Picture	ISI	333187	0	1	5167	1	0	next	other	0
b0207	12	Sound	lanuga.wav	339698	1344	1			0		other	0
b0207	13	Picture	Wait for response	347354	0	1	17834	1	0	next	other	0
b0207	13	Response	2	365051	17697	0
b0207	14	Sound	mipola.wav	377199	12010	1			12000		other	0
b0207	15	Picture	ISI	384857	0	1	5167	1	0	next	other	0
b0207	16	Sound	dizabe.wav	391699	1675	1			0		other	0
b0207	17	Picture	Wait for response	399358	0	1	6667	2	0	next	other	0
b0207	17	Response	2	405852	6495	0
b0207	18	Sound	dizabe.wav	418034	12009	1			12000		other	0
b0207	19	Picture	ISI	425692	0	2	5167	2	0	next	other	0
b0207	20	Sound	rokise.wav	432700	1840	1			0		other	0
b0207	21	Picture	Wait for response	440360	0	1	5500	1	0	next	other	0
b0207	21	Response	3	445772	5412	0
b0207	22	Sound	zabetu.wav	457870	12010	1			12000		other	0
b0207	23	Picture	ISI	465528	0	2	5167	2	0	next	other	0
b0207	24	Sound	turoki.wav	471701	1006	1			0		other	0
b0207	25	Picture	Wait for response	479363	0	1	4000	1	0	next	other	0
b0207	25	Response	3	483211	3849	0
b0207	26	Sound	rokise.wav	495371	12009	1			12000		other	0
b0207	27	Picture	ISI	503031	0	1	5167	1	0	next	other	0
b0207	28	Sound	semipo.wav	509702	1505	1			0		other	0
b0207	29	Picture	Wait for response	517365	0	1	5834	1	0	next	other	0
b0207	29	Response	3	523052	5687	0
b0207	30	Sound	rokise.wav	535206	12007	1			12000		other	0
b0207	31	Picture	ISI	542867	0	1	5167	1	0	next	other	0
b0207	32	Sound	turoki.wav	549703	1670	1			0		other	0
b0207	33	Picture	Wait for response	557367	0	1	4333	1	0	next	other	0
b0207	33	Response	2	561612	4244	0
b0207	34	Sound	semipo.wav	573707	12007	1			12000		other	0
b0207	35	Picture	ISI	581369	0	1	5167	1	0	next	other	0
b0207	36	Sound	mipola.wav	587704	1168	1			0		other	0
b0207	37	Picture	Wait for response	595370	0	1	5500	1	0	next	other	0
b0207	37	Response	3	600732	5362	0
b0207	38	Sound	lanuga.wav	612877	12007	1			12000		other	0
b0207	39	Picture	ISI	620538	0	1	5167	1	0	next	other	0
b0207	40	Sound	rokise.wav	626705	1000	1			0		other	0
b0207	41	Picture	Wait for response	634372	0	1	7334	1	0	next	other	0
b0207	41	Response	2	641532	7160	0
b0207	42	Sound	mipola.wav	653712	12007	1			12000		other	0
b0207	43	Picture	ISI	661374	0	1	5167	1	0	next	other	0
b0207	44	Sound	lanuga.wav	667707	1166	1			0		other	0
b0207	45	Picture	Wait for response	675375	0	1	6500	1	0	next	other	0
b0207	45	Response	3	681772	6398	0
b0207	46	Sound	dizabe.wav	693881	12006	1			12000		other	0
b0207	47	Picture	ISI	701543	0	1	5167	1	0	next	other	0
b0207	48	Sound	nugadi.wav	707708	998	1			0		other	0
b0207	49	Picture	Wait for response	715377	0	1	3333	2	0	next	other	0
b0207	49	Response	3	718572	3195	0
b0207	50	Sound	lanuga.wav	730716	12005	1			12000		other	0
b0207	51	Picture	ISI	738379	0	1	5167	2	0	next	other	0
b0207	52	Sound	zabetu.wav	744709	1163	1			0		other	0
b0207	53	Picture	Wait for response	752380	0	1	3000	1	0	next	other	0
b0207	53	Response	2	755212	2833	0
b0207	54	Sound	zabetu.wav	767384	12005	1			12000		other	0
b0207	55	Picture	ISI	775047	0	1	5167	1	0	next	other	0
b0207	56	Sound	dizabe.wav	781710	1496	1			0		other	0
b0207	57	Picture	Wait for response	789382	0	1	18335	1	0	next	other	0
b0207	57	Response	2	807532	18150	0
b0207	58	Sound	nugadi.wav	819722	12005	1			12000		other	0
b0207	59	Picture	ISI	827384	0	2	5167	2	0	next	other	0
b0207	60	Sound	semipo.wav	833712	1161	1			0		other	0
b0207	61	Picture	Wait for response	841385	0	1	10334	2	0	next	other	0
b0207	61	Response	3	851612	10227	0
b0207	62	Sound	semipo.wav	863723	12005	1			12000		other	0
b0207	63	Picture	ISI	871387	0	1	5167	1	0	next	other	0
b0207	64	Sound	zabetu.wav	877713	1159	1			0		other	0
b0207	65	Picture	Wait for response	885388	0	1	6167	1	0	next	other	0
b0207	65	Response	2	891372	5985	0
b0207	66	Picture	exp_end	891555	0	1	33705	1	0	next	other	0


{
   "app": "Presentation Version 20.0 Build 07.26.17",
   "device": "FUJITSU CELSIUS M740B",
   "experiment": "{16CD3F60-04EC-4047-A39C-DBD7F4656802}",
   "os": "Windows 10 64 bit",
   "package": "",
   "parameters": {
      "configuration": "Default configuration"
   },
   "scenario": "RPSL_wordrec.sce",
   "subject": "b0207",
   "timestamp": "2019/09/26 12:09:13 GMT"
}
