Scenario - _RPSL_wordrec
Logfile written - 10/02/2019 12:01:44

Subject	Trial	Event Type	Code	Time	TTime	Uncertainty	Duration	Uncertainty	ReqTime	ReqDur	Stim Type	Pair Index

t2311	1	Picture	instruct	166	0	1	315019	2	0	next	other	0
t2311	1	Response	1	314888	314722	0
t2311	2	Sound	dizabe.wav	327194	12009	1			12000		other	0
t2311	3	Picture	ISI	334854	0	1	5167	2	0	next	other	0
t2311	4	Sound	rokise.wav	341751	1730	1			0		other	0
t2311	5	Picture	Wait for response	349355	0	1	13668	1	0	next	other	0
t2311	5	Response	3	362569	13214	0
t2311	6	Sound	zabetu.wav	375029	12006	1			12000		other	0
t2311	7	Picture	ISI	382690	0	2	5167	2	0	next	other	0
t2311	8	Sound	dizabe.wav	389752	1895	1			0		other	0
t2311	9	Picture	Wait for response	397358	0	1	39169	1	0	next	other	0
t2311	9	Response	3	436248	38890	0
t2311	10	Sound	zabetu.wav	448532	12005	1			12000		other	0
t2311	11	Picture	ISI	456195	0	1	5167	1	0	next	other	0
t2311	12	Sound	turoki.wav	462754	1392	1			0		other	0
t2311	13	Picture	Wait for response	470362	0	1	20335	1	0	next	other	0
t2311	13	Response	2	490648	20286	0
t2311	14	Sound	mipola.wav	502704	12007	1			12000		other	0
t2311	15	Picture	ISI	510365	0	1	5167	1	0	next	other	0
t2311	16	Sound	dizabe.wav	516756	1224	1			0		other	0
t2311	17	Picture	Wait for response	524366	0	1	13668	2	0	next	other	0
t2311	17	Response	2	537769	13403	0
t2311	18	Sound	lanuga.wav	550037	12004	1			12000		other	0
t2311	19	Picture	ISI	557701	0	1	5167	1	0	next	other	0
t2311	20	Sound	rokise.wav	564756	1888	1			0		other	0
t2311	21	Picture	Wait for response	572369	0	1	7834	1	0	next	other	0
t2311	21	Response	3	579929	7560	0
t2311	22	Sound	rokise.wav	592206	12003	1			12000		other	0
t2311	23	Picture	ISI	599871	0	1	5167	1	0	next	other	0
t2311	24	Sound	semipo.wav	606758	1720	1			0		other	0
t2311	25	Picture	Wait for response	614372	0	1	13000	2	0	next	other	0
t2311	25	Response	2	627289	12917	0
t2311	26	Sound	semipo.wav	639376	12005	1			12000		other	0
t2311	27	Picture	ISI	647040	0	1	5167	2	0	next	other	0
t2311	28	Sound	mipola.wav	653759	1552	1			0		other	0
t2311	29	Picture	Wait for response	661374	0	1	17501	1	0	next	other	0
t2311	29	Response	2	678808	17434	1
t2311	30	Sound	semipo.wav	690879	12004	1			12000		other	0
t2311	31	Picture	ISI	698544	0	1	5166	2	0	next	other	0
t2311	32	Sound	zabetu.wav	704760	1051	1			0		other	0
t2311	33	Picture	Wait for response	712378	0	1	7834	2	0	next	other	0
t2311	33	Response	3	719849	7471	0
t2311	34	Sound	nugadi.wav	732215	12003	1			12000		other	0
t2311	35	Picture	ISI	739879	0	1	5166	3	0	next	other	0
t2311	36	Sound	lanuga.wav	746761	1716	1			0		other	0
t2311	37	Picture	Wait for response	754380	0	1	24668	1	0	next	other	0
t2311	37	Response	2	778889	24508	0
t2311	38	Sound	nugadi.wav	791053	12004	1			12000		other	0
t2311	39	Picture	ISI	798716	0	1	5167	1	0	next	other	0
t2311	40	Sound	semipo.wav	805763	1880	1			0		other	0
t2311	41	Picture	Wait for response	813383	0	2	25836	2	0	next	other	0
t2311	41	Response	3	839049	25666	0
t2311	42	Sound	turoki.wav	851223	12004	1			12000		other	0
t2311	43	Picture	ISI	858887	0	1	5167	1	0	next	other	0
t2311	44	Sound	mipola.wav	865765	1711	1			0		other	0
t2311	45	Picture	Wait for response	873388	0	1	30002	2	0	next	other	0
t2311	45	Response	2	903289	29901	0
t2311	46	Sound	lanuga.wav	915394	12004	1			12000		other	0
t2311	47	Picture	ISI	923058	0	1	5167	1	0	next	other	0
t2311	48	Sound	zabetu.wav	929767	1543	1			0		other	0
t2311	49	Picture	Wait for response	937392	0	1	6834	1	0	next	other	0
t2311	49	Response	3	944169	6777	0
t2311	50	Sound	turoki.wav	956229	12003	1			12000		other	0
t2311	51	Picture	ISI	963893	0	1	5167	1	0	next	other	0
t2311	52	Sound	nugadi.wav	970768	1708	1			0		other	0
t2311	53	Picture	Wait for response	978394	0	1	17001	1	0	next	other	0
t2311	53	Response	2	995289	16895	0
t2311	54	Sound	rokise.wav	1007398	12003	1			12000		other	0
t2311	55	Picture	ISI	1015063	0	1	5167	1	0	next	other	0
t2311	56	Sound	turoki.wav	1021769	1539	1			0		other	0
t2311	57	Picture	Wait for response	1029397	0	1	21335	1	0	next	other	0
t2311	57	Response	3	1050569	21171	0
t2311	58	Sound	dizabe.wav	1062735	12003	1			12000		other	0
t2311	59	Picture	ISI	1070400	0	1	5167	1	0	next	other	0
t2311	60	Sound	nugadi.wav	1076771	1204	1			0		other	0
t2311	61	Picture	Wait for response	1084401	0	1	9501	1	0	next	other	0
t2311	61	Response	2	1093769	9368	0
t2311	62	Sound	mipola.wav	1105904	12003	1			12000		other	0
t2311	63	Picture	ISI	1113569	0	1	5167	1	0	next	other	0
t2311	64	Sound	lanuga.wav	1119771	1035	1			0		other	0
t2311	65	Picture	Wait for response	1127404	0	1	21001	2	0	next	other	0
t2311	65	Response	2	1148329	20926	0
t2311	66	Picture	exp_end	1148405	0	2	33600	2	0	next	other	0


{
   "app": "Presentation Version 20.0 Build 07.26.17",
   "device": "FUJITSU CELSIUS M740B",
   "experiment": "{16CD3F60-04EC-4047-A39C-DBD7F4656802}",
   "os": "Windows 10 64 bit",
   "package": "",
   "parameters": {
      "configuration": "Default configuration"
   },
   "scenario": "RPSL_wordrec.sce",
   "subject": "t2311",
   "timestamp": "2019/10/02 09:59:33 GMT"
}
