Scenario - _RPSL_wordrec
Logfile written - 09/26/2019 13:00:56

Subject	Trial	Event Type	Code	Time	TTime	Uncertainty	Duration	Uncertainty	ReqTime	ReqDur	Stim Type	Pair Index

c0509	1	Picture	instruct	166	0	1	458361	1	0	next	other	0
c0509	1	Response	1	458108	457942	0
c0509	2	Sound	rokise.wav	470535	12007	1			12000		other	0
c0509	3	Picture	ISI	478195	0	1	5167	1	0	next	other	0
c0509	4	Sound	turoki.wav	484640	1278	1			0		other	0
c0509	5	Picture	Wait for response	492196	0	1	10167	1	0	next	other	0
c0509	5	Response	3	502108	9912	0
c0509	6	Sound	mipola.wav	514372	12009	1			12000		other	0
c0509	7	Picture	ISI	522031	0	1	5167	1	0	next	other	0
c0509	8	Sound	dizabe.wav	528640	1442	1			0		other	0
c0509	9	Picture	Wait for response	536199	0	1	8334	1	0	next	other	0
c0509	9	Response	3	544428	8229	0
c0509	10	Sound	dizabe.wav	556541	12009	1			12000		other	0
c0509	11	Picture	ISI	564200	0	2	5168	2	0	next	other	0
c0509	12	Sound	rokise.wav	570642	1275	1			0		other	0
c0509	13	Picture	Wait for response	578201	0	1	18156	14	0	next	other	0
c0509	13	Response	2	596109	17908	0
c0509	14	Sound	nugadi.wav	608365	12008	1			12000		other	0
c0509	15	Picture	ISI	616037	0	1	5167	1	0	next	other	0
c0509	16	Sound	semipo.wav	622643	1439	1			0		other	0
c0509	17	Picture	Wait for response	630204	0	1	5500	1	0	next	other	0
c0509	17	Response	3	635629	5424	0
c0509	18	Sound	mipola.wav	647713	12008	1			12000		other	0
c0509	19	Picture	ISI	655372	0	2	5167	2	0	next	other	0
c0509	20	Sound	lanuga.wav	661644	1105	1			0		other	0
c0509	21	Picture	Wait for response	669207	0	2	5834	2	0	next	other	0
c0509	21	Response	2	674668	5461	0
c0509	22	Sound	lanuga.wav	687045	12005	1			12000		other	0
c0509	23	Picture	ISI	694708	0	1	5167	1	0	next	other	0
c0509	24	Sound	zabetu.wav	701645	1770	1			0		other	0
c0509	25	Picture	Wait for response	709208	0	13	12002	13	0	next	other	0
c0509	25	Response	2	721069	11860	0
c0509	26	Sound	zabetu.wav	733215	12005	1			12000		other	0
c0509	27	Picture	ISI	740878	0	1	5167	1	0	next	other	0
c0509	28	Sound	dizabe.wav	747647	1602	1			0		other	0
c0509	29	Picture	Wait for response	755210	0	13	5002	13	0	next	other	0
c0509	29	Response	3	760109	4899	0
c0509	30	Sound	rokise.wav	772217	12005	1			12000		other	0
c0509	31	Picture	ISI	779880	0	1	5166	2	0	next	other	0
c0509	32	Sound	semipo.wav	786648	1601	1			0		other	0
c0509	33	Picture	Wait for response	794212	0	12	5502	14	0	next	other	0
c0509	33	Response	2	799549	5337	0
c0509	34	Sound	lanuga.wav	811721	12006	1			12000		other	0
c0509	35	Picture	ISI	819383	0	1	5167	1	0	next	other	0
c0509	36	Sound	rokise.wav	825648	1099	1			0		other	0
c0509	37	Picture	Wait for response	833217	0	1	6500	1	0	next	other	0
c0509	37	Response	3	839548	6332	0
c0509	38	Sound	zabetu.wav	851723	12006	1			12000		other	0
c0509	39	Picture	ISI	859385	0	1	5167	1	0	next	other	0
c0509	40	Sound	turoki.wav	865649	1098	1			0		other	0
c0509	41	Picture	Wait for response	873212	0	14	4168	27	0	next	other	0
c0509	41	Response	3	877308	4097	0
c0509	42	Sound	dizabe.wav	889384	12005	1			12000		other	0
c0509	43	Picture	ISI	897054	0	1	5167	1	0	next	other	0
c0509	44	Sound	nugadi.wav	903651	1430	1			0		other	0
c0509	45	Picture	Wait for response	911214	0	15	6508	15	0	next	other	0
c0509	45	Response	2	917549	6335	1
c0509	46	Sound	nugadi.wav	929726	12005	1			12000		other	0
c0509	47	Picture	ISI	937390	0	1	5167	1	0	next	other	0
c0509	48	Sound	lanuga.wav	943652	1096	1			0		other	0
c0509	49	Picture	Wait for response	951215	0	13	6343	13	0	next	other	0
c0509	49	Response	2	957469	6254	0
c0509	50	Sound	turoki.wav	969562	12004	1			12000		other	0
c0509	51	Picture	ISI	977226	0	1	5167	1	0	next	other	0
c0509	52	Sound	mipola.wav	983653	1261	1			0		other	0
c0509	53	Picture	Wait for response	991226	0	1	16501	2	0	next	other	0
c0509	53	Response	2	1007549	16323	0
c0509	54	Sound	turoki.wav	1019731	12004	1			12000		other	0
c0509	55	Picture	ISI	1027395	0	1	5167	1	0	next	other	0
c0509	56	Sound	nugadi.wav	1033655	1093	1			0		other	0
c0509	57	Picture	Wait for response	1041396	0	1	5834	1	0	next	other	0
c0509	57	Response	2	1047069	5673	0
c0509	58	Sound	semipo.wav	1059234	12004	1			12000		other	0
c0509	59	Picture	ISI	1066898	0	1	5167	2	0	next	other	0
c0509	60	Sound	mipola.wav	1073656	1592	1			0		other	0
c0509	61	Picture	Wait for response	1081220	0	13	21513	14	0	next	other	0
c0509	61	Response	3	1102669	21449	0
c0509	62	Sound	semipo.wav	1114736	12003	1			12000		other	0
c0509	63	Picture	ISI	1122401	0	1	5167	1	0	next	other	0
c0509	64	Sound	zabetu.wav	1128658	1090	1			0		other	0
c0509	65	Picture	Wait for response	1136235	0	1	29502	2	0	next	other	0
c0509	65	Response	2	1165549	29314	0
c0509	66	Picture	exp_end	1165737	0	2	34219	2	0	next	other	0


{
   "app": "Presentation Version 20.0 Build 07.26.17",
   "device": "FUJITSU CELSIUS M740B",
   "experiment": "{16CD3F60-04EC-4047-A39C-DBD7F4656802}",
   "os": "Windows 10 64 bit",
   "package": "",
   "parameters": {
      "configuration": "Default configuration"
   },
   "scenario": "RPSL_wordrec.sce",
   "subject": "c0509",
   "timestamp": "2019/09/26 10:58:47 GMT"
}
