Scenario - _RPSL_wordrec
Logfile written - 10/15/2019 16:10:23
      

Subject	Trial	Event Type	Code	Time	TTime	Uncertainty	Duration	Uncertainty	ReqTime	ReqDur	Stim Type	Pair Index

k0503	1	Picture	instruct	333	0	1	561366	2	0	next	other	0
k0503	1	Response	1	561269	560936	0
k0503	2	Sound	mipola.wav	573699	12000	1			12000		other	0
k0503	3	Picture	ISI	581367	0	1	5167	2	0	next	other	0
k0503	4	Sound	lanuga.wav	586665	131	1			0		other	0
k0503	5	Picture	Wait for response	594201	0	1	12001	1	0	next	other	0
k0503	5	Response	2	605989	11788	0
k0503	6	Sound	turoki.wav	618201	11999	1			12000		other	0
k0503	7	Picture	ISI	625870	0	1	5167	1	0	next	other	0
k0503	8	Sound	mipola.wav	631166	129	1			0		other	0
k0503	9	Picture	Wait for response	638704	0	1	6167	2	0	next	other	0
k0503	9	Response	3	644629	5925	0
k0503	10	Sound	turoki.wav	656871	12000	1			12000		other	0
k0503	11	Picture	ISI	664539	0	1	5167	1	0	next	other	0
k0503	12	Sound	nugadi.wav	669867	161	1			0		other	0
k0503	13	Picture	Wait for response	677540	0	1	4167	1	0	next	other	0
k0503	13	Response	2	681509	3970	0
k0503	14	Sound	lanuga.wav	693706	12000	1			12000		other	0
k0503	15	Picture	ISI	701374	0	2	5167	2	0	next	other	0
k0503	16	Sound	rokise.wav	706668	126	1			0		other	0
k0503	17	Picture	Wait for response	714208	0	1	3834	2	0	next	other	0
k0503	17	Response	2	717829	3620	0
k0503	18	Sound	zabetu.wav	730041	11999	1			12000		other	0
k0503	19	Picture	ISI	737710	0	1	5167	1	0	next	other	0
k0503	20	Sound	dizabe.wav	743069	192	1			0		other	0
k0503	21	Picture	Wait for response	750711	0	1	4167	2	0	next	other	0
k0503	21	Response	2	754709	3999	0
k0503	22	Sound	rokise.wav	766877	11999	1			12000		other	0
k0503	23	Picture	ISI	774545	0	1	5167	1	0	next	other	0
k0503	24	Sound	semipo.wav	779869	156	1			0		other	0
k0503	25	Picture	Wait for response	787546	0	1	21668	1	0	next	other	0
k0503	25	Response	2	809029	21483	0
k0503	26	Sound	semipo.wav	821215	12000	1			12000		other	0
k0503	27	Picture	ISI	828882	0	1	5167	1	0	next	other	0
k0503	28	Sound	zabetu.wav	834171	122	1			0		other	0
k0503	29	Picture	Wait for response	841716	0	1	12834	2	0	next	other	0
k0503	29	Response	2	854469	12753	0
k0503	30	Sound	zabetu.wav	866549	11999	1			12000		other	0
k0503	31	Picture	ISI	874218	0	1	5167	1	0	next	other	0
k0503	32	Sound	turoki.wav	879572	187	1			0		other	0
k0503	33	Picture	Wait for response	887219	0	1	6167	1	0	next	other	0
k0503	33	Response	2	893190	5971	0
k0503	34	Sound	nugadi.wav	905386	12000	1			12000		other	0
k0503	35	Picture	ISI	913054	0	1	5167	1	0	next	other	0
k0503	36	Sound	semipo.wav	918374	153	1			0		other	0
k0503	37	Picture	Wait for response	926054	0	1	5000	2	0	next	other	0
k0503	37	Response	3	930870	4815	0
k0503	38	Sound	nugadi.wav	943053	11998	1			12000		other	0
k0503	39	Picture	ISI	950722	0	1	5167	2	0	next	other	0
k0503	40	Sound	lanuga.wav	956075	185	1			0		other	0
k0503	41	Picture	Wait for response	963723	0	1	3167	2	0	next	other	0
k0503	41	Response	2	966709	2986	0
k0503	42	Sound	rokise.wav	978889	11999	1			12000		other	0
k0503	43	Picture	ISI	986558	0	1	5167	1	0	next	other	0
k0503	44	Sound	turoki.wav	991875	150	1			0		other	0
k0503	45	Picture	Wait for response	999559	0	1	4167	2	0	next	other	0
k0503	45	Response	3	1003589	4030	0
k0503	46	Sound	mipola.wav	1015725	12000	1			12000		other	0
k0503	47	Picture	ISI	1023393	0	1	5167	2	0	next	other	0
k0503	48	Sound	dizabe.wav	1028676	115	1			0		other	0
k0503	49	Picture	Wait for response	1036228	0	1	4500	1	0	next	other	0
k0503	49	Response	2	1040629	4402	0
k0503	50	Sound	semipo.wav	1052727	11999	1			12000		other	0
k0503	51	Picture	ISI	1060396	0	1	5167	1	0	next	other	0
k0503	52	Sound	mipola.wav	1065678	115	1			0		other	0
k0503	53	Picture	Wait for response	1073230	0	1	15501	1	0	next	other	0
k0503	53	Response	2	1088629	15399	0
k0503	54	Sound	dizabe.wav	1100730	12000	1			12000		other	0
k0503	55	Picture	ISI	1108398	0	1	5167	1	0	next	other	0
k0503	56	Sound	rokise.wav	1113678	113	1			0		other	0
k0503	57	Picture	Wait for response	1121233	0	1	11001	1	0	next	other	0
k0503	57	Response	2	1132069	10836	0
k0503	58	Sound	lanuga.wav	1144234	12000	1			12000		other	0
k0503	59	Picture	ISI	1151901	0	1	5167	2	0	next	other	0
k0503	60	Sound	zabetu.wav	1157180	112	1			0		other	0
k0503	61	Picture	Wait for response	1164735	0	1	834	2	0	next	other	0
k0503	61	Response	3	1165509	774	0
k0503	62	Sound	dizabe.wav	1177568	11999	1			12000		other	0
k0503	63	Picture	ISI	1185236	0	1	5167	2	0	next	other	0
k0503	64	Sound	nugadi.wav	1190581	177	1			0		other	0
k0503	65	Picture	Wait for response	1198237	0	1	17834	2	0	next	other	0
k0503	65	Response	3	1215909	17672	0
k0503	66	Picture	exp_end	1216072	0	1	31777	1	0	next	other	0


{
   "app": "Presentation Version 20.0 Build 07.26.17",
   "device": "FUJITSU CELSIUS M740B",
   "experiment": "{16CD3F60-04EC-4047-A39C-DBD7F4656802}",
   "os": "Windows 10 64 bit",
   "package": "",
   "parameters": {
      "configuration": "Default configuration"
   },
   "scenario": "RPSL_wordrec.sce",
   "subject": "k0503",
   "timestamp": "2019/10/15 14:08:05 GMT"
}
