Scenario - _RPSL_wordrec
Logfile written - 10/08/2019 13:49:27
      

Subject	Trial	Event Type	Code	Time	TTime	Uncertainty	Duration	Uncertainty	ReqTime	ReqDur	Stim Type	Pair Index

j2010	1	Picture	instruct	666	0	1	504364	2	0	next	other	0
j2010	1	Response	1	504803	504137	0
j2010	2	Sound	nugadi.wav	517029	12000	1			12000		other	0
j2010	3	Picture	ISI	524697	0	2	5168	3	0	next	other	0
j2010	4	Sound	lanuga.wav	529962	97	1			0		other	0
j2010	5	Picture	Wait for response	537532	0	1	7501	1	0	next	other	0
j2010	5	Response	3	544643	7111	0
j2010	6	Sound	lanuga.wav	557031	11999	1			12000		other	0
j2010	7	Picture	ISI	564700	0	1	5167	1	0	next	other	0
j2010	8	Sound	zabetu.wav	570063	196	1			0		other	0
j2010	9	Picture	Wait for response	577701	0	1	7834	1	0	next	other	0
j2010	9	Response	3	585283	7582	0
j2010	10	Sound	mipola.wav	597534	12000	1			12000		other	0
j2010	11	Picture	ISI	605203	0	1	5167	1	0	next	other	0
j2010	12	Sound	dizabe.wav	610565	195	1			0		other	0
j2010	13	Picture	Wait for response	618203	0	1	3167	1	0	next	other	0
j2010	13	Response	2	621283	3079	0
j2010	14	Sound	mipola.wav	633369	11999	1			12000		other	0
j2010	15	Picture	ISI	641038	0	1	5167	2	0	next	other	0
j2010	16	Sound	lanuga.wav	646365	160	1			0		other	0
j2010	17	Picture	Wait for response	654039	0	1	4167	1	0	next	other	0
j2010	17	Response	3	658003	3964	0
j2010	18	Sound	zabetu.wav	670205	12000	1			12000		other	0
j2010	19	Picture	ISI	677874	0	1	5167	1	0	next	other	0
j2010	20	Sound	turoki.wav	683167	126	1			0		other	0
j2010	21	Picture	Wait for response	690708	0	1	12001	1	0	next	other	0
j2010	21	Response	3	702483	11775	0
j2010	22	Sound	semipo.wav	714708	12000	1			12000		other	0
j2010	23	Picture	ISI	722376	0	1	5167	2	0	next	other	0
j2010	24	Sound	mipola.wav	727668	125	1			0		other	0
j2010	25	Picture	Wait for response	735210	0	1	12667	2	0	next	other	0
j2010	25	Response	3	747763	12552	0
j2010	26	Sound	turoki.wav	759877	12000	1			12000		other	0
j2010	27	Picture	ISI	767545	0	1	5167	2	0	next	other	0
j2010	28	Sound	nugadi.wav	772869	156	1			0		other	0
j2010	29	Picture	Wait for response	780546	0	1	9501	2	0	next	other	0
j2010	29	Response	2	789923	9377	0
j2010	30	Sound	nugadi.wav	802047	12000	1			12000		other	0
j2010	31	Picture	ISI	809715	0	1	5167	1	0	next	other	0
j2010	32	Sound	semipo.wav	815070	188	1			0		other	0
j2010	33	Picture	Wait for response	822716	0	1	7667	2	0	next	other	0
j2010	33	Response	2	830243	7527	0
j2010	34	Sound	turoki.wav	842381	11999	1			12000		other	0
j2010	35	Picture	ISI	850050	0	2	5167	2	0	next	other	0
j2010	36	Sound	mipola.wav	855371	154	1			0		other	0
j2010	37	Picture	Wait for response	863051	0	1	7667	2	0	next	other	0
j2010	37	Response	2	870643	7592	0
j2010	38	Sound	semipo.wav	882719	12001	1			12000		other	0
j2010	39	Picture	ISI	890386	0	1	5167	1	0	next	other	0
j2010	40	Sound	zabetu.wav	895672	118	1			0		other	0
j2010	41	Picture	Wait for response	903220	0	2	14335	2	0	next	other	0
j2010	41	Response	3	917443	14223	0
j2010	42	Sound	dizabe.wav	929554	11999	1			12000		other	0
j2010	43	Picture	ISI	937222	0	1	5167	2	0	next	other	0
j2010	44	Sound	nugadi.wav	942574	184	1			0		other	0
j2010	45	Picture	Wait for response	950223	0	1	2334	2	0	next	other	0
j2010	45	Response	3	952403	2180	0
j2010	46	Sound	rokise.wav	964559	12002	1			12000		other	0
j2010	47	Picture	ISI	972224	0	1	5167	1	0	next	other	0
j2010	48	Sound	semipo.wav	977575	183	1			0		other	0
j2010	49	Picture	Wait for response	985225	0	1	3834	1	0	next	other	0
j2010	49	Response	3	988883	3658	0
j2010	50	Sound	lanuga.wav	1001059	12000	1			12000		other	0
j2010	51	Picture	ISI	1008727	0	1	5167	2	0	next	other	0
j2010	52	Sound	rokise.wav	1014076	182	1			0		other	0
j2010	53	Picture	Wait for response	1021728	0	1	3834	1	0	next	other	0
j2010	53	Response	2	1025443	3715	0
j2010	54	Sound	rokise.wav	1037561	12000	1			12000		other	0
j2010	55	Picture	ISI	1045229	0	1	5167	1	0	next	other	0
j2010	56	Sound	turoki.wav	1050577	181	1			0		other	0
j2010	57	Picture	Wait for response	1058230	0	1	6000	2	0	next	other	0
j2010	57	Response	3	1064163	5933	0
j2010	58	Sound	zabetu.wav	1076229	11999	1			12000		other	0
j2010	59	Picture	ISI	1083898	0	1	5167	1	0	next	other	0
j2010	60	Sound	dizabe.wav	1089178	114	1			0		other	0
j2010	61	Picture	Wait for response	1096732	0	1	9334	1	0	next	other	0
j2010	61	Response	2	1105923	9191	0
j2010	62	Sound	dizabe.wav	1118066	12000	1			12000		other	0
j2010	63	Picture	ISI	1125734	0	1	5167	2	0	next	other	0
j2010	64	Sound	rokise.wav	1131079	178	1			0		other	0
j2010	65	Picture	Wait for response	1138735	0	1	16168	1	0	next	other	0
j2010	65	Response	2	1154803	16069	0
j2010	66	Picture	exp_end	1154902	0	1	32061	1	0	next	other	0


{
   "app": "Presentation Version 20.0 Build 07.26.17",
   "device": "FUJITSU CELSIUS M740B",
   "experiment": "{16CD3F60-04EC-4047-A39C-DBD7F4656802}",
   "os": "Windows 10 64 bit",
   "package": "",
   "parameters": {
      "configuration": "Default configuration"
   },
   "scenario": "RPSL_wordrec.sce",
   "subject": "j2010",
   "timestamp": "2019/10/08 11:47:21 GMT"
}
