Scenario - _RPSL_wordrec
Logfile written - 09/19/2019 09:54:02

Subject	Trial	Event Type	Code	Time	TTime	Uncertainty	Duration	Uncertainty	ReqTime	ReqDur	Stim Type	Pair Index

t0204	1	Picture	instruct	166	0	1	355522	1	0	next	other	0
t0204	1	Response	1	355581	355415	0
t0204	2	Sound	lanuga.wav	367658	11970	1			12000		other	0
t0204	3	Picture	ISI	375190	0	1	5167	1	0	next	other	0
t0204	4	Sound	rokise.wav	381335	979	1			0		other	0
t0204	5	Picture	Wait for response	389024	0	2	44837	2	0	next	other	0
t0204	5	Response	3	433661	44637	0
t0204	6	Sound	semipo.wav	445835	11975	1			12000		other	0
t0204	7	Picture	ISI	453361	0	1	5167	1	0	next	other	0
t0204	8	Sound	zabetu.wav	460337	1808	1			0		other	0
t0204	9	Picture	Wait for response	468029	0	2	14334	2	0	next	other	0
t0204	9	Response	2	482221	14192	0
t0204	10	Sound	turoki.wav	494340	11977	1			12000		other	0
t0204	11	Picture	ISI	502031	0	1	5167	1	0	next	other	0
t0204	12	Sound	nugadi.wav	508339	1141	1			0		other	0
t0204	13	Picture	Wait for response	515865	0	2	26169	2	0	next	other	0
t0204	13	Response	3	541901	26036	0
t0204	14	Sound	mipola.wav	554014	11980	1			12000		other	0
t0204	15	Picture	ISI	561701	0	1	5167	1	0	next	other	0
t0204	16	Sound	lanuga.wav	568341	1473	1			0		other	0
t0204	17	Picture	Wait for response	575869	0	1	21168	1	0	next	other	0
t0204	17	Response	2	596861	20992	0
t0204	18	Sound	dizabe.wav	609019	11982	1			12000		other	0
t0204	19	Picture	ISI	616705	0	1	5167	1	0	next	other	0
t0204	20	Sound	nugadi.wav	623342	1470	1			0		other	0
t0204	21	Picture	Wait for response	630872	0	1	15001	1	0	next	other	0
t0204	21	Response	3	645741	14868	0
t0204	22	Sound	rokise.wav	657856	11982	1			12000		other	0
t0204	23	Picture	ISI	665541	0	1	5167	2	0	next	other	0
t0204	24	Sound	turoki.wav	672344	1635	1			0		other	0
t0204	25	Picture	Wait for response	679876	0	1	14834	1	0	next	other	0
t0204	25	Response	2	694621	14745	0
t0204	26	Sound	lanuga.wav	706694	11984	1			12000		other	0
t0204	27	Picture	ISI	714378	0	1	5167	2	0	next	other	0
t0204	28	Sound	zabetu.wav	721345	1801	1			0		other	0
t0204	29	Picture	Wait for response	728879	0	1	20335	1	0	next	other	0
t0204	29	Response	2	749021	20143	0
t0204	30	Sound	mipola.wav	761199	11986	1			12000		other	0
t0204	31	Picture	ISI	768881	0	1	5167	1	0	next	other	0
t0204	32	Sound	dizabe.wav	775347	1299	1			0		other	0
t0204	33	Picture	Wait for response	782882	0	1	6501	1	0	next	other	0
t0204	33	Response	2	789261	6379	0
t0204	34	Sound	semipo.wav	801369	11986	1			12000		other	0
t0204	35	Picture	ISI	809050	0	1	5167	1	0	next	other	0
t0204	36	Sound	mipola.wav	815349	1132	1			0		other	0
t0204	37	Picture	Wait for response	822885	0	1	44336	1	0	next	other	0
t0204	37	Response	2	867021	44137	0
t0204	38	Sound	nugadi.wav	879208	11988	1			12000		other	0
t0204	39	Picture	ISI	886889	0	1	5167	1	0	next	other	0
t0204	40	Sound	lanuga.wav	893351	1295	1			0		other	0
t0204	41	Picture	Wait for response	900889	0	1	36169	1	0	next	other	0
t0204	41	Response	2	936941	36052	0
t0204	42	Sound	zabetu.wav	949046	11988	1			12000		other	0
t0204	43	Picture	ISI	956726	0	1	5167	1	0	next	other	0
t0204	44	Sound	dizabe.wav	963353	1460	1			0		other	0
t0204	45	Picture	Wait for response	970894	0	1	20501	1	0	next	other	0
t0204	45	Response	3	991262	20368	0
t0204	46	Sound	nugadi.wav	1003384	11989	1			12000		other	0
t0204	47	Picture	ISI	1011063	0	1	5167	1	0	next	other	0
t0204	48	Sound	semipo.wav	1017354	1124	1			0		other	0
t0204	49	Picture	Wait for response	1024897	0	1	12834	2	0	next	other	0
t0204	49	Response	3	1037582	12685	0
t0204	50	Sound	dizabe.wav	1049720	11989	1			12000		other	0
t0204	51	Picture	ISI	1057399	0	1	5167	1	0	next	other	0
t0204	52	Sound	rokise.wav	1064357	1790	1			0		other	0
t0204	53	Picture	Wait for response	1071900	0	1	29502	2	0	next	other	0
t0204	53	Response	3	1101262	29362	0
t0204	54	Sound	turoki.wav	1113391	11989	1			12000		other	0
t0204	55	Picture	ISI	1121070	0	1	5167	1	0	next	other	0
t0204	56	Sound	mipola.wav	1127358	1121	1			0		other	0
t0204	57	Picture	Wait for response	1134904	0	1	8167	1	0	next	other	0
t0204	57	Response	3	1142941	8038	0
t0204	58	Sound	zabetu.wav	1155061	11990	1			12000		other	0
t0204	59	Picture	ISI	1162739	0	1	5167	1	0	next	other	0
t0204	60	Sound	turoki.wav	1169360	1453	1			0		other	0
t0204	61	Picture	Wait for response	1176907	0	1	12001	1	0	next	other	0
t0204	61	Response	3	1188862	11955	0
t0204	62	Sound	rokise.wav	1200899	11991	1			12000		other	0
t0204	63	Picture	ISI	1208575	0	1	5167	1	0	next	other	0
t0204	64	Sound	semipo.wav	1215361	1618	1			0		other	0
t0204	65	Picture	Wait for response	1222910	0	1	4834	1	0	next	other	0
t0204	65	Response	2	1227662	4753	0
t0204	66	Picture	exp_end	1227743	0	1	33925	1	0	next	other	0


{
   "app": "Presentation Version 20.0 Build 07.26.17",
   "device": "FUJITSU CELSIUS M740B",
   "experiment": "{16CD3F60-04EC-4047-A39C-DBD7F4656802}",
   "os": "Windows 10 64 bit",
   "package": "",
   "parameters": {
      "configuration": "Default configuration"
   },
   "scenario": "RPSL_wordrec.sce",
   "subject": "t0204",
   "timestamp": "2019/09/19 07:51:43 GMT"
}
