Scenario - _RPSL_wordrec
Logfile written - 10/11/2019 12:56:04
      

Subject	Trial	Event Type	Code	Time	TTime	Uncertainty	Duration	Uncertainty	ReqTime	ReqDur	Stim Type	Pair Index

f1903	1	Picture	instruct	333	0	1	105840	1	0	next	other	0
f1903	1	Response	1	106017	105684	0
f1903	2	Sound	semipo.wav	118174	12001	1			12000		other	0
f1903	3	Picture	ISI	125841	0	1	5167	1	0	next	other	0
f1903	4	Sound	mipola.wav	131152	144	1			0		other	0
f1903	5	Picture	Wait for response	138841	0	1	13167	2	0	next	other	0
f1903	5	Response	2	151856	13015	0
f1903	6	Sound	semipo.wav	164008	12000	1			12000		other	0
f1903	7	Picture	ISI	171677	0	1	5167	2	0	next	other	0
f1903	8	Sound	zabetu.wav	176954	110	1			0		other	0
f1903	9	Picture	Wait for response	184511	0	1	7834	1	0	next	other	0
f1903	9	Response	2	192017	7506	0
f1903	10	Sound	turoki.wav	204345	12000	1			12000		other	0
f1903	11	Picture	ISI	212013	0	1	5167	1	0	next	other	0
f1903	12	Sound	nugadi.wav	217355	175	1			0		other	0
f1903	13	Picture	Wait for response	225014	0	1	9500	3	0	next	other	0
f1903	13	Response	2	234416	9403	0
f1903	14	Sound	nugadi.wav	246513	11999	1			12000		other	0
f1903	15	Picture	ISI	254182	0	1	5167	1	0	next	other	0
f1903	16	Sound	semipo.wav	259455	106	1			0		other	0
f1903	17	Picture	Wait for response	267016	0	1	5000	1	0	next	other	0
f1903	17	Response	3	271777	4760	0
f1903	18	Sound	lanuga.wav	284016	12000	1			12000		other	0
f1903	19	Picture	ISI	291684	0	2	5168	3	0	next	other	0
f1903	20	Sound	rokise.wav	296957	105	1			0		other	0
f1903	21	Picture	Wait for response	304519	0	1	6334	2	0	next	other	0
f1903	21	Response	3	310417	5898	0
f1903	22	Sound	zabetu.wav	322851	11999	1			12000		other	0
f1903	23	Picture	ISI	330520	0	1	5167	1	0	next	other	0
f1903	24	Sound	dizabe.wav	335858	171	1			0		other	0
f1903	25	Picture	Wait for response	343521	0	1	9834	1	0	next	other	0
f1903	25	Response	3	353297	9776	0
f1903	26	Sound	turoki.wav	365355	12000	1			12000		other	0
f1903	27	Picture	ISI	373023	0	1	5167	1	0	next	other	0
f1903	28	Sound	mipola.wav	378359	169	1			0		other	0
f1903	29	Picture	Wait for response	386024	0	1	6667	1	0	next	other	0
f1903	29	Response	3	392577	6553	0
f1903	30	Sound	nugadi.wav	404690	12000	1			12000		other	0
f1903	31	Picture	ISI	412358	0	2	5167	2	0	next	other	0
f1903	32	Sound	lanuga.wav	417661	135	1			0		other	0
f1903	33	Picture	Wait for response	425193	0	1	4167	1	0	next	other	0
f1903	33	Response	2	429297	4104	0
f1903	34	Sound	zabetu.wav	441359	12000	1			12000		other	0
f1903	35	Picture	ISI	449028	0	1	5167	1	0	next	other	0
f1903	36	Sound	turoki.wav	454362	167	1			0		other	0
f1903	37	Picture	Wait for response	462028	0	2	7168	2	0	next	other	0
f1903	37	Response	2	469137	7109	0
f1903	38	Sound	dizabe.wav	481195	11999	1			12000		other	0
f1903	39	Picture	ISI	488863	0	1	5167	2	0	next	other	0
f1903	40	Sound	rokise.wav	494163	133	1			0		other	0
f1903	41	Picture	Wait for response	501698	0	1	5834	1	0	next	other	0
f1903	41	Response	2	507377	5680	0
f1903	42	Sound	dizabe.wav	519532	12001	1			12000		other	0
f1903	43	Picture	ISI	527199	0	1	5167	1	0	next	other	0
f1903	44	Sound	nugadi.wav	532564	198	1			0		other	0
f1903	45	Picture	Wait for response	540200	0	1	5834	1	0	next	other	0
f1903	45	Response	2	545857	5658	0
f1903	46	Sound	rokise.wav	558034	12000	1			12000		other	0
f1903	47	Picture	ISI	565702	0	1	5167	1	0	next	other	0
f1903	48	Sound	turoki.wav	571065	197	1			0		other	0
f1903	49	Picture	Wait for response	578702	0	1	4167	1	0	next	other	0
f1903	49	Response	3	582658	3955	0
f1903	50	Sound	mipola.wav	594869	12000	1			12000		other	0
f1903	51	Picture	ISI	602537	0	1	5167	1	0	next	other	0
f1903	52	Sound	lanuga.wav	607867	162	1			0		other	0
f1903	53	Picture	Wait for response	615538	0	1	2167	1	0	next	other	0
f1903	53	Response	2	617617	2079	0
f1903	54	Sound	rokise.wav	629705	12000	1			12000		other	0
f1903	55	Picture	ISI	637373	0	1	5167	1	0	next	other	0
f1903	56	Sound	semipo.wav	642667	127	1			0		other	0
f1903	57	Picture	Wait for response	650207	0	1	4167	2	0	next	other	0
f1903	57	Response	3	654338	4131	0
f1903	58	Sound	mipola.wav	666373	11999	1			12000		other	0
f1903	59	Picture	ISI	674041	0	2	5167	2	0	next	other	0
f1903	60	Sound	dizabe.wav	679368	160	1			0		other	0
f1903	61	Picture	Wait for response	687043	0	1	3167	1	0	next	other	0
f1903	61	Response	3	690018	2975	0
f1903	62	Sound	lanuga.wav	702209	12000	1			12000		other	0
f1903	63	Picture	ISI	709877	0	1	5167	1	0	next	other	0
f1903	64	Sound	zabetu.wav	715170	126	1			0		other	0
f1903	65	Picture	Wait for response	722711	0	2	6667	2	0	next	other	0
f1903	65	Response	3	729218	6506	0
f1903	66	Picture	exp_end	729378	0	1	31977	1	0	next	other	0


{
   "app": "Presentation Version 20.0 Build 07.26.17",
   "device": "FUJITSU CELSIUS M740B",
   "experiment": "{16CD3F60-04EC-4047-A39C-DBD7F4656802}",
   "os": "Windows 10 64 bit",
   "package": "",
   "parameters": {
      "configuration": "Default configuration"
   },
   "scenario": "RPSL_wordrec.sce",
   "subject": "f1903",
   "timestamp": "2019/10/11 10:54:33 GMT"
}
