Scenario - _RPSL_wordrec
Logfile written - 10/11/2019 12:54:25
      

Subject	Trial	Event Type	Code	Time	TTime	Uncertainty	Duration	Uncertainty	ReqTime	ReqDur	Stim Type	Pair Index

f1903	1	Picture	instruct	333	0	1	268684	2	0	next	other	0
f1903	1	Response	1	268666	268333	0
f1903	2	Sound	semipo.wav	281016	11999	1			12000		other	0
f1903	3	Picture	ISI	288684	0	1	13268	1	0	next	other	0
f1903	3	Quit		289546	862	NA


{
   "app": "Presentation Version 20.0 Build 07.26.17",
   "device": "FUJITSU CELSIUS M740B",
   "experiment": "{16CD3F60-04EC-4047-A39C-DBD7F4656802}",
   "os": "Windows 10 64 bit",
   "package": "",
   "parameters": {
      "configuration": "Default configuration"
   },
   "scenario": "RPSL_wordrec.sce",
   "subject": "f1903",
   "timestamp": "2019/10/11 10:53:37 GMT"
}
