Scenario - _RPSL_wordrec
Logfile written - 09/18/2019 11:48:28

Subject	Trial	Event Type	Code	Time	TTime	Uncertainty	Duration	Uncertainty	ReqTime	ReqDur	Stim Type	Pair Index

b1912	1	Picture	instruct	166	0	1	466027	1	0	next	other	0
b1912	1	Response	1	466081	465915	0
b1912	2	Sound	lanuga.wav	478178	11985	1			12000		other	0
b1912	3	Picture	ISI	485861	0	1	5167	1	0	next	other	0
b1912	4	Sound	rokise.wav	492045	1016	1			0		other	0
b1912	5	Picture	Wait for response	499695	0	1	22168	1	0	next	other	0
b1912	5	Response	3	521761	22066	0
b1912	6	Sound	nugadi.wav	533850	11987	1			12000		other	0
b1912	7	Picture	ISI	541531	0	1	5167	1	0	next	other	0
b1912	8	Sound	lanuga.wav	548046	1348	1			0		other	0
b1912	9	Picture	Wait for response	555699	0	1	4167	2	0	next	other	0
b1912	9	Response	2	559681	3982	0
b1912	10	Sound	dizabe.wav	571852	11987	1			12000		other	0
b1912	11	Picture	ISI	579533	0	1	5167	1	0	next	other	0
b1912	12	Sound	nugadi.wav	586047	1347	1			0		other	0
b1912	13	Picture	Wait for response	593701	0	1	3833	1	0	next	other	0
b1912	13	Response	3	597361	3660	0
b1912	14	Sound	nugadi.wav	609522	11988	1			12000		other	0
b1912	15	Picture	ISI	617202	0	1	5167	1	0	next	other	0
b1912	16	Sound	semipo.wav	624048	1679	1			0		other	0
b1912	17	Picture	Wait for response	631703	0	1	3000	1	0	next	other	0
b1912	17	Response	2	634561	2858	0
b1912	18	Sound	dizabe.wav	646692	11989	1			12000		other	0
b1912	19	Picture	ISI	654371	0	1	5166	3	0	next	other	0
b1912	20	Sound	rokise.wav	661048	1511	1			0		other	0
b1912	21	Picture	Wait for response	668705	0	1	4167	1	0	next	other	0
b1912	21	Response	3	672800	4095	0
b1912	22	Sound	lanuga.wav	684861	11989	1			12000		other	0
b1912	23	Picture	ISI	692540	0	1	5167	2	0	next	other	0
b1912	24	Sound	zabetu.wav	699050	1343	1			0		other	0
b1912	25	Picture	Wait for response	706707	0	1	6334	1	0	next	other	0
b1912	25	Response	3	712880	6173	0
b1912	26	Sound	turoki.wav	725030	11989	1			12000		other	0
b1912	27	Picture	ISI	732709	0	1	5167	1	0	next	other	0
b1912	28	Sound	mipola.wav	739051	1175	1			0		other	0
b1912	29	Picture	Wait for response	746710	0	1	5000	1	0	next	other	0
b1912	29	Response	3	751600	4890	0
b1912	30	Sound	semipo.wav	763700	11990	1			12000		other	0
b1912	31	Picture	ISI	771378	0	1	5167	1	0	next	other	0
b1912	32	Sound	mipola.wav	778052	1508	1			0		other	0
b1912	33	Picture	Wait for response	785712	0	1	6334	1	0	next	other	0
b1912	33	Response	3	791920	6208	0
b1912	34	Sound	mipola.wav	804037	11992	1			12000		other	0
b1912	35	Picture	ISI	811713	0	2	5168	2	0	next	other	0
b1912	36	Sound	dizabe.wav	818053	1173	1			0		other	0
b1912	37	Picture	Wait for response	825713	0	2	2834	2	0	next	other	0
b1912	37	Response	2	828400	2686	0
b1912	38	Sound	rokise.wav	840540	11992	1			12000		other	0
b1912	39	Picture	ISI	848215	0	1	5167	1	0	next	other	0
b1912	40	Sound	semipo.wav	855053	1671	1			0		other	0
b1912	41	Picture	Wait for response	862716	0	1	2834	1	0	next	other	0
b1912	41	Response	3	865440	2723	0
b1912	42	Sound	turoki.wav	877542	11992	1			12000		other	0
b1912	43	Picture	ISI	885218	0	1	5167	1	0	next	other	0
b1912	44	Sound	nugadi.wav	892055	1671	1			0		other	0
b1912	45	Picture	Wait for response	899718	0	2	1834	3	0	next	other	0
b1912	45	Response	3	901440	1721	0
b1912	46	Sound	semipo.wav	913544	11992	1			12000		other	0
b1912	47	Picture	ISI	921220	0	1	5167	1	0	next	other	0
b1912	48	Sound	zabetu.wav	928056	1670	1			0		other	0
b1912	49	Picture	Wait for response	935721	0	1	4000	1	0	next	other	0
b1912	49	Response	3	939599	3879	0
b1912	50	Sound	zabetu.wav	951712	11991	1			12000		other	0
b1912	51	Picture	ISI	959389	0	1	5167	1	0	next	other	0
b1912	52	Sound	dizabe.wav	966057	1501	1			0		other	0
b1912	53	Picture	Wait for response	973723	0	1	2833	2	0	next	other	0
b1912	53	Response	2	976399	2677	0
b1912	54	Sound	rokise.wav	988548	11992	1			12000		other	0
b1912	55	Picture	ISI	996224	0	1	5167	1	0	next	other	0
b1912	56	Sound	turoki.wav	1003058	1667	1			0		other	0
b1912	57	Picture	Wait for response	1010725	0	2	7001	2	0	next	other	0
b1912	57	Response	2	1017679	6955	0
b1912	58	Sound	zabetu.wav	1029718	11993	1			12000		other	0
b1912	59	Picture	ISI	1037393	0	1	5167	2	0	next	other	0
b1912	60	Sound	turoki.wav	1044059	1499	1			0		other	0
b1912	61	Picture	Wait for response	1051727	0	1	3000	1	0	next	other	0
b1912	61	Response	2	1054559	2832	0
b1912	62	Sound	mipola.wav	1066720	11992	1			12000		other	0
b1912	63	Picture	ISI	1074395	0	1	5167	2	0	next	other	0
b1912	64	Sound	lanuga.wav	1081061	1499	1			0		other	0
b1912	65	Picture	Wait for response	1088729	0	1	8834	1	0	next	other	0
b1912	65	Response	3	1097439	8710	0
b1912	66	Picture	exp_end	1097563	0	1	33898	1	0	next	other	0


{
   "app": "Presentation Version 20.0 Build 07.26.17",
   "device": "FUJITSU CELSIUS M740B",
   "experiment": "{16CD3F60-04EC-4047-A39C-DBD7F4656802}",
   "os": "Windows 10 64 bit",
   "package": "",
   "parameters": {
      "configuration": "Default configuration"
   },
   "scenario": "RPSL_wordrec.sce",
   "subject": "b1912",
   "timestamp": "2019/09/18 09:46:25 GMT"
}
